{"@timestamp":"2026-07-10T12:11:56Z","host":{"name":"WS-HR-014","id":"ad83321fde080277539f52036ef6b302","os":{"type":"windows"}},"user":{"name":"m.iyer","domain":"NEXUS","id":"81af19ed413300b2bd1731334525adc5"},"winlog":{"event_id":1,"channel":"Microsoft-Windows-Sysmon/Operational","provider_name":"Microsoft-Windows-Sysmon"},"labels":{"environment":"training-production-sim","sensor":"sysmon","dataset_version":"1.0"},"lab":{"expected":false,"malicious":false,"scenario":"enterprise_baseline","event_uid":"benign-process-0072"},"event":{"category":"process","type":"start","code":"1","action":"process-created"},"process":{"name":"certutil.exe","executable":"C:\\Windows\\System32\\certutil.exe","command_line":"certutil.exe -verify C:\\Company\\Certificates\\vpn.cer","entity_id":"a9c8f6f23d47d986f402537e77d0ade3","pid":3072,"hash":{"sha256":"f80f6bd62952af830c556db654f4a29b55de878e7dddb4070d68bf683ee97751"},"parent":{"name":"mmc.exe","executable":"C:\\Windows\\System32\\mmc.exe","command_line":"mmc.exe certlm.msc","entity_id":"072da036988ab3b485627fda8a9e3507","pid":1272}}}
{"@timestamp":"2026-07-10T12:12:12Z","host":{"name":"WS-FIN-023","id":"bbf9a520210632f02f6c807c1b796c30","os":{"type":"windows"}},"user":{"name":"svc_backup","domain":"NEXUS","id":"34f8d28bdfa993c614df456a860fc6a2"},"winlog":{"event_id":1,"channel":"Microsoft-Windows-Sysmon/Operational","provider_name":"Microsoft-Windows-Sysmon"},"labels":{"environment":"training-production-sim","sensor":"sysmon","dataset_version":"1.0"},"lab":{"expected":false,"malicious":false,"scenario":"enterprise_baseline","event_uid":"benign-process-0092"},"event":{"category":"process","type":"start","code":"1","action":"process-created"},"process":{"name":"cmd.exe","executable":"C:\\Windows\\System32\\cmd.exe","command_line":"cmd.exe /c ipconfig /all","entity_id":"2ee4663d0c46963292a33755fcb5fea0","pid":3092,"hash":{"sha256":"f6892cfdcf96ea9cf30d89e4a515f57de20c491674cbf68fb46588294cbe0337"},"parent":{"name":"explorer.exe","executable":"C:\\Windows\\explorer.exe","command_line":"explorer.exe","entity_id":"1393e20c825d8b42c559761e3e629c25","pid":1292}}}
{"@timestamp":"2026-07-10T12:12:16Z","host":{"name":"WS-HR-014","id":"ad83321fde080277539f52036ef6b302","os":{"type":"windows"}},"user":{"name":"j.singh","domain":"NEXUS","id":"23db57ce76ce9f4e0e4c0c6830a536e2"},"winlog":{"event_id":1,"channel":"Microsoft-Windows-Sysmon/Operational","provider_name":"Microsoft-Windows-Sysmon"},"labels":{"environment":"training-production-sim","sensor":"sysmon","dataset_version":"1.0"},"lab":{"expected":false,"malicious":false,"scenario":"enterprise_baseline","event_uid":"benign-process-0037"},"event":{"category":"process","type":"start","code":"1","action":"process-created"},"process":{"name":"cmd.exe","executable":"C:\\Windows\\System32\\cmd.exe","command_line":"cmd.exe /c ipconfig /all","entity_id":"25114cd51c853d7b957b302c44242c87","pid":3037,"hash":{"sha256":"f6892cfdcf96ea9cf30d89e4a515f57de20c491674cbf68fb46588294cbe0337"},"parent":{"name":"explorer.exe","executable":"C:\\Windows\\explorer.exe","command_line":"explorer.exe","entity_id":"fc1a14599ad4ca8fd3c322eadc413092","pid":1237}}}
{"@timestamp":"2026-07-10T12:12:32Z","host":{"name":"WS-HR-014","id":"ad83321fde080277539f52036ef6b302","os":{"type":"windows"}},"user":{"name":"svc_backup","domain":"NEXUS","id":"34f8d28bdfa993c614df456a860fc6a2"},"winlog":{"event_id":1,"channel":"Microsoft-Windows-Sysmon/Operational","provider_name":"Microsoft-Windows-Sysmon"},"labels":{"environment":"training-production-sim","sensor":"sysmon","dataset_version":"1.0"},"lab":{"expected":false,"malicious":false,"scenario":"enterprise_baseline","event_uid":"benign-process-0084"},"event":{"category":"process","type":"start","code":"1","action":"process-created"},"process":{"name":"cmd.exe","executable":"C:\\Windows\\System32\\cmd.exe","command_line":"cmd.exe /c ipconfig /all","entity_id":"6870cdd891988b395e2b638cdc9e1245","pid":3084,"hash":{"sha256":"f6892cfdcf96ea9cf30d89e4a515f57de20c491674cbf68fb46588294cbe0337"},"parent":{"name":"explorer.exe","executable":"C:\\Windows\\explorer.exe","command_line":"explorer.exe","entity_id":"3e21b06beefe987691ef77ba18bfbf7e","pid":1284}}}
{"@timestamp":"2026-07-10T12:12:46Z","host":{"name":"SRV-APP-07","id":"143e4582f963bab8386e582a5f16a894","os":{"type":"windows"}},"user":{"name":"svc_sccm","domain":"NEXUS","id":"2550706d2550ba5a4d6699e77d98f6df"},"winlog":{"event_id":1,"channel":"Microsoft-Windows-Sysmon/Operational","provider_name":"Microsoft-Windows-Sysmon"},"labels":{"environment":"training-production-sim","sensor":"sysmon","dataset_version":"1.0"},"lab":{"expected":false,"malicious":false,"scenario":"enterprise_baseline","event_uid":"benign-process-0035"},"event":{"category":"process","type":"start","code":"1","action":"process-created"},"process":{"name":"powershell.exe","executable":"C:\\Windows\\System32\\WindowsPowerShell\\v1.0\\powershell.exe","command_line":"powershell.exe -ExecutionPolicy RemoteSigned -File C:\\Company\\Scripts\\PatchStatus.ps1","entity_id":"dee720692c3a9d9094ddcf03a400a2f5","pid":3035,"hash":{"sha256":"4326b12d5dc205cddc6d30350e8cc4cf4f4e5ab212cd3908beea2f10fa4715b7"},"parent":{"name":"CcmExec.exe","executable":"C:\\Program Files\\Microsoft Configuration Manager\\CcmExec.exe","command_line":"CcmExec.exe","entity_id":"2fa67287e5aec79e63d5e42e1b8d759c","pid":1235}}}
{"@timestamp":"2026-07-10T12:13:08Z","host":{"name":"WS-HR-014","id":"ad83321fde080277539f52036ef6b302","os":{"type":"windows"}},"user":{"name":"svc_sccm","domain":"NEXUS","id":"2550706d2550ba5a4d6699e77d98f6df"},"winlog":{"event_id":1,"channel":"Microsoft-Windows-Sysmon/Operational","provider_name":"Microsoft-Windows-Sysmon"},"labels":{"environment":"training-production-sim","sensor":"sysmon","dataset_version":"1.0"},"lab":{"expected":false,"malicious":false,"scenario":"enterprise_baseline","event_uid":"benign-process-0036"},"event":{"category":"process","type":"start","code":"1","action":"process-created"},"process":{"name":"powershell.exe","executable":"C:\\Windows\\System32\\WindowsPowerShell\\v1.0\\powershell.exe","command_line":"powershell.exe -ExecutionPolicy RemoteSigned -File C:\\Company\\Scripts\\PatchStatus.ps1","entity_id":"910dff4291c74a729b6ef885df90f8af","pid":3036,"hash":{"sha256":"4326b12d5dc205cddc6d30350e8cc4cf4f4e5ab212cd3908beea2f10fa4715b7"},"parent":{"name":"CcmExec.exe","executable":"C:\\Program Files\\Microsoft Configuration Manager\\CcmExec.exe","command_line":"CcmExec.exe","entity_id":"66b2f49ff2cf9e3b573a1036c4c9276e","pid":1236}}}
{"@timestamp":"2026-07-10T12:13:16Z","host":{"name":"WS-ENG-042","id":"cbff7ebfb3b5d53d54b01fe4eed9a117","os":{"type":"windows"}},"user":{"name":"svc_sccm","domain":"NEXUS","id":"2550706d2550ba5a4d6699e77d98f6df"},"winlog":{"event_id":1,"channel":"Microsoft-Windows-Sysmon/Operational","provider_name":"Microsoft-Windows-Sysmon"},"labels":{"environment":"training-production-sim","sensor":"sysmon","dataset_version":"1.0"},"lab":{"expected":false,"malicious":false,"scenario":"enterprise_baseline","event_uid":"benign-process-0040"},"event":{"category":"process","type":"start","code":"1","action":"process-created"},"process":{"name":"wevtutil.exe","executable":"C:\\Windows\\System32\\wevtutil.exe","command_line":"wevtutil.exe qe System /c:20 /f:text","entity_id":"dca4c05b08a69495a09eadf8778b35f6","pid":3040,"hash":{"sha256":"c2c799f58ce579389e83ac5a607797542310a212d2ecac4b66d0a54a9fb9a97c"},"parent":{"name":"cmd.exe","executable":"C:\\Windows\\System32\\cmd.exe","command_line":"cmd.exe /c healthcheck.cmd","entity_id":"051c49b8a36238074cfbb7ce01368cbd","pid":1240}}}
{"@timestamp":"2026-07-10T12:13:28Z","host":{"name":"SRV-FILE-02","id":"c4601bfdf0fa7b0e622e4278214e3dcf","os":{"type":"windows"}},"user":{"name":"r.shah","domain":"NEXUS","id":"c8f64615f746341bfa5f1d2909439da7"},"winlog":{"event_id":1,"channel":"Microsoft-Windows-Sysmon/Operational","provider_name":"Microsoft-Windows-Sysmon"},"labels":{"environment":"training-production-sim","sensor":"sysmon","dataset_version":"1.0"},"lab":{"expected":false,"malicious":false,"scenario":"enterprise_baseline","event_uid":"benign-process-0058"},"event":{"category":"process","type":"start","code":"1","action":"process-created"},"process":{"name":"wevtutil.exe","executable":"C:\\Windows\\System32\\wevtutil.exe","command_line":"wevtutil.exe qe System /c:20 /f:text","entity_id":"c2fdb7e7caea0bc3ec9aa7ab08cbc3cf","pid":3058,"hash":{"sha256":"c2c799f58ce579389e83ac5a607797542310a212d2ecac4b66d0a54a9fb9a97c"},"parent":{"name":"cmd.exe","executable":"C:\\Windows\\System32\\cmd.exe","command_line":"cmd.exe /c healthcheck.cmd","entity_id":"aacf1f177457d4af36da1dce9e8b3179","pid":1258}}}
{"@timestamp":"2026-07-10T12:13:35Z","host":{"name":"WS-ENG-042","id":"cbff7ebfb3b5d53d54b01fe4eed9a117","os":{"type":"windows"}},"user":{"name":"m.iyer","domain":"NEXUS","id":"81af19ed413300b2bd1731334525adc5"},"winlog":{"event_id":1,"channel":"Microsoft-Windows-Sysmon/Operational","provider_name":"Microsoft-Windows-Sysmon"},"labels":{"environment":"training-production-sim","sensor":"sysmon","dataset_version":"1.0"},"lab":{"expected":false,"malicious":false,"scenario":"enterprise_baseline","event_uid":"benign-process-0039"},"event":{"category":"process","type":"start","code":"1","action":"process-created"},"process":{"name":"wevtutil.exe","executable":"C:\\Windows\\System32\\wevtutil.exe","command_line":"wevtutil.exe qe System /c:20 /f:text","entity_id":"c0e15621969e34d16c5e85587dbe6711","pid":3039,"hash":{"sha256":"c2c799f58ce579389e83ac5a607797542310a212d2ecac4b66d0a54a9fb9a97c"},"parent":{"name":"cmd.exe","executable":"C:\\Windows\\System32\\cmd.exe","command_line":"cmd.exe /c healthcheck.cmd","entity_id":"189a7721885ccd507c3350e6409b992e","pid":1239}}}
{"@timestamp":"2026-07-10T12:13:44Z","host":{"name":"WS-FIN-023","id":"bbf9a520210632f02f6c807c1b796c30","os":{"type":"windows"}},"user":{"name":"j.singh","domain":"NEXUS","id":"23db57ce76ce9f4e0e4c0c6830a536e2"},"winlog":{"event_id":1,"channel":"Microsoft-Windows-Sysmon/Operational","provider_name":"Microsoft-Windows-Sysmon"},"labels":{"environment":"training-production-sim","sensor":"sysmon","dataset_version":"1.0"},"lab":{"expected":false,"malicious":false,"scenario":"enterprise_baseline","event_uid":"benign-process-0046"},"event":{"category":"process","type":"start","code":"1","action":"process-created"},"process":{"name":"certutil.exe","executable":"C:\\Windows\\System32\\certutil.exe","command_line":"certutil.exe -verify C:\\Company\\Certificates\\vpn.cer","entity_id":"e84cf6ceb8f3f0c20c4e9da095a83391","pid":3046,"hash":{"sha256":"f80f6bd62952af830c556db654f4a29b55de878e7dddb4070d68bf683ee97751"},"parent":{"name":"mmc.exe","executable":"C:\\Windows\\System32\\mmc.exe","command_line":"mmc.exe certlm.msc","entity_id":"b00317b00d5e86f19c0b05f9227ea9cc","pid":1246}}}
{"@timestamp":"2026-07-10T12:13:52Z","host":{"name":"WS-ENG-042","id":"cbff7ebfb3b5d53d54b01fe4eed9a117","os":{"type":"windows"}},"user":{"name":"a.kapoor","domain":"NEXUS","id":"c032740b73152d6b8c9bbe46d0abcda0"},"winlog":{"event_id":1,"channel":"Microsoft-Windows-Sysmon/Operational","provider_name":"Microsoft-Windows-Sysmon"},"labels":{"environment":"training-production-sim","sensor":"sysmon","dataset_version":"1.0"},"lab":{"expected":false,"malicious":false,"scenario":"enterprise_baseline","event_uid":"benign-process-0038"},"event":{"category":"process","type":"start","code":"1","action":"process-created"},"process":{"name":"certutil.exe","executable":"C:\\Windows\\System32\\certutil.exe","command_line":"certutil.exe -verify C:\\Company\\Certificates\\vpn.cer","entity_id":"07b80b62d6fe4d3a52efe658932df8eb","pid":3038,"hash":{"sha256":"f80f6bd62952af830c556db654f4a29b55de878e7dddb4070d68bf683ee97751"},"parent":{"name":"mmc.exe","executable":"C:\\Windows\\System32\\mmc.exe","command_line":"mmc.exe certlm.msc","entity_id":"08988027696c97222b4741350ace8852","pid":1238}}}
{"@timestamp":"2026-07-10T12:14:01Z","host":{"name":"WS-HR-014","id":"ad83321fde080277539f52036ef6b302","os":{"type":"windows"}},"user":{"name":"svc_backup","domain":"NEXUS","id":"34f8d28bdfa993c614df456a860fc6a2"},"winlog":{"event_id":1,"channel":"Microsoft-Windows-Sysmon/Operational","provider_name":"Microsoft-Windows-Sysmon"},"labels":{"environment":"training-production-sim","sensor":"sysmon","dataset_version":"1.0"},"lab":{"expected":false,"malicious":false,"scenario":"enterprise_baseline","event_uid":"benign-process-0065"},"event":{"category":"process","type":"start","code":"1","action":"process-created"},"process":{"name":"wevtutil.exe","executable":"C:\\Windows\\System32\\wevtutil.exe","command_line":"wevtutil.exe qe System /c:20 /f:text","entity_id":"59066f2bda41e46fbd88cfa048e03c04","pid":3065,"hash":{"sha256":"c2c799f58ce579389e83ac5a607797542310a212d2ecac4b66d0a54a9fb9a97c"},"parent":{"name":"cmd.exe","executable":"C:\\Windows\\System32\\cmd.exe","command_line":"cmd.exe /c healthcheck.cmd","entity_id":"2ddc14764375aa312467ffd748897c28","pid":1265}}}
{"@timestamp":"2026-07-10T12:14:14Z","host":{"name":"WS-HR-014","id":"ad83321fde080277539f52036ef6b302","os":{"type":"windows"}},"user":{"name":"svc_backup","domain":"NEXUS","id":"34f8d28bdfa993c614df456a860fc6a2"},"winlog":{"event_id":1,"channel":"Microsoft-Windows-Sysmon/Operational","provider_name":"Microsoft-Windows-Sysmon"},"labels":{"environment":"training-production-sim","sensor":"sysmon","dataset_version":"1.0"},"lab":{"expected":false,"malicious":false,"scenario":"enterprise_baseline","event_uid":"benign-process-0066"},"event":{"category":"process","type":"start","code":"1","action":"process-created"},"process":{"name":"certutil.exe","executable":"C:\\Windows\\System32\\certutil.exe","command_line":"certutil.exe -verify C:\\Company\\Certificates\\vpn.cer","entity_id":"6e4c586a7777eec49fa22061a16470ff","pid":3066,"hash":{"sha256":"f80f6bd62952af830c556db654f4a29b55de878e7dddb4070d68bf683ee97751"},"parent":{"name":"mmc.exe","executable":"C:\\Windows\\System32\\mmc.exe","command_line":"mmc.exe certlm.msc","entity_id":"a0b7f001240a93b5cb862601bf740290","pid":1266}}}
{"@timestamp":"2026-07-10T12:14:15Z","host":{"name":"WS-HR-014","id":"ad83321fde080277539f52036ef6b302","os":{"type":"windows"}},"user":{"name":"svc_backup","domain":"NEXUS","id":"34f8d28bdfa993c614df456a860fc6a2"},"winlog":{"event_id":3,"channel":"Microsoft-Windows-Sysmon/Operational","provider_name":"Microsoft-Windows-Sysmon"},"labels":{"environment":"training-production-sim","sensor":"sysmon","dataset_version":"1.0"},"lab":{"expected":false,"malicious":false,"scenario":"enterprise_baseline","event_uid":"e77502ab327a5c77bbceecd7a0a42c87"},"event":{"category":"network","type":"connection","code":"3","action":"network-connection"},"process":{"name":"certutil.exe","executable":"C:\\Windows\\System32\\certutil.exe","entity_id":"3e2918f92246932c44ee91d0727b80bc","pid":3066},"source":{"ip":"10.20.4.23","port":51542},"destination":{"ip":"192.0.2.25","port":443,"domain":"management.nexus.example"},"network":{"transport":"tcp","direction":"egress"}}
{"@timestamp":"2026-07-10T12:14:17Z","host":{"name":"SRV-FILE-02","id":"c4601bfdf0fa7b0e622e4278214e3dcf","os":{"type":"windows"}},"user":{"name":"svc_backup","domain":"NEXUS","id":"34f8d28bdfa993c614df456a860fc6a2"},"winlog":{"event_id":1,"channel":"Microsoft-Windows-Sysmon/Operational","provider_name":"Microsoft-Windows-Sysmon"},"labels":{"environment":"training-production-sim","sensor":"sysmon","dataset_version":"1.0"},"lab":{"expected":false,"malicious":false,"scenario":"enterprise_baseline","event_uid":"benign-process-0041"},"event":{"category":"process","type":"start","code":"1","action":"process-created"},"process":{"name":"cmd.exe","executable":"C:\\Windows\\System32\\cmd.exe","command_line":"cmd.exe /c ipconfig /all","entity_id":"b93a6c3e556865f19a5f3648971e6ec4","pid":3041,"hash":{"sha256":"f6892cfdcf96ea9cf30d89e4a515f57de20c491674cbf68fb46588294cbe0337"},"parent":{"name":"explorer.exe","executable":"C:\\Windows\\explorer.exe","command_line":"explorer.exe","entity_id":"e2b7b5c948aa966d79b0e4789ad7425e","pid":1241}}}
{"@timestamp":"2026-07-10T12:14:36Z","host":{"name":"WS-ENG-042","id":"cbff7ebfb3b5d53d54b01fe4eed9a117","os":{"type":"windows"}},"user":{"name":"svc_sccm","domain":"NEXUS","id":"2550706d2550ba5a4d6699e77d98f6df"},"winlog":{"event_id":1,"channel":"Microsoft-Windows-Sysmon/Operational","provider_name":"Microsoft-Windows-Sysmon"},"labels":{"environment":"training-production-sim","sensor":"sysmon","dataset_version":"1.0"},"lab":{"expected":false,"malicious":false,"scenario":"enterprise_baseline","event_uid":"benign-process-0055"},"event":{"category":"process","type":"start","code":"1","action":"process-created"},"process":{"name":"certutil.exe","executable":"C:\\Windows\\System32\\certutil.exe","command_line":"certutil.exe -verify C:\\Company\\Certificates\\vpn.cer","entity_id":"d666a5324912b97af8fac9d12cf588a6","pid":3055,"hash":{"sha256":"f80f6bd62952af830c556db654f4a29b55de878e7dddb4070d68bf683ee97751"},"parent":{"name":"mmc.exe","executable":"C:\\Windows\\System32\\mmc.exe","command_line":"mmc.exe certlm.msc","entity_id":"685086621524fbc0f7a6438cf14f5afc","pid":1255}}}
{"@timestamp":"2026-07-10T12:14:37Z","host":{"name":"WS-ENG-042","id":"cbff7ebfb3b5d53d54b01fe4eed9a117","os":{"type":"windows"}},"user":{"name":"svc_sccm","domain":"NEXUS","id":"2550706d2550ba5a4d6699e77d98f6df"},"winlog":{"event_id":3,"channel":"Microsoft-Windows-Sysmon/Operational","provider_name":"Microsoft-Windows-Sysmon"},"labels":{"environment":"training-production-sim","sensor":"sysmon","dataset_version":"1.0"},"lab":{"expected":false,"malicious":false,"scenario":"enterprise_baseline","event_uid":"2bd0b540a96dda68be2e8050c6f625c4"},"event":{"category":"network","type":"connection","code":"3","action":"network-connection"},"process":{"name":"certutil.exe","executable":"C:\\Windows\\System32\\certutil.exe","entity_id":"bbcc8e12a7232a13d0ea93b2963aed59","pid":3055},"source":{"ip":"10.20.4.23","port":51542},"destination":{"ip":"192.0.2.25","port":443,"domain":"management.nexus.example"},"network":{"transport":"tcp","direction":"egress"}}
{"@timestamp":"2026-07-10T12:14:41Z","host":{"name":"WS-FIN-023","id":"bbf9a520210632f02f6c807c1b796c30","os":{"type":"windows"}},"user":{"name":"r.shah","domain":"NEXUS","id":"c8f64615f746341bfa5f1d2909439da7"},"winlog":{"event_id":1,"channel":"Microsoft-Windows-Sysmon/Operational","provider_name":"Microsoft-Windows-Sysmon"},"labels":{"environment":"training-production-sim","sensor":"sysmon","dataset_version":"1.0"},"lab":{"expected":false,"malicious":false,"scenario":"enterprise_baseline","event_uid":"benign-process-0059"},"event":{"category":"process","type":"start","code":"1","action":"process-created"},"process":{"name":"powershell.exe","executable":"C:\\Windows\\System32\\WindowsPowerShell\\v1.0\\powershell.exe","command_line":"powershell.exe -NoProfile Get-Service WinDefend","entity_id":"6713ed8584834ccb88dda948ea4368f9","pid":3059,"hash":{"sha256":"06cb8dc4ff9cc7e1588a71503d15d38da541abaec3b295c58a565d7a849bdbce"},"parent":{"name":"explorer.exe","executable":"C:\\Windows\\explorer.exe","command_line":"explorer.exe","entity_id":"257d1186b714eba98d9efddeb94bafdd","pid":1259}}}
{"@timestamp":"2026-07-10T12:14:56Z","host":{"name":"SRV-FILE-02","id":"c4601bfdf0fa7b0e622e4278214e3dcf","os":{"type":"windows"}},"user":{"name":"svc_backup","domain":"NEXUS","id":"34f8d28bdfa993c614df456a860fc6a2"},"winlog":{"event_id":1,"channel":"Microsoft-Windows-Sysmon/Operational","provider_name":"Microsoft-Windows-Sysmon"},"labels":{"environment":"training-production-sim","sensor":"sysmon","dataset_version":"1.0"},"lab":{"expected":false,"malicious":false,"scenario":"enterprise_baseline","event_uid":"benign-process-0075"},"event":{"category":"process","type":"start","code":"1","action":"process-created"},"process":{"name":"powershell.exe","executable":"C:\\Windows\\System32\\WindowsPowerShell\\v1.0\\powershell.exe","command_line":"powershell.exe -File C:\\Company\\Scripts\\Inventory.ps1","entity_id":"4680cd3d0487c5f29a50c539b766dc79","pid":3075,"hash":{"sha256":"f5ed1dec4216f1b4af318118775c8e00e25676cf4ded2a99bb1afe40d14c8b01"},"parent":{"name":"taskeng.exe","executable":"C:\\Windows\\System32\\taskeng.exe","command_line":"taskeng.exe {A1B2-C3D4}","entity_id":"5c57157985ee143246a407ed0dedc4db","pid":1275}}}
{"@timestamp":"2026-07-10T12:14:58Z","host":{"name":"SRV-APP-07","id":"143e4582f963bab8386e582a5f16a894","os":{"type":"windows"}},"user":{"name":"a.kapoor","domain":"NEXUS","id":"c032740b73152d6b8c9bbe46d0abcda0"},"winlog":{"event_id":1,"channel":"Microsoft-Windows-Sysmon/Operational","provider_name":"Microsoft-Windows-Sysmon"},"labels":{"environment":"training-production-sim","sensor":"sysmon","dataset_version":"1.0"},"lab":{"expected":false,"malicious":false,"scenario":"enterprise_baseline","event_uid":"benign-process-0082"},"event":{"category":"process","type":"start","code":"1","action":"process-created"},"process":{"name":"certutil.exe","executable":"C:\\Windows\\System32\\certutil.exe","command_line":"certutil.exe -verify C:\\Company\\Certificates\\vpn.cer","entity_id":"7cc3723f8fae685800a09af319bebee1","pid":3082,"hash":{"sha256":"f80f6bd62952af830c556db654f4a29b55de878e7dddb4070d68bf683ee97751"},"parent":{"name":"mmc.exe","executable":"C:\\Windows\\System32\\mmc.exe","command_line":"mmc.exe certlm.msc","entity_id":"5c6436a3047056218562b85595c575e7","pid":1282}}}
{"@timestamp":"2026-07-10T12:14:59Z","host":{"name":"WS-ENG-042","id":"cbff7ebfb3b5d53d54b01fe4eed9a117","os":{"type":"windows"}},"user":{"name":"svc_sccm","domain":"NEXUS","id":"2550706d2550ba5a4d6699e77d98f6df"},"winlog":{"event_id":1,"channel":"Microsoft-Windows-Sysmon/Operational","provider_name":"Microsoft-Windows-Sysmon"},"labels":{"environment":"training-production-sim","sensor":"sysmon","dataset_version":"1.0"},"lab":{"expected":false,"malicious":false,"scenario":"enterprise_baseline","event_uid":"benign-process-0043"},"event":{"category":"process","type":"start","code":"1","action":"process-created"},"process":{"name":"powershell.exe","executable":"C:\\Windows\\System32\\WindowsPowerShell\\v1.0\\powershell.exe","command_line":"powershell.exe -ExecutionPolicy RemoteSigned -File C:\\Company\\Scripts\\PatchStatus.ps1","entity_id":"ff2e123022df2a6e65d5094af4a8a552","pid":3043,"hash":{"sha256":"4326b12d5dc205cddc6d30350e8cc4cf4f4e5ab212cd3908beea2f10fa4715b7"},"parent":{"name":"CcmExec.exe","executable":"C:\\Program Files\\Microsoft Configuration Manager\\CcmExec.exe","command_line":"CcmExec.exe","entity_id":"154907c07b305d2ea448b4ebcb582ea2","pid":1243}}}
{"@timestamp":"2026-07-10T12:15:20Z","host":{"name":"SRV-FILE-02","id":"c4601bfdf0fa7b0e622e4278214e3dcf","os":{"type":"windows"}},"user":{"name":"a.kapoor","domain":"NEXUS","id":"c032740b73152d6b8c9bbe46d0abcda0"},"winlog":{"event_id":1,"channel":"Microsoft-Windows-Sysmon/Operational","provider_name":"Microsoft-Windows-Sysmon"},"labels":{"environment":"training-production-sim","sensor":"sysmon","dataset_version":"1.0"},"lab":{"expected":false,"malicious":false,"scenario":"enterprise_baseline","event_uid":"benign-process-0044"},"event":{"category":"process","type":"start","code":"1","action":"process-created"},"process":{"name":"certutil.exe","executable":"C:\\Windows\\System32\\certutil.exe","command_line":"certutil.exe -verify C:\\Company\\Certificates\\vpn.cer","entity_id":"cc2083cb30e1c11856bee51bc0cea5cc","pid":3044,"hash":{"sha256":"f80f6bd62952af830c556db654f4a29b55de878e7dddb4070d68bf683ee97751"},"parent":{"name":"mmc.exe","executable":"C:\\Windows\\System32\\mmc.exe","command_line":"mmc.exe certlm.msc","entity_id":"ba1d1a29fea48a2139dc0f98fecfa522","pid":1244}}}
{"@timestamp":"2026-07-10T12:15:21Z","host":{"name":"SRV-FILE-02","id":"c4601bfdf0fa7b0e622e4278214e3dcf","os":{"type":"windows"}},"user":{"name":"a.kapoor","domain":"NEXUS","id":"c032740b73152d6b8c9bbe46d0abcda0"},"winlog":{"event_id":3,"channel":"Microsoft-Windows-Sysmon/Operational","provider_name":"Microsoft-Windows-Sysmon"},"labels":{"environment":"training-production-sim","sensor":"sysmon","dataset_version":"1.0"},"lab":{"expected":false,"malicious":false,"scenario":"enterprise_baseline","event_uid":"bdbdc7732e020f24207b8320e4bd2e7d"},"event":{"category":"network","type":"connection","code":"3","action":"network-connection"},"process":{"name":"certutil.exe","executable":"C:\\Windows\\System32\\certutil.exe","entity_id":"a1f393b0649c040884712caf0b1a2970","pid":3044},"source":{"ip":"10.20.4.23","port":51542},"destination":{"ip":"192.0.2.25","port":443,"domain":"management.nexus.example"},"network":{"transport":"tcp","direction":"egress"}}
{"@timestamp":"2026-07-10T12:15:32Z","host":{"name":"WS-FIN-023","id":"bbf9a520210632f02f6c807c1b796c30","os":{"type":"windows"}},"user":{"name":"j.singh","domain":"NEXUS","id":"23db57ce76ce9f4e0e4c0c6830a536e2"},"winlog":{"event_id":1,"channel":"Microsoft-Windows-Sysmon/Operational","provider_name":"Microsoft-Windows-Sysmon"},"labels":{"environment":"training-production-sim","sensor":"sysmon","dataset_version":"1.0"},"lab":{"expected":false,"malicious":false,"scenario":"enterprise_baseline","event_uid":"benign-process-0052"},"event":{"category":"process","type":"start","code":"1","action":"process-created"},"process":{"name":"powershell.exe","executable":"C:\\Windows\\System32\\WindowsPowerShell\\v1.0\\powershell.exe","command_line":"powershell.exe -File C:\\Company\\Scripts\\Inventory.ps1","entity_id":"13a503316920a253d10bd637948f58f8","pid":3052,"hash":{"sha256":"f5ed1dec4216f1b4af318118775c8e00e25676cf4ded2a99bb1afe40d14c8b01"},"parent":{"name":"taskeng.exe","executable":"C:\\Windows\\System32\\taskeng.exe","command_line":"taskeng.exe {A1B2-C3D4}","entity_id":"66d6dc5bb4a7058489983b3307b7faf4","pid":1252}}}
{"@timestamp":"2026-07-10T12:15:48Z","host":{"name":"WS-HR-014","id":"ad83321fde080277539f52036ef6b302","os":{"type":"windows"}},"user":{"name":"m.iyer","domain":"NEXUS","id":"81af19ed413300b2bd1731334525adc5"},"winlog":{"event_id":1,"channel":"Microsoft-Windows-Sysmon/Operational","provider_name":"Microsoft-Windows-Sysmon"},"labels":{"environment":"training-production-sim","sensor":"sysmon","dataset_version":"1.0"},"lab":{"expected":false,"malicious":false,"scenario":"enterprise_baseline","event_uid":"benign-process-0119"},"event":{"category":"process","type":"start","code":"1","action":"process-created"},"process":{"name":"powershell.exe","executable":"C:\\Windows\\System32\\WindowsPowerShell\\v1.0\\powershell.exe","command_line":"powershell.exe -NoProfile Get-Service WinDefend","entity_id":"06e20858b08d8c77fb185988503c5bc2","pid":3119,"hash":{"sha256":"06cb8dc4ff9cc7e1588a71503d15d38da541abaec3b295c58a565d7a849bdbce"},"parent":{"name":"explorer.exe","executable":"C:\\Windows\\explorer.exe","command_line":"explorer.exe","entity_id":"3d1be3dd24b84ec8e573cafe9c8ab8d2","pid":1319}}}
{"@timestamp":"2026-07-10T12:16:32Z","host":{"name":"WS-FIN-023","id":"bbf9a520210632f02f6c807c1b796c30","os":{"type":"windows"}},"user":{"name":"svc_sccm","domain":"NEXUS","id":"2550706d2550ba5a4d6699e77d98f6df"},"winlog":{"event_id":1,"channel":"Microsoft-Windows-Sysmon/Operational","provider_name":"Microsoft-Windows-Sysmon"},"labels":{"environment":"training-production-sim","sensor":"sysmon","dataset_version":"1.0"},"lab":{"expected":false,"malicious":false,"scenario":"enterprise_baseline","event_uid":"benign-process-0083"},"event":{"category":"process","type":"start","code":"1","action":"process-created"},"process":{"name":"certutil.exe","executable":"C:\\Windows\\System32\\certutil.exe","command_line":"certutil.exe -verify C:\\Company\\Certificates\\vpn.cer","entity_id":"c568893f4b7b04ffc1921564d9670e1e","pid":3083,"hash":{"sha256":"f80f6bd62952af830c556db654f4a29b55de878e7dddb4070d68bf683ee97751"},"parent":{"name":"mmc.exe","executable":"C:\\Windows\\System32\\mmc.exe","command_line":"mmc.exe certlm.msc","entity_id":"40c072f0e772fb561d5b465e0f0e3983","pid":1283}}}
{"@timestamp":"2026-07-10T12:16:35Z","host":{"name":"SRV-FILE-02","id":"c4601bfdf0fa7b0e622e4278214e3dcf","os":{"type":"windows"}},"user":{"name":"j.singh","domain":"NEXUS","id":"23db57ce76ce9f4e0e4c0c6830a536e2"},"winlog":{"event_id":1,"channel":"Microsoft-Windows-Sysmon/Operational","provider_name":"Microsoft-Windows-Sysmon"},"labels":{"environment":"training-production-sim","sensor":"sysmon","dataset_version":"1.0"},"lab":{"expected":false,"malicious":false,"scenario":"enterprise_baseline","event_uid":"benign-process-0111"},"event":{"category":"process","type":"start","code":"1","action":"process-created"},"process":{"name":"powershell.exe","executable":"C:\\Windows\\System32\\WindowsPowerShell\\v1.0\\powershell.exe","command_line":"powershell.exe -File C:\\Company\\Scripts\\Inventory.ps1","entity_id":"da18f80d1f5e078b310414e3ddfbb9dd","pid":3111,"hash":{"sha256":"f5ed1dec4216f1b4af318118775c8e00e25676cf4ded2a99bb1afe40d14c8b01"},"parent":{"name":"taskeng.exe","executable":"C:\\Windows\\System32\\taskeng.exe","command_line":"taskeng.exe {A1B2-C3D4}","entity_id":"b60c3b7da05848996c8f276c7193246e","pid":1311}}}
{"@timestamp":"2026-07-10T12:16:56Z","host":{"name":"SRV-APP-07","id":"143e4582f963bab8386e582a5f16a894","os":{"type":"windows"}},"user":{"name":"j.singh","domain":"NEXUS","id":"23db57ce76ce9f4e0e4c0c6830a536e2"},"winlog":{"event_id":1,"channel":"Microsoft-Windows-Sysmon/Operational","provider_name":"Microsoft-Windows-Sysmon"},"labels":{"environment":"training-production-sim","sensor":"sysmon","dataset_version":"1.0"},"lab":{"expected":false,"malicious":false,"scenario":"enterprise_baseline","event_uid":"benign-process-0068"},"event":{"category":"process","type":"start","code":"1","action":"process-created"},"process":{"name":"powershell.exe","executable":"C:\\Windows\\System32\\WindowsPowerShell\\v1.0\\powershell.exe","command_line":"powershell.exe -File C:\\Company\\Scripts\\Inventory.ps1","entity_id":"af1647e726a9526d1ba7c88c90eceaff","pid":3068,"hash":{"sha256":"f5ed1dec4216f1b4af318118775c8e00e25676cf4ded2a99bb1afe40d14c8b01"},"parent":{"name":"taskeng.exe","executable":"C:\\Windows\\System32\\taskeng.exe","command_line":"taskeng.exe {A1B2-C3D4}","entity_id":"e43076f61f056c6cf8c70e342d38f017","pid":1268}}}
{"@timestamp":"2026-07-10T12:17:00Z","host":{"name":"WS-FIN-023","id":"bbf9a520210632f02f6c807c1b796c30","os":{"type":"windows"}},"user":{"name":"svc_backup","domain":"NEXUS","id":"34f8d28bdfa993c614df456a860fc6a2"},"winlog":{"event_id":1,"channel":"Microsoft-Windows-Sysmon/Operational","provider_name":"Microsoft-Windows-Sysmon"},"labels":{"environment":"training-production-sim","sensor":"sysmon","dataset_version":"1.0"},"lab":{"expected":false,"malicious":false,"scenario":"enterprise_baseline","event_uid":"benign-process-0064"},"event":{"category":"process","type":"start","code":"1","action":"process-created"},"process":{"name":"powershell.exe","executable":"C:\\Windows\\System32\\WindowsPowerShell\\v1.0\\powershell.exe","command_line":"powershell.exe -NoProfile Get-Service WinDefend","entity_id":"3fef94b902a0ab943cda95602b5e0f90","pid":3064,"hash":{"sha256":"06cb8dc4ff9cc7e1588a71503d15d38da541abaec3b295c58a565d7a849bdbce"},"parent":{"name":"explorer.exe","executable":"C:\\Windows\\explorer.exe","command_line":"explorer.exe","entity_id":"33f91326b850ad1fe46cc7fac5aed2f6","pid":1264}}}
{"@timestamp":"2026-07-10T12:17:02Z","host":{"name":"WS-FIN-023","id":"bbf9a520210632f02f6c807c1b796c30","os":{"type":"windows"}},"user":{"name":"j.singh","domain":"NEXUS","id":"23db57ce76ce9f4e0e4c0c6830a536e2"},"winlog":{"event_id":1,"channel":"Microsoft-Windows-Sysmon/Operational","provider_name":"Microsoft-Windows-Sysmon"},"labels":{"environment":"training-production-sim","sensor":"sysmon","dataset_version":"1.0"},"lab":{"expected":false,"malicious":false,"scenario":"enterprise_baseline","event_uid":"benign-process-0057"},"event":{"category":"process","type":"start","code":"1","action":"process-created"},"process":{"name":"certutil.exe","executable":"C:\\Windows\\System32\\certutil.exe","command_line":"certutil.exe -verify C:\\Company\\Certificates\\vpn.cer","entity_id":"3d45c9de6563c8663d014daff2b2bd27","pid":3057,"hash":{"sha256":"f80f6bd62952af830c556db654f4a29b55de878e7dddb4070d68bf683ee97751"},"parent":{"name":"mmc.exe","executable":"C:\\Windows\\System32\\mmc.exe","command_line":"mmc.exe certlm.msc","entity_id":"507434a6e71fa94373944c06d093f027","pid":1257}}}
{"@timestamp":"2026-07-10T12:17:43Z","host":{"name":"SRV-FILE-02","id":"c4601bfdf0fa7b0e622e4278214e3dcf","os":{"type":"windows"}},"user":{"name":"r.shah","domain":"NEXUS","id":"c8f64615f746341bfa5f1d2909439da7"},"winlog":{"event_id":1,"channel":"Microsoft-Windows-Sysmon/Operational","provider_name":"Microsoft-Windows-Sysmon"},"labels":{"environment":"training-production-sim","sensor":"sysmon","dataset_version":"1.0"},"lab":{"expected":false,"malicious":false,"scenario":"enterprise_baseline","event_uid":"benign-process-0097"},"event":{"category":"process","type":"start","code":"1","action":"process-created"},"process":{"name":"powershell.exe","executable":"C:\\Windows\\System32\\WindowsPowerShell\\v1.0\\powershell.exe","command_line":"powershell.exe -File C:\\Company\\Scripts\\Inventory.ps1","entity_id":"be6968a5396a8629e7b2a67bd7ec74af","pid":3097,"hash":{"sha256":"f5ed1dec4216f1b4af318118775c8e00e25676cf4ded2a99bb1afe40d14c8b01"},"parent":{"name":"taskeng.exe","executable":"C:\\Windows\\System32\\taskeng.exe","command_line":"taskeng.exe {A1B2-C3D4}","entity_id":"5d6a8eb5e5791995869f586c72da746e","pid":1297}}}
{"@timestamp":"2026-07-10T12:17:56Z","host":{"name":"SRV-FILE-02","id":"c4601bfdf0fa7b0e622e4278214e3dcf","os":{"type":"windows"}},"user":{"name":"m.iyer","domain":"NEXUS","id":"81af19ed413300b2bd1731334525adc5"},"winlog":{"event_id":1,"channel":"Microsoft-Windows-Sysmon/Operational","provider_name":"Microsoft-Windows-Sysmon"},"labels":{"environment":"training-production-sim","sensor":"sysmon","dataset_version":"1.0"},"lab":{"expected":false,"malicious":false,"scenario":"enterprise_baseline","event_uid":"benign-process-0135"},"event":{"category":"process","type":"start","code":"1","action":"process-created"},"process":{"name":"powershell.exe","executable":"C:\\Windows\\System32\\WindowsPowerShell\\v1.0\\powershell.exe","command_line":"powershell.exe -ExecutionPolicy RemoteSigned -File C:\\Company\\Scripts\\PatchStatus.ps1","entity_id":"bbcb7689d3957a6bc7d967843e3413e9","pid":3135,"hash":{"sha256":"4326b12d5dc205cddc6d30350e8cc4cf4f4e5ab212cd3908beea2f10fa4715b7"},"parent":{"name":"CcmExec.exe","executable":"C:\\Program Files\\Microsoft Configuration Manager\\CcmExec.exe","command_line":"CcmExec.exe","entity_id":"198dfbb592797a78f0b8984a3c886d62","pid":1335}}}
{"@timestamp":"2026-07-10T12:17:56Z","host":{"name":"WS-HR-014","id":"ad83321fde080277539f52036ef6b302","os":{"type":"windows"}},"user":{"name":"svc_sccm","domain":"NEXUS","id":"2550706d2550ba5a4d6699e77d98f6df"},"winlog":{"event_id":1,"channel":"Microsoft-Windows-Sysmon/Operational","provider_name":"Microsoft-Windows-Sysmon"},"labels":{"environment":"training-production-sim","sensor":"sysmon","dataset_version":"1.0"},"lab":{"expected":false,"malicious":false,"scenario":"approved_software_management","event_uid":"benign-encoded-sccm"},"event":{"category":"process","type":"start","code":"1","action":"process-created"},"process":{"name":"powershell.exe","executable":"C:\\Windows\\System32\\WindowsPowerShell\\v1.0\\powershell.exe","command_line":"powershell.exe -EncodedCommand SQBuAHYAbwBrAGUALQBDAG8AbQBtAGEAbgBkACAALQBDAG8AbQBwAHUAdABlAHIATgBhAG0AZQAgAGwAbwBjAGEAbABoAG8AcwB0ACAALQBTAGMAcgBpAHAAdABCAGwAbwBjAGsAIAB7ACAARwBlAHQALQBDAGkAbQBJAG4AcwB0AGEAbgBjAGUAIABXAGkAbgAzADIAXwBPAHAAZQByAGEAdABpAG4AZwBTAHkAcwB0AGUAbQAgAH0A","entity_id":"604d29863d2c21dc091ec007cef178bc","pid":8400,"hash":{"sha256":"d5ea5492a143fae1ee8831d2010ad63602c1132c8b30e0731c39a3347c7cd1bf"},"parent":{"name":"CcmExec.exe","executable":"C:\\Program Files\\Microsoft Configuration Manager\\CcmExec.exe","command_line":"CcmExec.exe","entity_id":"f6510145d7a522db8ee6249002de841f","pid":8300}}}
{"@timestamp":"2026-07-10T12:18:44Z","host":{"name":"WS-ENG-042","id":"cbff7ebfb3b5d53d54b01fe4eed9a117","os":{"type":"windows"}},"user":{"name":"a.kapoor","domain":"NEXUS","id":"c032740b73152d6b8c9bbe46d0abcda0"},"winlog":{"event_id":1,"channel":"Microsoft-Windows-Sysmon/Operational","provider_name":"Microsoft-Windows-Sysmon"},"labels":{"environment":"training-production-sim","sensor":"sysmon","dataset_version":"1.0"},"lab":{"expected":false,"malicious":false,"scenario":"enterprise_baseline","event_uid":"benign-process-0047"},"event":{"category":"process","type":"start","code":"1","action":"process-created"},"process":{"name":"wevtutil.exe","executable":"C:\\Windows\\System32\\wevtutil.exe","command_line":"wevtutil.exe qe System /c:20 /f:text","entity_id":"218b9d44d972b92fc7c81cd08cb2dd19","pid":3047,"hash":{"sha256":"c2c799f58ce579389e83ac5a607797542310a212d2ecac4b66d0a54a9fb9a97c"},"parent":{"name":"cmd.exe","executable":"C:\\Windows\\System32\\cmd.exe","command_line":"cmd.exe /c healthcheck.cmd","entity_id":"482c96a817c73bbd93c91a862a6fa046","pid":1247}}}
{"@timestamp":"2026-07-10T12:18:50Z","host":{"name":"SRV-FILE-02","id":"c4601bfdf0fa7b0e622e4278214e3dcf","os":{"type":"windows"}},"user":{"name":"svc_sccm","domain":"NEXUS","id":"2550706d2550ba5a4d6699e77d98f6df"},"winlog":{"event_id":1,"channel":"Microsoft-Windows-Sysmon/Operational","provider_name":"Microsoft-Windows-Sysmon"},"labels":{"environment":"training-production-sim","sensor":"sysmon","dataset_version":"1.0"},"lab":{"expected":false,"malicious":false,"scenario":"enterprise_baseline","event_uid":"benign-process-0054"},"event":{"category":"process","type":"start","code":"1","action":"process-created"},"process":{"name":"cmd.exe","executable":"C:\\Windows\\System32\\cmd.exe","command_line":"cmd.exe /c ipconfig /all","entity_id":"f47b0e02696e03677a31c5706a40a602","pid":3054,"hash":{"sha256":"f6892cfdcf96ea9cf30d89e4a515f57de20c491674cbf68fb46588294cbe0337"},"parent":{"name":"explorer.exe","executable":"C:\\Windows\\explorer.exe","command_line":"explorer.exe","entity_id":"aff96ec607c5d951e931881931dc113a","pid":1254}}}
{"@timestamp":"2026-07-10T12:19:00Z","host":{"name":"SRV-FILE-02","id":"c4601bfdf0fa7b0e622e4278214e3dcf","os":{"type":"windows"}},"user":{"name":"svc_backup","domain":"NEXUS","id":"34f8d28bdfa993c614df456a860fc6a2"},"winlog":{"event_id":1,"channel":"Microsoft-Windows-Sysmon/Operational","provider_name":"Microsoft-Windows-Sysmon"},"labels":{"environment":"training-production-sim","sensor":"sysmon","dataset_version":"1.0"},"lab":{"expected":false,"malicious":false,"scenario":"enterprise_baseline","event_uid":"benign-process-0143"},"event":{"category":"process","type":"start","code":"1","action":"process-created"},"process":{"name":"powershell.exe","executable":"C:\\Windows\\System32\\WindowsPowerShell\\v1.0\\powershell.exe","command_line":"powershell.exe -ExecutionPolicy RemoteSigned -File C:\\Company\\Scripts\\PatchStatus.ps1","entity_id":"4d78cc32e7f802e9bde417aca5756c0f","pid":3143,"hash":{"sha256":"4326b12d5dc205cddc6d30350e8cc4cf4f4e5ab212cd3908beea2f10fa4715b7"},"parent":{"name":"CcmExec.exe","executable":"C:\\Program Files\\Microsoft Configuration Manager\\CcmExec.exe","command_line":"CcmExec.exe","entity_id":"14d5c44c73f23e259d3e05c2f1fd4a96","pid":1343}}}
{"@timestamp":"2026-07-10T12:19:01Z","host":{"name":"SRV-FILE-02","id":"c4601bfdf0fa7b0e622e4278214e3dcf","os":{"type":"windows"}},"user":{"name":"svc_backup","domain":"NEXUS","id":"34f8d28bdfa993c614df456a860fc6a2"},"winlog":{"event_id":3,"channel":"Microsoft-Windows-Sysmon/Operational","provider_name":"Microsoft-Windows-Sysmon"},"labels":{"environment":"training-production-sim","sensor":"sysmon","dataset_version":"1.0"},"lab":{"expected":false,"malicious":false,"scenario":"enterprise_baseline","event_uid":"921741754fa1588a3fa473b5394e433a"},"event":{"category":"network","type":"connection","code":"3","action":"network-connection"},"process":{"name":"powershell.exe","executable":"C:\\Windows\\System32\\WindowsPowerShell\\v1.0\\powershell.exe","entity_id":"dcca1fb5333a5e0c34d68e3057de2430","pid":3143},"source":{"ip":"10.20.4.23","port":51542},"destination":{"ip":"192.0.2.25","port":443,"domain":"management.nexus.example"},"network":{"transport":"tcp","direction":"egress"}}
{"@timestamp":"2026-07-10T12:19:29Z","host":{"name":"WS-HR-014","id":"ad83321fde080277539f52036ef6b302","os":{"type":"windows"}},"user":{"name":"svc_sccm","domain":"NEXUS","id":"2550706d2550ba5a4d6699e77d98f6df"},"winlog":{"event_id":1,"channel":"Microsoft-Windows-Sysmon/Operational","provider_name":"Microsoft-Windows-Sysmon"},"labels":{"environment":"training-production-sim","sensor":"sysmon","dataset_version":"1.0"},"lab":{"expected":false,"malicious":false,"scenario":"enterprise_baseline","event_uid":"benign-process-0051"},"event":{"category":"process","type":"start","code":"1","action":"process-created"},"process":{"name":"powershell.exe","executable":"C:\\Windows\\System32\\WindowsPowerShell\\v1.0\\powershell.exe","command_line":"powershell.exe -File C:\\Company\\Scripts\\Inventory.ps1","entity_id":"573961a3cd25e760f049230611dc1ccd","pid":3051,"hash":{"sha256":"f5ed1dec4216f1b4af318118775c8e00e25676cf4ded2a99bb1afe40d14c8b01"},"parent":{"name":"taskeng.exe","executable":"C:\\Windows\\System32\\taskeng.exe","command_line":"taskeng.exe {A1B2-C3D4}","entity_id":"d4e174f40e17eb676682f0009bfa058a","pid":1251}}}
{"@timestamp":"2026-07-10T12:19:56Z","host":{"name":"WS-HR-014","id":"ad83321fde080277539f52036ef6b302","os":{"type":"windows"}},"user":{"name":"r.shah","domain":"NEXUS","id":"c8f64615f746341bfa5f1d2909439da7"},"winlog":{"event_id":1,"channel":"Microsoft-Windows-Sysmon/Operational","provider_name":"Microsoft-Windows-Sysmon"},"labels":{"environment":"training-production-sim","sensor":"sysmon","dataset_version":"1.0"},"lab":{"expected":false,"malicious":false,"scenario":"enterprise_baseline","event_uid":"benign-process-0050"},"event":{"category":"process","type":"start","code":"1","action":"process-created"},"process":{"name":"powershell.exe","executable":"C:\\Windows\\System32\\WindowsPowerShell\\v1.0\\powershell.exe","command_line":"powershell.exe -File C:\\Company\\Scripts\\Inventory.ps1","entity_id":"51b90fe0c50b574b4ea2ed6ad2ac9bdd","pid":3050,"hash":{"sha256":"f5ed1dec4216f1b4af318118775c8e00e25676cf4ded2a99bb1afe40d14c8b01"},"parent":{"name":"taskeng.exe","executable":"C:\\Windows\\System32\\taskeng.exe","command_line":"taskeng.exe {A1B2-C3D4}","entity_id":"d9f5b5c85ebf4edd414d67b7ea97c14e","pid":1250}}}
{"@timestamp":"2026-07-10T12:20:29Z","host":{"name":"SRV-FILE-02","id":"c4601bfdf0fa7b0e622e4278214e3dcf","os":{"type":"windows"}},"user":{"name":"svc_sccm","domain":"NEXUS","id":"2550706d2550ba5a4d6699e77d98f6df"},"winlog":{"event_id":1,"channel":"Microsoft-Windows-Sysmon/Operational","provider_name":"Microsoft-Windows-Sysmon"},"labels":{"environment":"training-production-sim","sensor":"sysmon","dataset_version":"1.0"},"lab":{"expected":false,"malicious":false,"scenario":"enterprise_baseline","event_uid":"benign-process-0137"},"event":{"category":"process","type":"start","code":"1","action":"process-created"},"process":{"name":"powershell.exe","executable":"C:\\Windows\\System32\\WindowsPowerShell\\v1.0\\powershell.exe","command_line":"powershell.exe -File C:\\Company\\Scripts\\Inventory.ps1","entity_id":"cf3f6cd6a8eda33b0cfd5ffd36f0ef90","pid":3137,"hash":{"sha256":"f5ed1dec4216f1b4af318118775c8e00e25676cf4ded2a99bb1afe40d14c8b01"},"parent":{"name":"taskeng.exe","executable":"C:\\Windows\\System32\\taskeng.exe","command_line":"taskeng.exe {A1B2-C3D4}","entity_id":"2fa25d2b62c42c97db1042423992e4a8","pid":1337}}}
{"@timestamp":"2026-07-10T12:21:00Z","host":{"name":"SRV-APP-07","id":"143e4582f963bab8386e582a5f16a894","os":{"type":"windows"}},"user":{"name":"a.kapoor","domain":"NEXUS","id":"c032740b73152d6b8c9bbe46d0abcda0"},"winlog":{"event_id":1,"channel":"Microsoft-Windows-Sysmon/Operational","provider_name":"Microsoft-Windows-Sysmon"},"labels":{"environment":"training-production-sim","sensor":"sysmon","dataset_version":"1.0"},"lab":{"expected":false,"malicious":false,"scenario":"enterprise_baseline","event_uid":"benign-process-0158"},"event":{"category":"process","type":"start","code":"1","action":"process-created"},"process":{"name":"certutil.exe","executable":"C:\\Windows\\System32\\certutil.exe","command_line":"certutil.exe -verify C:\\Company\\Certificates\\vpn.cer","entity_id":"14995a1640660fb075e36a0beb790cf7","pid":3158,"hash":{"sha256":"f80f6bd62952af830c556db654f4a29b55de878e7dddb4070d68bf683ee97751"},"parent":{"name":"mmc.exe","executable":"C:\\Windows\\System32\\mmc.exe","command_line":"mmc.exe certlm.msc","entity_id":"3a9d0765e368132dc4e7793d1b73a5c0","pid":1358}}}
{"@timestamp":"2026-07-10T12:21:11Z","host":{"name":"SRV-APP-07","id":"143e4582f963bab8386e582a5f16a894","os":{"type":"windows"}},"user":{"name":"j.singh","domain":"NEXUS","id":"23db57ce76ce9f4e0e4c0c6830a536e2"},"winlog":{"event_id":1,"channel":"Microsoft-Windows-Sysmon/Operational","provider_name":"Microsoft-Windows-Sysmon"},"labels":{"environment":"training-production-sim","sensor":"sysmon","dataset_version":"1.0"},"lab":{"expected":false,"malicious":false,"scenario":"enterprise_baseline","event_uid":"benign-process-0085"},"event":{"category":"process","type":"start","code":"1","action":"process-created"},"process":{"name":"certutil.exe","executable":"C:\\Windows\\System32\\certutil.exe","command_line":"certutil.exe -verify C:\\Company\\Certificates\\vpn.cer","entity_id":"7715bef890ce2de78e042db09603a382","pid":3085,"hash":{"sha256":"f80f6bd62952af830c556db654f4a29b55de878e7dddb4070d68bf683ee97751"},"parent":{"name":"mmc.exe","executable":"C:\\Windows\\System32\\mmc.exe","command_line":"mmc.exe certlm.msc","entity_id":"309f5a5f7ee2d887e7c1203a85981949","pid":1285}}}
{"@timestamp":"2026-07-10T12:21:16Z","host":{"name":"SRV-FILE-02","id":"c4601bfdf0fa7b0e622e4278214e3dcf","os":{"type":"windows"}},"user":{"name":"svc_sccm","domain":"NEXUS","id":"2550706d2550ba5a4d6699e77d98f6df"},"winlog":{"event_id":1,"channel":"Microsoft-Windows-Sysmon/Operational","provider_name":"Microsoft-Windows-Sysmon"},"labels":{"environment":"training-production-sim","sensor":"sysmon","dataset_version":"1.0"},"lab":{"expected":false,"malicious":false,"scenario":"enterprise_baseline","event_uid":"benign-process-0080"},"event":{"category":"process","type":"start","code":"1","action":"process-created"},"process":{"name":"powershell.exe","executable":"C:\\Windows\\System32\\WindowsPowerShell\\v1.0\\powershell.exe","command_line":"powershell.exe -File C:\\Company\\Scripts\\Inventory.ps1","entity_id":"13df2bb1d58afe4931bb910742e49987","pid":3080,"hash":{"sha256":"f5ed1dec4216f1b4af318118775c8e00e25676cf4ded2a99bb1afe40d14c8b01"},"parent":{"name":"taskeng.exe","executable":"C:\\Windows\\System32\\taskeng.exe","command_line":"taskeng.exe {A1B2-C3D4}","entity_id":"1f33643de185c7f54bb851f277fe2ad5","pid":1280}}}
{"@timestamp":"2026-07-10T12:21:24Z","host":{"name":"SRV-FILE-02","id":"c4601bfdf0fa7b0e622e4278214e3dcf","os":{"type":"windows"}},"user":{"name":"m.iyer","domain":"NEXUS","id":"81af19ed413300b2bd1731334525adc5"},"winlog":{"event_id":1,"channel":"Microsoft-Windows-Sysmon/Operational","provider_name":"Microsoft-Windows-Sysmon"},"labels":{"environment":"training-production-sim","sensor":"sysmon","dataset_version":"1.0"},"lab":{"expected":false,"malicious":false,"scenario":"enterprise_baseline","event_uid":"benign-process-0056"},"event":{"category":"process","type":"start","code":"1","action":"process-created"},"process":{"name":"wevtutil.exe","executable":"C:\\Windows\\System32\\wevtutil.exe","command_line":"wevtutil.exe qe System /c:20 /f:text","entity_id":"af2d68b24e0d446fa11d42ac4122ef29","pid":3056,"hash":{"sha256":"c2c799f58ce579389e83ac5a607797542310a212d2ecac4b66d0a54a9fb9a97c"},"parent":{"name":"cmd.exe","executable":"C:\\Windows\\System32\\cmd.exe","command_line":"cmd.exe /c healthcheck.cmd","entity_id":"8723946501f0e4e908994983dcd29d23","pid":1256}}}
{"@timestamp":"2026-07-10T12:21:28Z","host":{"name":"SRV-FILE-02","id":"c4601bfdf0fa7b0e622e4278214e3dcf","os":{"type":"windows"}},"user":{"name":"svc_sccm","domain":"NEXUS","id":"2550706d2550ba5a4d6699e77d98f6df"},"winlog":{"event_id":1,"channel":"Microsoft-Windows-Sysmon/Operational","provider_name":"Microsoft-Windows-Sysmon"},"labels":{"environment":"training-production-sim","sensor":"sysmon","dataset_version":"1.0"},"lab":{"expected":false,"malicious":false,"scenario":"enterprise_baseline","event_uid":"benign-process-0076"},"event":{"category":"process","type":"start","code":"1","action":"process-created"},"process":{"name":"wevtutil.exe","executable":"C:\\Windows\\System32\\wevtutil.exe","command_line":"wevtutil.exe qe System /c:20 /f:text","entity_id":"af907d2b27acc5b2733eb7e1df3c66f6","pid":3076,"hash":{"sha256":"c2c799f58ce579389e83ac5a607797542310a212d2ecac4b66d0a54a9fb9a97c"},"parent":{"name":"cmd.exe","executable":"C:\\Windows\\System32\\cmd.exe","command_line":"cmd.exe /c healthcheck.cmd","entity_id":"fe12f08ff548d40ddc3463e58528d710","pid":1276}}}
