{"@timestamp":"2026-07-10T12:59:02Z","host":{"name":"SRV-APP-07","id":"143e4582f963bab8386e582a5f16a894","os":{"type":"windows"}},"user":{"name":"m.iyer","domain":"NEXUS","id":"81af19ed413300b2bd1731334525adc5"},"winlog":{"event_id":1,"channel":"Microsoft-Windows-Sysmon/Operational","provider_name":"Microsoft-Windows-Sysmon"},"labels":{"environment":"training-production-sim","sensor":"sysmon","dataset_version":"1.0"},"lab":{"expected":false,"malicious":false,"scenario":"enterprise_baseline","event_uid":"benign-process-0197"},"event":{"category":"process","type":"start","code":"1","action":"process-created"},"process":{"name":"powershell.exe","executable":"C:\\Windows\\System32\\WindowsPowerShell\\v1.0\\powershell.exe","command_line":"powershell.exe -NoProfile Get-Service WinDefend","entity_id":"f8c4f7bc1023afa8c97c33669e33047a","pid":3197,"hash":{"sha256":"06cb8dc4ff9cc7e1588a71503d15d38da541abaec3b295c58a565d7a849bdbce"},"parent":{"name":"explorer.exe","executable":"C:\\Windows\\explorer.exe","command_line":"explorer.exe","entity_id":"8768b85a8a01514e1918ff833188f956","pid":1397}}}
{"@timestamp":"2026-07-10T12:59:20Z","host":{"name":"SRV-FILE-02","id":"c4601bfdf0fa7b0e622e4278214e3dcf","os":{"type":"windows"}},"user":{"name":"r.shah","domain":"NEXUS","id":"c8f64615f746341bfa5f1d2909439da7"},"winlog":{"event_id":1,"channel":"Microsoft-Windows-Sysmon/Operational","provider_name":"Microsoft-Windows-Sysmon"},"labels":{"environment":"training-production-sim","sensor":"sysmon","dataset_version":"1.0"},"lab":{"expected":false,"malicious":false,"scenario":"enterprise_baseline","event_uid":"benign-process-0198"},"event":{"category":"process","type":"start","code":"1","action":"process-created"},"process":{"name":"powershell.exe","executable":"C:\\Windows\\System32\\WindowsPowerShell\\v1.0\\powershell.exe","command_line":"powershell.exe -ExecutionPolicy RemoteSigned -File C:\\Company\\Scripts\\PatchStatus.ps1","entity_id":"e3324749c227fc9767fbde21b511bbd4","pid":3198,"hash":{"sha256":"4326b12d5dc205cddc6d30350e8cc4cf4f4e5ab212cd3908beea2f10fa4715b7"},"parent":{"name":"CcmExec.exe","executable":"C:\\Program Files\\Microsoft Configuration Manager\\CcmExec.exe","command_line":"CcmExec.exe","entity_id":"c62853d300513963724a67624091b52a","pid":1398}}}
{"@timestamp":"2026-07-10T12:59:21Z","host":{"name":"SRV-FILE-02","id":"c4601bfdf0fa7b0e622e4278214e3dcf","os":{"type":"windows"}},"user":{"name":"r.shah","domain":"NEXUS","id":"c8f64615f746341bfa5f1d2909439da7"},"winlog":{"event_id":3,"channel":"Microsoft-Windows-Sysmon/Operational","provider_name":"Microsoft-Windows-Sysmon"},"labels":{"environment":"training-production-sim","sensor":"sysmon","dataset_version":"1.0"},"lab":{"expected":false,"malicious":false,"scenario":"enterprise_baseline","event_uid":"a1a538c7db8fe68344c2e2aaf9df78e2"},"event":{"category":"network","type":"connection","code":"3","action":"network-connection"},"process":{"name":"powershell.exe","executable":"C:\\Windows\\System32\\WindowsPowerShell\\v1.0\\powershell.exe","entity_id":"8297d793aa661c2a195d1130bc4c6890","pid":3198},"source":{"ip":"10.20.4.23","port":51542},"destination":{"ip":"192.0.2.25","port":443,"domain":"management.nexus.example"},"network":{"transport":"tcp","direction":"egress"}}
{"@timestamp":"2026-07-10T13:00:56Z","host":{"name":"WS-FIN-023","id":"bbf9a520210632f02f6c807c1b796c30","os":{"type":"windows"}},"user":{"name":"j.singh","domain":"NEXUS","id":"23db57ce76ce9f4e0e4c0c6830a536e2"},"winlog":{"event_id":1,"channel":"Microsoft-Windows-Sysmon/Operational","provider_name":"Microsoft-Windows-Sysmon"},"labels":{"environment":"training-production-sim","sensor":"sysmon","dataset_version":"1.0"},"lab":{"expected":false,"malicious":false,"scenario":"enterprise_baseline","event_uid":"benign-process-0183"},"event":{"category":"process","type":"start","code":"1","action":"process-created"},"process":{"name":"certutil.exe","executable":"C:\\Windows\\System32\\certutil.exe","command_line":"certutil.exe -verify C:\\Company\\Certificates\\vpn.cer","entity_id":"8136a9cffc0cd3e605744a9cd7cb1eb8","pid":3183,"hash":{"sha256":"f80f6bd62952af830c556db654f4a29b55de878e7dddb4070d68bf683ee97751"},"parent":{"name":"mmc.exe","executable":"C:\\Windows\\System32\\mmc.exe","command_line":"mmc.exe certlm.msc","entity_id":"16294b27b2bb76d98152d34ffc41dfd1","pid":1383}}}
{"@timestamp":"2026-07-10T13:01:08Z","host":{"name":"SRV-APP-07","id":"143e4582f963bab8386e582a5f16a894","os":{"type":"windows"}},"user":{"name":"m.iyer","domain":"NEXUS","id":"81af19ed413300b2bd1731334525adc5"},"winlog":{"event_id":1,"channel":"Microsoft-Windows-Sysmon/Operational","provider_name":"Microsoft-Windows-Sysmon"},"labels":{"environment":"training-production-sim","sensor":"sysmon","dataset_version":"1.0"},"lab":{"expected":false,"malicious":false,"scenario":"enterprise_baseline","event_uid":"benign-process-0216"},"event":{"category":"process","type":"start","code":"1","action":"process-created"},"process":{"name":"powershell.exe","executable":"C:\\Windows\\System32\\WindowsPowerShell\\v1.0\\powershell.exe","command_line":"powershell.exe -ExecutionPolicy RemoteSigned -File C:\\Company\\Scripts\\PatchStatus.ps1","entity_id":"7ff7af6976fa3a72438356f4f4210005","pid":3216,"hash":{"sha256":"4326b12d5dc205cddc6d30350e8cc4cf4f4e5ab212cd3908beea2f10fa4715b7"},"parent":{"name":"CcmExec.exe","executable":"C:\\Program Files\\Microsoft Configuration Manager\\CcmExec.exe","command_line":"CcmExec.exe","entity_id":"e6607630a57a3dd2b4b0c13b8e5d426d","pid":1416}}}
{"@timestamp":"2026-07-10T13:01:32Z","host":{"name":"WS-ENG-042","id":"cbff7ebfb3b5d53d54b01fe4eed9a117","os":{"type":"windows"}},"user":{"name":"svc_sccm","domain":"NEXUS","id":"2550706d2550ba5a4d6699e77d98f6df"},"winlog":{"event_id":1,"channel":"Microsoft-Windows-Sysmon/Operational","provider_name":"Microsoft-Windows-Sysmon"},"labels":{"environment":"training-production-sim","sensor":"sysmon","dataset_version":"1.0"},"lab":{"expected":false,"malicious":false,"scenario":"enterprise_baseline","event_uid":"benign-process-0154"},"event":{"category":"process","type":"start","code":"1","action":"process-created"},"process":{"name":"powershell.exe","executable":"C:\\Windows\\System32\\WindowsPowerShell\\v1.0\\powershell.exe","command_line":"powershell.exe -NoProfile Get-Service WinDefend","entity_id":"b74ab8d4feb8716c33d15a79ae152119","pid":3154,"hash":{"sha256":"06cb8dc4ff9cc7e1588a71503d15d38da541abaec3b295c58a565d7a849bdbce"},"parent":{"name":"explorer.exe","executable":"C:\\Windows\\explorer.exe","command_line":"explorer.exe","entity_id":"8cf8ce18eca1ee3f34ddcaad7a6557e9","pid":1354}}}
{"@timestamp":"2026-07-10T13:01:32Z","host":{"name":"WS-FIN-023","id":"bbf9a520210632f02f6c807c1b796c30","os":{"type":"windows"}},"user":{"name":"r.shah","domain":"NEXUS","id":"c8f64615f746341bfa5f1d2909439da7"},"winlog":{"event_id":1,"channel":"Microsoft-Windows-Sysmon/Operational","provider_name":"Microsoft-Windows-Sysmon"},"labels":{"environment":"training-production-sim","sensor":"sysmon","dataset_version":"1.0"},"lab":{"expected":false,"malicious":false,"scenario":"enterprise_baseline","event_uid":"benign-process-0168"},"event":{"category":"process","type":"start","code":"1","action":"process-created"},"process":{"name":"powershell.exe","executable":"C:\\Windows\\System32\\WindowsPowerShell\\v1.0\\powershell.exe","command_line":"powershell.exe -NoProfile Get-Service WinDefend","entity_id":"4d0af40a1b623c6111eaaf9590f9947a","pid":3168,"hash":{"sha256":"06cb8dc4ff9cc7e1588a71503d15d38da541abaec3b295c58a565d7a849bdbce"},"parent":{"name":"explorer.exe","executable":"C:\\Windows\\explorer.exe","command_line":"explorer.exe","entity_id":"a91491f1024fd54d3db56d174a9aefee","pid":1368}}}
{"@timestamp":"2026-07-10T13:01:33Z","host":{"name":"WS-ENG-042","id":"cbff7ebfb3b5d53d54b01fe4eed9a117","os":{"type":"windows"}},"user":{"name":"svc_sccm","domain":"NEXUS","id":"2550706d2550ba5a4d6699e77d98f6df"},"winlog":{"event_id":3,"channel":"Microsoft-Windows-Sysmon/Operational","provider_name":"Microsoft-Windows-Sysmon"},"labels":{"environment":"training-production-sim","sensor":"sysmon","dataset_version":"1.0"},"lab":{"expected":false,"malicious":false,"scenario":"enterprise_baseline","event_uid":"8b23a65ee155d0d4ee8f8e956ad178f4"},"event":{"category":"network","type":"connection","code":"3","action":"network-connection"},"process":{"name":"powershell.exe","executable":"C:\\Windows\\System32\\WindowsPowerShell\\v1.0\\powershell.exe","entity_id":"f014650dc8314f58062c24c333ecc4ca","pid":3154},"source":{"ip":"10.20.4.23","port":51542},"destination":{"ip":"192.0.2.25","port":443,"domain":"management.nexus.example"},"network":{"transport":"tcp","direction":"egress"}}
{"@timestamp":"2026-07-10T13:02:38Z","host":{"name":"WS-FIN-023","id":"bbf9a520210632f02f6c807c1b796c30","os":{"type":"windows"}},"user":{"name":"r.shah","domain":"NEXUS","id":"c8f64615f746341bfa5f1d2909439da7"},"winlog":{"event_id":1,"channel":"Microsoft-Windows-Sysmon/Operational","provider_name":"Microsoft-Windows-Sysmon"},"labels":{"environment":"training-production-sim","sensor":"sysmon","dataset_version":"1.0"},"lab":{"expected":false,"malicious":false,"scenario":"enterprise_baseline","event_uid":"benign-process-0209"},"event":{"category":"process","type":"start","code":"1","action":"process-created"},"process":{"name":"certutil.exe","executable":"C:\\Windows\\System32\\certutil.exe","command_line":"certutil.exe -verify C:\\Company\\Certificates\\vpn.cer","entity_id":"7ac56510ebb2beb0c91b4ee1d95a794b","pid":3209,"hash":{"sha256":"f80f6bd62952af830c556db654f4a29b55de878e7dddb4070d68bf683ee97751"},"parent":{"name":"mmc.exe","executable":"C:\\Windows\\System32\\mmc.exe","command_line":"mmc.exe certlm.msc","entity_id":"cc0bd38112f7fb36635b7a0d205f81e6","pid":1409}}}
{"@timestamp":"2026-07-10T13:02:39Z","host":{"name":"WS-FIN-023","id":"bbf9a520210632f02f6c807c1b796c30","os":{"type":"windows"}},"user":{"name":"r.shah","domain":"NEXUS","id":"c8f64615f746341bfa5f1d2909439da7"},"winlog":{"event_id":3,"channel":"Microsoft-Windows-Sysmon/Operational","provider_name":"Microsoft-Windows-Sysmon"},"labels":{"environment":"training-production-sim","sensor":"sysmon","dataset_version":"1.0"},"lab":{"expected":false,"malicious":false,"scenario":"enterprise_baseline","event_uid":"dca403ecab4bfdfdb7328e0ff15d98f6"},"event":{"category":"network","type":"connection","code":"3","action":"network-connection"},"process":{"name":"certutil.exe","executable":"C:\\Windows\\System32\\certutil.exe","entity_id":"f3c4f5bdcbae57498bc35ef33b9f994a","pid":3209},"source":{"ip":"10.20.4.23","port":51542},"destination":{"ip":"192.0.2.25","port":443,"domain":"management.nexus.example"},"network":{"transport":"tcp","direction":"egress"}}
{"@timestamp":"2026-07-10T13:03:50Z","host":{"name":"WS-HR-014","id":"ad83321fde080277539f52036ef6b302","os":{"type":"windows"}},"user":{"name":"svc_backup","domain":"NEXUS","id":"34f8d28bdfa993c614df456a860fc6a2"},"winlog":{"event_id":1,"channel":"Microsoft-Windows-Sysmon/Operational","provider_name":"Microsoft-Windows-Sysmon"},"labels":{"environment":"training-production-sim","sensor":"sysmon","dataset_version":"1.0"},"lab":{"expected":false,"malicious":false,"scenario":"enterprise_baseline","event_uid":"benign-process-0213"},"event":{"category":"process","type":"start","code":"1","action":"process-created"},"process":{"name":"powershell.exe","executable":"C:\\Windows\\System32\\WindowsPowerShell\\v1.0\\powershell.exe","command_line":"powershell.exe -File C:\\Company\\Scripts\\Inventory.ps1","entity_id":"d18cfea7e812a3be23b1c7c71b609cf3","pid":3213,"hash":{"sha256":"f5ed1dec4216f1b4af318118775c8e00e25676cf4ded2a99bb1afe40d14c8b01"},"parent":{"name":"taskeng.exe","executable":"C:\\Windows\\System32\\taskeng.exe","command_line":"taskeng.exe {A1B2-C3D4}","entity_id":"7967dc1a4b935fec17375c15345438b2","pid":1413}}}
{"@timestamp":"2026-07-10T13:04:31Z","host":{"name":"WS-FIN-023","id":"bbf9a520210632f02f6c807c1b796c30","os":{"type":"windows"}},"user":{"name":"r.shah","domain":"NEXUS","id":"c8f64615f746341bfa5f1d2909439da7"},"winlog":{"event_id":1,"channel":"Microsoft-Windows-Sysmon/Operational","provider_name":"Microsoft-Windows-Sysmon"},"labels":{"environment":"training-production-sim","sensor":"sysmon","dataset_version":"1.0"},"lab":{"expected":false,"malicious":false,"scenario":"enterprise_baseline","event_uid":"benign-process-0155"},"event":{"category":"process","type":"start","code":"1","action":"process-created"},"process":{"name":"powershell.exe","executable":"C:\\Windows\\System32\\WindowsPowerShell\\v1.0\\powershell.exe","command_line":"powershell.exe -ExecutionPolicy RemoteSigned -File C:\\Company\\Scripts\\PatchStatus.ps1","entity_id":"758400966c64a06f828e213d0aab8302","pid":3155,"hash":{"sha256":"4326b12d5dc205cddc6d30350e8cc4cf4f4e5ab212cd3908beea2f10fa4715b7"},"parent":{"name":"CcmExec.exe","executable":"C:\\Program Files\\Microsoft Configuration Manager\\CcmExec.exe","command_line":"CcmExec.exe","entity_id":"ab77211ab1c6bd9272c824e3f2bcb7c1","pid":1355}}}
{"@timestamp":"2026-07-10T13:07:01Z","host":{"name":"WS-FIN-023","id":"bbf9a520210632f02f6c807c1b796c30","os":{"type":"windows"}},"user":{"name":"svc_backup","domain":"NEXUS","id":"34f8d28bdfa993c614df456a860fc6a2"},"winlog":{"event_id":1,"channel":"Microsoft-Windows-Sysmon/Operational","provider_name":"Microsoft-Windows-Sysmon"},"labels":{"environment":"training-production-sim","sensor":"sysmon","dataset_version":"1.0"},"lab":{"expected":false,"malicious":false,"scenario":"enterprise_baseline","event_uid":"benign-process-0161"},"event":{"category":"process","type":"start","code":"1","action":"process-created"},"process":{"name":"powershell.exe","executable":"C:\\Windows\\System32\\WindowsPowerShell\\v1.0\\powershell.exe","command_line":"powershell.exe -File C:\\Company\\Scripts\\Inventory.ps1","entity_id":"91968806bb808de1fa19e7e78d96978c","pid":3161,"hash":{"sha256":"f5ed1dec4216f1b4af318118775c8e00e25676cf4ded2a99bb1afe40d14c8b01"},"parent":{"name":"taskeng.exe","executable":"C:\\Windows\\System32\\taskeng.exe","command_line":"taskeng.exe {A1B2-C3D4}","entity_id":"ac0d6335780cdfb601e302aaa434653f","pid":1361}}}
{"@timestamp":"2026-07-10T13:08:11Z","host":{"name":"WS-HR-014","id":"ad83321fde080277539f52036ef6b302","os":{"type":"windows"}},"user":{"name":"a.kapoor","domain":"NEXUS","id":"c032740b73152d6b8c9bbe46d0abcda0"},"winlog":{"event_id":1,"channel":"Microsoft-Windows-Sysmon/Operational","provider_name":"Microsoft-Windows-Sysmon"},"labels":{"environment":"training-production-sim","sensor":"sysmon","dataset_version":"1.0"},"lab":{"expected":false,"malicious":false,"scenario":"enterprise_baseline","event_uid":"benign-process-0195"},"event":{"category":"process","type":"start","code":"1","action":"process-created"},"process":{"name":"certutil.exe","executable":"C:\\Windows\\System32\\certutil.exe","command_line":"certutil.exe -verify C:\\Company\\Certificates\\vpn.cer","entity_id":"a291ca040d4ab1e47017363851ed79b3","pid":3195,"hash":{"sha256":"f80f6bd62952af830c556db654f4a29b55de878e7dddb4070d68bf683ee97751"},"parent":{"name":"mmc.exe","executable":"C:\\Windows\\System32\\mmc.exe","command_line":"mmc.exe certlm.msc","entity_id":"1998d5e4dc80b9cfd57bef2c9919902b","pid":1395}}}
{"@timestamp":"2026-07-10T13:10:46Z","host":{"name":"WS-HR-014","id":"ad83321fde080277539f52036ef6b302","os":{"type":"windows"}},"user":{"name":"svc_sccm","domain":"NEXUS","id":"2550706d2550ba5a4d6699e77d98f6df"},"winlog":{"event_id":1,"channel":"Microsoft-Windows-Sysmon/Operational","provider_name":"Microsoft-Windows-Sysmon"},"labels":{"environment":"training-production-sim","sensor":"sysmon","dataset_version":"1.0"},"lab":{"expected":false,"malicious":false,"scenario":"enterprise_baseline","event_uid":"benign-process-0170"},"event":{"category":"process","type":"start","code":"1","action":"process-created"},"process":{"name":"powershell.exe","executable":"C:\\Windows\\System32\\WindowsPowerShell\\v1.0\\powershell.exe","command_line":"powershell.exe -NoProfile Get-Service WinDefend","entity_id":"dfbde32f15b1b7ea1208b8c2692ab9af","pid":3170,"hash":{"sha256":"06cb8dc4ff9cc7e1588a71503d15d38da541abaec3b295c58a565d7a849bdbce"},"parent":{"name":"explorer.exe","executable":"C:\\Windows\\explorer.exe","command_line":"explorer.exe","entity_id":"2537151ad924470a553a7bcf036d755e","pid":1370}}}
{"@timestamp":"2026-07-10T13:12:00Z","host":{"name":"SRV-FILE-02","id":"c4601bfdf0fa7b0e622e4278214e3dcf","os":{"type":"windows"}},"user":{"name":"j.singh","domain":"NEXUS","id":"23db57ce76ce9f4e0e4c0c6830a536e2"},"winlog":{"event_id":1,"channel":"Microsoft-Windows-Sysmon/Operational","provider_name":"Microsoft-Windows-Sysmon"},"labels":{"environment":"training-production-sim","sensor":"sysmon","dataset_version":"1.0"},"lab":{"expected":false,"malicious":false,"scenario":"enterprise_baseline","event_uid":"benign-process-0188"},"event":{"category":"process","type":"start","code":"1","action":"process-created"},"process":{"name":"cmd.exe","executable":"C:\\Windows\\System32\\cmd.exe","command_line":"cmd.exe /c ipconfig /all","entity_id":"64247600182caa34345fd67e61be28ca","pid":3188,"hash":{"sha256":"f6892cfdcf96ea9cf30d89e4a515f57de20c491674cbf68fb46588294cbe0337"},"parent":{"name":"explorer.exe","executable":"C:\\Windows\\explorer.exe","command_line":"explorer.exe","entity_id":"fe21e5f564d90c4ee5c2a5659393ee2a","pid":1388}}}
{"@timestamp":"2026-07-10T13:12:46Z","host":{"name":"SRV-APP-07","id":"143e4582f963bab8386e582a5f16a894","os":{"type":"windows"}},"user":{"name":"r.shah","domain":"NEXUS","id":"c8f64615f746341bfa5f1d2909439da7"},"winlog":{"event_id":1,"channel":"Microsoft-Windows-Sysmon/Operational","provider_name":"Microsoft-Windows-Sysmon"},"labels":{"environment":"training-production-sim","sensor":"sysmon","dataset_version":"1.0"},"lab":{"expected":false,"malicious":false,"scenario":"enterprise_baseline","event_uid":"benign-process-0190"},"event":{"category":"process","type":"start","code":"1","action":"process-created"},"process":{"name":"powershell.exe","executable":"C:\\Windows\\System32\\WindowsPowerShell\\v1.0\\powershell.exe","command_line":"powershell.exe -ExecutionPolicy RemoteSigned -File C:\\Company\\Scripts\\PatchStatus.ps1","entity_id":"9036260148af5ca65de5be5d11ec4810","pid":3190,"hash":{"sha256":"4326b12d5dc205cddc6d30350e8cc4cf4f4e5ab212cd3908beea2f10fa4715b7"},"parent":{"name":"CcmExec.exe","executable":"C:\\Program Files\\Microsoft Configuration Manager\\CcmExec.exe","command_line":"CcmExec.exe","entity_id":"4087b33ff87211d1da234b23784c1615","pid":1390}}}
{"@timestamp":"2026-07-10T13:14:44Z","host":{"name":"SRV-APP-07","id":"143e4582f963bab8386e582a5f16a894","os":{"type":"windows"}},"user":{"name":"j.singh","domain":"NEXUS","id":"23db57ce76ce9f4e0e4c0c6830a536e2"},"winlog":{"event_id":1,"channel":"Microsoft-Windows-Sysmon/Operational","provider_name":"Microsoft-Windows-Sysmon"},"labels":{"environment":"training-production-sim","sensor":"sysmon","dataset_version":"1.0"},"lab":{"expected":false,"malicious":false,"scenario":"enterprise_baseline","event_uid":"benign-process-0204"},"event":{"category":"process","type":"start","code":"1","action":"process-created"},"process":{"name":"certutil.exe","executable":"C:\\Windows\\System32\\certutil.exe","command_line":"certutil.exe -verify C:\\Company\\Certificates\\vpn.cer","entity_id":"c95ab8bd94f2d95fb2fd02fdb4669844","pid":3204,"hash":{"sha256":"f80f6bd62952af830c556db654f4a29b55de878e7dddb4070d68bf683ee97751"},"parent":{"name":"mmc.exe","executable":"C:\\Windows\\System32\\mmc.exe","command_line":"mmc.exe certlm.msc","entity_id":"50aaa5ce31c60a66d63982f9c4a089b6","pid":1404}}}
{"@timestamp":"2026-07-10T13:15:21Z","host":{"name":"WS-HR-014","id":"ad83321fde080277539f52036ef6b302","os":{"type":"windows"}},"user":{"name":"j.singh","domain":"NEXUS","id":"23db57ce76ce9f4e0e4c0c6830a536e2"},"winlog":{"event_id":1,"channel":"Microsoft-Windows-Sysmon/Operational","provider_name":"Microsoft-Windows-Sysmon"},"labels":{"environment":"training-production-sim","sensor":"sysmon","dataset_version":"1.0"},"lab":{"expected":false,"malicious":false,"scenario":"enterprise_baseline","event_uid":"benign-process-0181"},"event":{"category":"process","type":"start","code":"1","action":"process-created"},"process":{"name":"powershell.exe","executable":"C:\\Windows\\System32\\WindowsPowerShell\\v1.0\\powershell.exe","command_line":"powershell.exe -ExecutionPolicy RemoteSigned -File C:\\Company\\Scripts\\PatchStatus.ps1","entity_id":"d8d5015349e53fa8989b27f5cb9071d2","pid":3181,"hash":{"sha256":"4326b12d5dc205cddc6d30350e8cc4cf4f4e5ab212cd3908beea2f10fa4715b7"},"parent":{"name":"CcmExec.exe","executable":"C:\\Program Files\\Microsoft Configuration Manager\\CcmExec.exe","command_line":"CcmExec.exe","entity_id":"fac58d6dfa4363213189b72ed7d467e6","pid":1381}}}
{"@timestamp":"2026-07-10T13:15:46Z","host":{"name":"WS-FIN-023","id":"bbf9a520210632f02f6c807c1b796c30","os":{"type":"windows"}},"user":{"name":"svc_sccm","domain":"NEXUS","id":"2550706d2550ba5a4d6699e77d98f6df"},"winlog":{"event_id":1,"channel":"Microsoft-Windows-Sysmon/Operational","provider_name":"Microsoft-Windows-Sysmon"},"labels":{"environment":"training-production-sim","sensor":"sysmon","dataset_version":"1.0"},"lab":{"expected":false,"malicious":false,"scenario":"enterprise_baseline","event_uid":"benign-process-0182"},"event":{"category":"process","type":"start","code":"1","action":"process-created"},"process":{"name":"wevtutil.exe","executable":"C:\\Windows\\System32\\wevtutil.exe","command_line":"wevtutil.exe qe System /c:20 /f:text","entity_id":"bc0d52f709a2c25ea1470939c408c286","pid":3182,"hash":{"sha256":"c2c799f58ce579389e83ac5a607797542310a212d2ecac4b66d0a54a9fb9a97c"},"parent":{"name":"cmd.exe","executable":"C:\\Windows\\System32\\cmd.exe","command_line":"cmd.exe /c healthcheck.cmd","entity_id":"a51c34cfd40071f58069e91787f13403","pid":1382}}}
{"@timestamp":"2026-07-10T13:16:13Z","host":{"name":"WS-FIN-023","id":"bbf9a520210632f02f6c807c1b796c30","os":{"type":"windows"}},"user":{"name":"m.iyer","domain":"NEXUS","id":"81af19ed413300b2bd1731334525adc5"},"winlog":{"event_id":1,"channel":"Microsoft-Windows-Sysmon/Operational","provider_name":"Microsoft-Windows-Sysmon"},"labels":{"environment":"training-production-sim","sensor":"sysmon","dataset_version":"1.0"},"lab":{"expected":false,"malicious":false,"scenario":"enterprise_baseline","event_uid":"benign-process-0199"},"event":{"category":"process","type":"start","code":"1","action":"process-created"},"process":{"name":"wevtutil.exe","executable":"C:\\Windows\\System32\\wevtutil.exe","command_line":"wevtutil.exe qe System /c:20 /f:text","entity_id":"78598c1986633e840ac7e72ce02780a3","pid":3199,"hash":{"sha256":"c2c799f58ce579389e83ac5a607797542310a212d2ecac4b66d0a54a9fb9a97c"},"parent":{"name":"cmd.exe","executable":"C:\\Windows\\System32\\cmd.exe","command_line":"cmd.exe /c healthcheck.cmd","entity_id":"5fdd2bb76aa3c31b288df52571bbf65f","pid":1399}}}
{"@timestamp":"2026-07-10T13:16:14Z","host":{"name":"WS-FIN-023","id":"bbf9a520210632f02f6c807c1b796c30","os":{"type":"windows"}},"user":{"name":"m.iyer","domain":"NEXUS","id":"81af19ed413300b2bd1731334525adc5"},"winlog":{"event_id":1,"channel":"Microsoft-Windows-Sysmon/Operational","provider_name":"Microsoft-Windows-Sysmon"},"labels":{"environment":"training-production-sim","sensor":"sysmon","dataset_version":"1.0"},"lab":{"expected":false,"malicious":false,"scenario":"enterprise_baseline","event_uid":"benign-process-0218"},"event":{"category":"process","type":"start","code":"1","action":"process-created"},"process":{"name":"powershell.exe","executable":"C:\\Windows\\System32\\WindowsPowerShell\\v1.0\\powershell.exe","command_line":"powershell.exe -File C:\\Company\\Scripts\\Inventory.ps1","entity_id":"d60b22a3fbda1661b7baeb0fe34dfe38","pid":3218,"hash":{"sha256":"f5ed1dec4216f1b4af318118775c8e00e25676cf4ded2a99bb1afe40d14c8b01"},"parent":{"name":"taskeng.exe","executable":"C:\\Windows\\System32\\taskeng.exe","command_line":"taskeng.exe {A1B2-C3D4}","entity_id":"0280fbf5ef0566628f822f6ba8222110","pid":1418}}}
{"@timestamp":"2026-07-10T13:17:08Z","host":{"name":"WS-ENG-042","id":"cbff7ebfb3b5d53d54b01fe4eed9a117","os":{"type":"windows"}},"user":{"name":"m.iyer","domain":"NEXUS","id":"81af19ed413300b2bd1731334525adc5"},"winlog":{"event_id":1,"channel":"Microsoft-Windows-Sysmon/Operational","provider_name":"Microsoft-Windows-Sysmon"},"labels":{"environment":"training-production-sim","sensor":"sysmon","dataset_version":"1.0"},"lab":{"expected":false,"malicious":false,"scenario":"enterprise_baseline","event_uid":"benign-process-0193"},"event":{"category":"process","type":"start","code":"1","action":"process-created"},"process":{"name":"powershell.exe","executable":"C:\\Windows\\System32\\WindowsPowerShell\\v1.0\\powershell.exe","command_line":"powershell.exe -File C:\\Company\\Scripts\\Inventory.ps1","entity_id":"cdcc5e3142fe983db88506ef783de131","pid":3193,"hash":{"sha256":"f5ed1dec4216f1b4af318118775c8e00e25676cf4ded2a99bb1afe40d14c8b01"},"parent":{"name":"taskeng.exe","executable":"C:\\Windows\\System32\\taskeng.exe","command_line":"taskeng.exe {A1B2-C3D4}","entity_id":"ada893f8650ffe0d80846355756ed876","pid":1393}}}
{"@timestamp":"2026-07-10T13:17:32Z","host":{"name":"SRV-APP-07","id":"143e4582f963bab8386e582a5f16a894","os":{"type":"windows"}},"user":{"name":"svc_sccm","domain":"NEXUS","id":"2550706d2550ba5a4d6699e77d98f6df"},"winlog":{"event_id":1,"channel":"Microsoft-Windows-Sysmon/Operational","provider_name":"Microsoft-Windows-Sysmon"},"labels":{"environment":"training-production-sim","sensor":"sysmon","dataset_version":"1.0"},"lab":{"expected":false,"malicious":false,"scenario":"enterprise_baseline","event_uid":"benign-process-0194"},"event":{"category":"process","type":"start","code":"1","action":"process-created"},"process":{"name":"certutil.exe","executable":"C:\\Windows\\System32\\certutil.exe","command_line":"certutil.exe -verify C:\\Company\\Certificates\\vpn.cer","entity_id":"4617c614e03dc72b068b07a39dc2a99a","pid":3194,"hash":{"sha256":"f80f6bd62952af830c556db654f4a29b55de878e7dddb4070d68bf683ee97751"},"parent":{"name":"mmc.exe","executable":"C:\\Windows\\System32\\mmc.exe","command_line":"mmc.exe certlm.msc","entity_id":"fb6baa19ddb0152fae535b22fe43aedc","pid":1394}}}
{"@timestamp":"2026-07-10T13:17:40Z","host":{"name":"WS-ENG-042","id":"cbff7ebfb3b5d53d54b01fe4eed9a117","os":{"type":"windows"}},"user":{"name":"r.shah","domain":"NEXUS","id":"c8f64615f746341bfa5f1d2909439da7"},"winlog":{"event_id":1,"channel":"Microsoft-Windows-Sysmon/Operational","provider_name":"Microsoft-Windows-Sysmon"},"labels":{"environment":"training-production-sim","sensor":"sysmon","dataset_version":"1.0"},"lab":{"expected":false,"malicious":false,"scenario":"enterprise_baseline","event_uid":"benign-process-0212"},"event":{"category":"process","type":"start","code":"1","action":"process-created"},"process":{"name":"wevtutil.exe","executable":"C:\\Windows\\System32\\wevtutil.exe","command_line":"wevtutil.exe qe System /c:20 /f:text","entity_id":"588b4c7a8e16d1eba7ebd99a7396c491","pid":3212,"hash":{"sha256":"c2c799f58ce579389e83ac5a607797542310a212d2ecac4b66d0a54a9fb9a97c"},"parent":{"name":"cmd.exe","executable":"C:\\Windows\\System32\\cmd.exe","command_line":"cmd.exe /c healthcheck.cmd","entity_id":"4f6b31406d1b66d3eee775520f12996a","pid":1412}}}
{"@timestamp":"2026-07-10T13:17:51Z","host":{"name":"WS-FIN-023","id":"bbf9a520210632f02f6c807c1b796c30","os":{"type":"windows"}},"user":{"name":"svc_sccm","domain":"NEXUS","id":"2550706d2550ba5a4d6699e77d98f6df"},"winlog":{"event_id":1,"channel":"Microsoft-Windows-Sysmon/Operational","provider_name":"Microsoft-Windows-Sysmon"},"labels":{"environment":"training-production-sim","sensor":"sysmon","dataset_version":"1.0"},"lab":{"expected":false,"malicious":false,"scenario":"enterprise_baseline","event_uid":"benign-process-0187"},"event":{"category":"process","type":"start","code":"1","action":"process-created"},"process":{"name":"powershell.exe","executable":"C:\\Windows\\System32\\WindowsPowerShell\\v1.0\\powershell.exe","command_line":"powershell.exe -ExecutionPolicy RemoteSigned -File C:\\Company\\Scripts\\PatchStatus.ps1","entity_id":"e09b11d6b97f09dc9c8cfd52e034bacb","pid":3187,"hash":{"sha256":"4326b12d5dc205cddc6d30350e8cc4cf4f4e5ab212cd3908beea2f10fa4715b7"},"parent":{"name":"CcmExec.exe","executable":"C:\\Program Files\\Microsoft Configuration Manager\\CcmExec.exe","command_line":"CcmExec.exe","entity_id":"e877c294c45b53e0db66b475f04da961","pid":1387}}}
{"@timestamp":"2026-07-10T13:17:52Z","host":{"name":"WS-FIN-023","id":"bbf9a520210632f02f6c807c1b796c30","os":{"type":"windows"}},"user":{"name":"svc_sccm","domain":"NEXUS","id":"2550706d2550ba5a4d6699e77d98f6df"},"winlog":{"event_id":3,"channel":"Microsoft-Windows-Sysmon/Operational","provider_name":"Microsoft-Windows-Sysmon"},"labels":{"environment":"training-production-sim","sensor":"sysmon","dataset_version":"1.0"},"lab":{"expected":false,"malicious":false,"scenario":"enterprise_baseline","event_uid":"077823757e162603b8d90563b4c59ee0"},"event":{"category":"network","type":"connection","code":"3","action":"network-connection"},"process":{"name":"powershell.exe","executable":"C:\\Windows\\System32\\WindowsPowerShell\\v1.0\\powershell.exe","entity_id":"da7083bb8f8f9b55f73aeca1ba14c066","pid":3187},"source":{"ip":"10.20.4.23","port":51542},"destination":{"ip":"192.0.2.25","port":443,"domain":"management.nexus.example"},"network":{"transport":"tcp","direction":"egress"}}
{"@timestamp":"2026-07-10T13:18:46Z","host":{"name":"WS-FIN-023","id":"bbf9a520210632f02f6c807c1b796c30","os":{"type":"windows"}},"user":{"name":"a.kapoor","domain":"NEXUS","id":"c032740b73152d6b8c9bbe46d0abcda0"},"winlog":{"event_id":1,"channel":"Microsoft-Windows-Sysmon/Operational","provider_name":"Microsoft-Windows-Sysmon"},"labels":{"environment":"training-production-sim","sensor":"sysmon","dataset_version":"1.0"},"lab":{"expected":false,"malicious":false,"scenario":"enterprise_baseline","event_uid":"benign-process-0215"},"event":{"category":"process","type":"start","code":"1","action":"process-created"},"process":{"name":"powershell.exe","executable":"C:\\Windows\\System32\\WindowsPowerShell\\v1.0\\powershell.exe","command_line":"powershell.exe -NoProfile Get-Service WinDefend","entity_id":"4bb002ac01a04fdcb23e31649dac031d","pid":3215,"hash":{"sha256":"06cb8dc4ff9cc7e1588a71503d15d38da541abaec3b295c58a565d7a849bdbce"},"parent":{"name":"explorer.exe","executable":"C:\\Windows\\explorer.exe","command_line":"explorer.exe","entity_id":"0a07328e12c8b358610fe7f365add7e1","pid":1415}}}
