{"@timestamp":"2026-07-10T11:59:56Z","host":{"name":"WS-HR-014","id":"ad83321fde080277539f52036ef6b302","os":{"type":"windows"}},"user":{"name":"svc_backup","domain":"NEXUS","id":"34f8d28bdfa993c614df456a860fc6a2"},"winlog":{"event_id":1,"channel":"Microsoft-Windows-Sysmon/Operational","provider_name":"Microsoft-Windows-Sysmon"},"labels":{"environment":"training-production-sim","sensor":"sysmon","dataset_version":"1.0"},"lab":{"expected":false,"malicious":false,"scenario":"enterprise_baseline","event_uid":"benign-process-0000"},"event":{"category":"process","type":"start","code":"1","action":"process-created"},"process":{"name":"powershell.exe","executable":"C:\\Windows\\System32\\WindowsPowerShell\\v1.0\\powershell.exe","command_line":"powershell.exe -ExecutionPolicy RemoteSigned -File C:\\Company\\Scripts\\PatchStatus.ps1","entity_id":"7394d716c70f19447fa5f1ef406d7d11","pid":3000,"hash":{"sha256":"4326b12d5dc205cddc6d30350e8cc4cf4f4e5ab212cd3908beea2f10fa4715b7"},"parent":{"name":"CcmExec.exe","executable":"C:\\Program Files\\Microsoft Configuration Manager\\CcmExec.exe","command_line":"CcmExec.exe","entity_id":"2c7edd092b68507059c4101fae84f7da","pid":1200}}}
{"@timestamp":"2026-07-10T11:59:57Z","host":{"name":"WS-HR-014","id":"ad83321fde080277539f52036ef6b302","os":{"type":"windows"}},"user":{"name":"svc_backup","domain":"NEXUS","id":"34f8d28bdfa993c614df456a860fc6a2"},"winlog":{"event_id":3,"channel":"Microsoft-Windows-Sysmon/Operational","provider_name":"Microsoft-Windows-Sysmon"},"labels":{"environment":"training-production-sim","sensor":"sysmon","dataset_version":"1.0"},"lab":{"expected":false,"malicious":false,"scenario":"enterprise_baseline","event_uid":"92b03cb0bac9cc32d11d1eed9a5ded72"},"event":{"category":"network","type":"connection","code":"3","action":"network-connection"},"process":{"name":"powershell.exe","executable":"C:\\Windows\\System32\\WindowsPowerShell\\v1.0\\powershell.exe","entity_id":"3ab539c22c8d7971a5869a76110d8918","pid":3000},"source":{"ip":"10.20.4.23","port":51542},"destination":{"ip":"192.0.2.25","port":443,"domain":"management.nexus.example"},"network":{"transport":"tcp","direction":"egress"}}
{"@timestamp":"2026-07-10T12:00:06Z","host":{"name":"WS-HR-014","id":"ad83321fde080277539f52036ef6b302","os":{"type":"windows"}},"user":{"name":"a.kapoor","domain":"NEXUS","id":"c032740b73152d6b8c9bbe46d0abcda0"},"winlog":{"event_id":1,"channel":"Microsoft-Windows-Sysmon/Operational","provider_name":"Microsoft-Windows-Sysmon"},"labels":{"environment":"training-production-sim","sensor":"sysmon","dataset_version":"1.0"},"lab":{"expected":false,"malicious":false,"scenario":"enterprise_baseline","event_uid":"benign-process-0001"},"event":{"category":"process","type":"start","code":"1","action":"process-created"},"process":{"name":"wevtutil.exe","executable":"C:\\Windows\\System32\\wevtutil.exe","command_line":"wevtutil.exe qe System /c:20 /f:text","entity_id":"23c3685064219daeca5f1d0e04d6e847","pid":3001,"hash":{"sha256":"c2c799f58ce579389e83ac5a607797542310a212d2ecac4b66d0a54a9fb9a97c"},"parent":{"name":"cmd.exe","executable":"C:\\Windows\\System32\\cmd.exe","command_line":"cmd.exe /c healthcheck.cmd","entity_id":"d0deb12ca446f3a05690ca60084f1992","pid":1201}}}
{"@timestamp":"2026-07-10T12:00:44Z","host":{"name":"WS-ENG-042","id":"cbff7ebfb3b5d53d54b01fe4eed9a117","os":{"type":"windows"}},"user":{"name":"svc_sccm","domain":"NEXUS","id":"2550706d2550ba5a4d6699e77d98f6df"},"winlog":{"event_id":1,"channel":"Microsoft-Windows-Sysmon/Operational","provider_name":"Microsoft-Windows-Sysmon"},"labels":{"environment":"training-production-sim","sensor":"sysmon","dataset_version":"1.0"},"lab":{"expected":false,"malicious":false,"scenario":"enterprise_baseline","event_uid":"benign-process-0002"},"event":{"category":"process","type":"start","code":"1","action":"process-created"},"process":{"name":"powershell.exe","executable":"C:\\Windows\\System32\\WindowsPowerShell\\v1.0\\powershell.exe","command_line":"powershell.exe -ExecutionPolicy RemoteSigned -File C:\\Company\\Scripts\\PatchStatus.ps1","entity_id":"04c4d8e632d048976dabcafd7f94fdc3","pid":3002,"hash":{"sha256":"4326b12d5dc205cddc6d30350e8cc4cf4f4e5ab212cd3908beea2f10fa4715b7"},"parent":{"name":"CcmExec.exe","executable":"C:\\Program Files\\Microsoft Configuration Manager\\CcmExec.exe","command_line":"CcmExec.exe","entity_id":"7a1d71338725084aecb60f14faa67bd4","pid":1202}}}
{"@timestamp":"2026-07-10T12:01:06Z","host":{"name":"SRV-APP-07","id":"143e4582f963bab8386e582a5f16a894","os":{"type":"windows"}},"user":{"name":"svc_backup","domain":"NEXUS","id":"34f8d28bdfa993c614df456a860fc6a2"},"winlog":{"event_id":1,"channel":"Microsoft-Windows-Sysmon/Operational","provider_name":"Microsoft-Windows-Sysmon"},"labels":{"environment":"training-production-sim","sensor":"sysmon","dataset_version":"1.0"},"lab":{"expected":false,"malicious":false,"scenario":"enterprise_baseline","event_uid":"benign-process-0005"},"event":{"category":"process","type":"start","code":"1","action":"process-created"},"process":{"name":"cmd.exe","executable":"C:\\Windows\\System32\\cmd.exe","command_line":"cmd.exe /c ipconfig /all","entity_id":"2336e008b459ec799ea9fd2cf58a9024","pid":3005,"hash":{"sha256":"f6892cfdcf96ea9cf30d89e4a515f57de20c491674cbf68fb46588294cbe0337"},"parent":{"name":"explorer.exe","executable":"C:\\Windows\\explorer.exe","command_line":"explorer.exe","entity_id":"286ecf6e6e494c8c48a82ca292350efb","pid":1205}}}
{"@timestamp":"2026-07-10T12:01:11Z","host":{"name":"WS-ENG-042","id":"cbff7ebfb3b5d53d54b01fe4eed9a117","os":{"type":"windows"}},"user":{"name":"r.shah","domain":"NEXUS","id":"c8f64615f746341bfa5f1d2909439da7"},"winlog":{"event_id":1,"channel":"Microsoft-Windows-Sysmon/Operational","provider_name":"Microsoft-Windows-Sysmon"},"labels":{"environment":"training-production-sim","sensor":"sysmon","dataset_version":"1.0"},"lab":{"expected":false,"malicious":false,"scenario":"enterprise_baseline","event_uid":"benign-process-0003"},"event":{"category":"process","type":"start","code":"1","action":"process-created"},"process":{"name":"powershell.exe","executable":"C:\\Windows\\System32\\WindowsPowerShell\\v1.0\\powershell.exe","command_line":"powershell.exe -NoProfile Get-Service WinDefend","entity_id":"74cbb1669574dc9250e286ce183cfe91","pid":3003,"hash":{"sha256":"06cb8dc4ff9cc7e1588a71503d15d38da541abaec3b295c58a565d7a849bdbce"},"parent":{"name":"explorer.exe","executable":"C:\\Windows\\explorer.exe","command_line":"explorer.exe","entity_id":"f104f89b3c35f71702dcc26039b34f7f","pid":1203}}}
{"@timestamp":"2026-07-10T12:01:20Z","host":{"name":"WS-FIN-023","id":"bbf9a520210632f02f6c807c1b796c30","os":{"type":"windows"}},"user":{"name":"svc_sccm","domain":"NEXUS","id":"2550706d2550ba5a4d6699e77d98f6df"},"winlog":{"event_id":1,"channel":"Microsoft-Windows-Sysmon/Operational","provider_name":"Microsoft-Windows-Sysmon"},"labels":{"environment":"training-production-sim","sensor":"sysmon","dataset_version":"1.0"},"lab":{"expected":false,"malicious":false,"scenario":"enterprise_baseline","event_uid":"benign-process-0004"},"event":{"category":"process","type":"start","code":"1","action":"process-created"},"process":{"name":"certutil.exe","executable":"C:\\Windows\\System32\\certutil.exe","command_line":"certutil.exe -verify C:\\Company\\Certificates\\vpn.cer","entity_id":"b2663bb480946668d2c27dc47217a459","pid":3004,"hash":{"sha256":"f80f6bd62952af830c556db654f4a29b55de878e7dddb4070d68bf683ee97751"},"parent":{"name":"mmc.exe","executable":"C:\\Windows\\System32\\mmc.exe","command_line":"mmc.exe certlm.msc","entity_id":"d307d6b1f6eb3036400ffdca21553958","pid":1204}}}
{"@timestamp":"2026-07-10T12:01:26Z","host":{"name":"WS-ENG-042","id":"cbff7ebfb3b5d53d54b01fe4eed9a117","os":{"type":"windows"}},"user":{"name":"m.iyer","domain":"NEXUS","id":"81af19ed413300b2bd1731334525adc5"},"winlog":{"event_id":1,"channel":"Microsoft-Windows-Sysmon/Operational","provider_name":"Microsoft-Windows-Sysmon"},"labels":{"environment":"training-production-sim","sensor":"sysmon","dataset_version":"1.0"},"lab":{"expected":false,"malicious":false,"scenario":"enterprise_baseline","event_uid":"benign-process-0009"},"event":{"category":"process","type":"start","code":"1","action":"process-created"},"process":{"name":"powershell.exe","executable":"C:\\Windows\\System32\\WindowsPowerShell\\v1.0\\powershell.exe","command_line":"powershell.exe -ExecutionPolicy RemoteSigned -File C:\\Company\\Scripts\\PatchStatus.ps1","entity_id":"04995b3a1c96cef8dcb6b7c6da0498ac","pid":3009,"hash":{"sha256":"4326b12d5dc205cddc6d30350e8cc4cf4f4e5ab212cd3908beea2f10fa4715b7"},"parent":{"name":"CcmExec.exe","executable":"C:\\Program Files\\Microsoft Configuration Manager\\CcmExec.exe","command_line":"CcmExec.exe","entity_id":"201e645cc19656e5c961e48d762935df","pid":1209}}}
{"@timestamp":"2026-07-10T12:01:32Z","host":{"name":"WS-FIN-023","id":"bbf9a520210632f02f6c807c1b796c30","os":{"type":"windows"}},"user":{"name":"r.shah","domain":"NEXUS","id":"c8f64615f746341bfa5f1d2909439da7"},"winlog":{"event_id":1,"channel":"Microsoft-Windows-Sysmon/Operational","provider_name":"Microsoft-Windows-Sysmon"},"labels":{"environment":"training-production-sim","sensor":"sysmon","dataset_version":"1.0"},"lab":{"expected":false,"malicious":false,"scenario":"enterprise_baseline","event_uid":"benign-process-0012"},"event":{"category":"process","type":"start","code":"1","action":"process-created"},"process":{"name":"certutil.exe","executable":"C:\\Windows\\System32\\certutil.exe","command_line":"certutil.exe -verify C:\\Company\\Certificates\\vpn.cer","entity_id":"2b1276e93970e728c2c3e481a0cd7c45","pid":3012,"hash":{"sha256":"f80f6bd62952af830c556db654f4a29b55de878e7dddb4070d68bf683ee97751"},"parent":{"name":"mmc.exe","executable":"C:\\Windows\\System32\\mmc.exe","command_line":"mmc.exe certlm.msc","entity_id":"5c567ae5cb74a5dd1297aa4d29dc7644","pid":1212}}}
{"@timestamp":"2026-07-10T12:01:46Z","host":{"name":"WS-FIN-023","id":"bbf9a520210632f02f6c807c1b796c30","os":{"type":"windows"}},"user":{"name":"svc_sccm","domain":"NEXUS","id":"2550706d2550ba5a4d6699e77d98f6df"},"winlog":{"event_id":1,"channel":"Microsoft-Windows-Sysmon/Operational","provider_name":"Microsoft-Windows-Sysmon"},"labels":{"environment":"training-production-sim","sensor":"sysmon","dataset_version":"1.0"},"lab":{"expected":false,"malicious":false,"scenario":"enterprise_baseline","event_uid":"benign-process-0010"},"event":{"category":"process","type":"start","code":"1","action":"process-created"},"process":{"name":"powershell.exe","executable":"C:\\Windows\\System32\\WindowsPowerShell\\v1.0\\powershell.exe","command_line":"powershell.exe -File C:\\Company\\Scripts\\Inventory.ps1","entity_id":"bafff39108159c2fe77421f8d642b9c1","pid":3010,"hash":{"sha256":"f5ed1dec4216f1b4af318118775c8e00e25676cf4ded2a99bb1afe40d14c8b01"},"parent":{"name":"taskeng.exe","executable":"C:\\Windows\\System32\\taskeng.exe","command_line":"taskeng.exe {A1B2-C3D4}","entity_id":"f730c1f81230a042f3de64b010a4bac5","pid":1210}}}
{"@timestamp":"2026-07-10T12:01:53Z","host":{"name":"SRV-APP-07","id":"143e4582f963bab8386e582a5f16a894","os":{"type":"windows"}},"user":{"name":"svc_backup","domain":"NEXUS","id":"34f8d28bdfa993c614df456a860fc6a2"},"winlog":{"event_id":1,"channel":"Microsoft-Windows-Sysmon/Operational","provider_name":"Microsoft-Windows-Sysmon"},"labels":{"environment":"training-production-sim","sensor":"sysmon","dataset_version":"1.0"},"lab":{"expected":false,"malicious":false,"scenario":"enterprise_baseline","event_uid":"benign-process-0013"},"event":{"category":"process","type":"start","code":"1","action":"process-created"},"process":{"name":"wevtutil.exe","executable":"C:\\Windows\\System32\\wevtutil.exe","command_line":"wevtutil.exe qe System /c:20 /f:text","entity_id":"61bba2bc260f461c34312d26211891c8","pid":3013,"hash":{"sha256":"c2c799f58ce579389e83ac5a607797542310a212d2ecac4b66d0a54a9fb9a97c"},"parent":{"name":"cmd.exe","executable":"C:\\Windows\\System32\\cmd.exe","command_line":"cmd.exe /c healthcheck.cmd","entity_id":"d36d933be1200d5f3871a10326419b44","pid":1213}}}
{"@timestamp":"2026-07-10T12:01:56Z","host":{"name":"SRV-APP-07","id":"143e4582f963bab8386e582a5f16a894","os":{"type":"windows"}},"user":{"name":"m.iyer","domain":"NEXUS","id":"81af19ed413300b2bd1731334525adc5"},"winlog":{"event_id":1,"channel":"Microsoft-Windows-Sysmon/Operational","provider_name":"Microsoft-Windows-Sysmon"},"labels":{"environment":"training-production-sim","sensor":"sysmon","dataset_version":"1.0"},"lab":{"expected":false,"malicious":false,"scenario":"enterprise_baseline","event_uid":"benign-process-0006"},"event":{"category":"process","type":"start","code":"1","action":"process-created"},"process":{"name":"wevtutil.exe","executable":"C:\\Windows\\System32\\wevtutil.exe","command_line":"wevtutil.exe qe System /c:20 /f:text","entity_id":"1a5e77c214e2d0db88e321f56a26b9c6","pid":3006,"hash":{"sha256":"c2c799f58ce579389e83ac5a607797542310a212d2ecac4b66d0a54a9fb9a97c"},"parent":{"name":"cmd.exe","executable":"C:\\Windows\\System32\\cmd.exe","command_line":"cmd.exe /c healthcheck.cmd","entity_id":"d4ee3ba700c91f9233326efe43e70a72","pid":1206}}}
{"@timestamp":"2026-07-10T12:02:41Z","host":{"name":"WS-FIN-023","id":"bbf9a520210632f02f6c807c1b796c30","os":{"type":"windows"}},"user":{"name":"j.singh","domain":"NEXUS","id":"23db57ce76ce9f4e0e4c0c6830a536e2"},"winlog":{"event_id":1,"channel":"Microsoft-Windows-Sysmon/Operational","provider_name":"Microsoft-Windows-Sysmon"},"labels":{"environment":"training-production-sim","sensor":"sysmon","dataset_version":"1.0"},"lab":{"expected":false,"malicious":false,"scenario":"enterprise_baseline","event_uid":"benign-process-0011"},"event":{"category":"process","type":"start","code":"1","action":"process-created"},"process":{"name":"cmd.exe","executable":"C:\\Windows\\System32\\cmd.exe","command_line":"cmd.exe /c ipconfig /all","entity_id":"1a8ff1d8d02d330182a96d90060314d5","pid":3011,"hash":{"sha256":"f6892cfdcf96ea9cf30d89e4a515f57de20c491674cbf68fb46588294cbe0337"},"parent":{"name":"explorer.exe","executable":"C:\\Windows\\explorer.exe","command_line":"explorer.exe","entity_id":"7d78f380efb77a63afb247693e9a8d64","pid":1211}}}
{"@timestamp":"2026-07-10T12:02:42Z","host":{"name":"WS-FIN-023","id":"bbf9a520210632f02f6c807c1b796c30","os":{"type":"windows"}},"user":{"name":"j.singh","domain":"NEXUS","id":"23db57ce76ce9f4e0e4c0c6830a536e2"},"winlog":{"event_id":3,"channel":"Microsoft-Windows-Sysmon/Operational","provider_name":"Microsoft-Windows-Sysmon"},"labels":{"environment":"training-production-sim","sensor":"sysmon","dataset_version":"1.0"},"lab":{"expected":false,"malicious":false,"scenario":"enterprise_baseline","event_uid":"1b3b52fe11651ede6df416e574e2311b"},"event":{"category":"network","type":"connection","code":"3","action":"network-connection"},"process":{"name":"cmd.exe","executable":"C:\\Windows\\System32\\cmd.exe","entity_id":"4fb811edf7dd0365e3eb99201f4720ea","pid":3011},"source":{"ip":"10.20.4.23","port":51542},"destination":{"ip":"192.0.2.25","port":443,"domain":"management.nexus.example"},"network":{"transport":"tcp","direction":"egress"}}
{"@timestamp":"2026-07-10T12:02:44Z","host":{"name":"SRV-FILE-02","id":"c4601bfdf0fa7b0e622e4278214e3dcf","os":{"type":"windows"}},"user":{"name":"j.singh","domain":"NEXUS","id":"23db57ce76ce9f4e0e4c0c6830a536e2"},"winlog":{"event_id":1,"channel":"Microsoft-Windows-Sysmon/Operational","provider_name":"Microsoft-Windows-Sysmon"},"labels":{"environment":"training-production-sim","sensor":"sysmon","dataset_version":"1.0"},"lab":{"expected":false,"malicious":false,"scenario":"enterprise_baseline","event_uid":"benign-process-0007"},"event":{"category":"process","type":"start","code":"1","action":"process-created"},"process":{"name":"powershell.exe","executable":"C:\\Windows\\System32\\WindowsPowerShell\\v1.0\\powershell.exe","command_line":"powershell.exe -File C:\\Company\\Scripts\\Inventory.ps1","entity_id":"816f1fdb19f942bd037b4a5a4bbadab0","pid":3007,"hash":{"sha256":"f5ed1dec4216f1b4af318118775c8e00e25676cf4ded2a99bb1afe40d14c8b01"},"parent":{"name":"taskeng.exe","executable":"C:\\Windows\\System32\\taskeng.exe","command_line":"taskeng.exe {A1B2-C3D4}","entity_id":"9d7d4e7add53fcdcb81aa2d1ec601044","pid":1207}}}
{"@timestamp":"2026-07-10T12:02:44Z","host":{"name":"WS-HR-014","id":"ad83321fde080277539f52036ef6b302","os":{"type":"windows"}},"user":{"name":"j.singh","domain":"NEXUS","id":"23db57ce76ce9f4e0e4c0c6830a536e2"},"winlog":{"event_id":1,"channel":"Microsoft-Windows-Sysmon/Operational","provider_name":"Microsoft-Windows-Sysmon"},"labels":{"environment":"training-production-sim","sensor":"sysmon","dataset_version":"1.0"},"lab":{"expected":false,"malicious":false,"scenario":"enterprise_baseline","event_uid":"benign-process-0008"},"event":{"category":"process","type":"start","code":"1","action":"process-created"},"process":{"name":"powershell.exe","executable":"C:\\Windows\\System32\\WindowsPowerShell\\v1.0\\powershell.exe","command_line":"powershell.exe -NoProfile Get-Service WinDefend","entity_id":"a0ccd6db7e8f282ceaf8c692b23b24b1","pid":3008,"hash":{"sha256":"06cb8dc4ff9cc7e1588a71503d15d38da541abaec3b295c58a565d7a849bdbce"},"parent":{"name":"explorer.exe","executable":"C:\\Windows\\explorer.exe","command_line":"explorer.exe","entity_id":"874fc9c9e15f0e58efbbc90643d3cfdb","pid":1208}}}
{"@timestamp":"2026-07-10T12:03:26Z","host":{"name":"WS-HR-014","id":"ad83321fde080277539f52036ef6b302","os":{"type":"windows"}},"user":{"name":"svc_sccm","domain":"NEXUS","id":"2550706d2550ba5a4d6699e77d98f6df"},"winlog":{"event_id":1,"channel":"Microsoft-Windows-Sysmon/Operational","provider_name":"Microsoft-Windows-Sysmon"},"labels":{"environment":"training-production-sim","sensor":"sysmon","dataset_version":"1.0"},"lab":{"expected":false,"malicious":false,"scenario":"enterprise_baseline","event_uid":"benign-process-0014"},"event":{"category":"process","type":"start","code":"1","action":"process-created"},"process":{"name":"certutil.exe","executable":"C:\\Windows\\System32\\certutil.exe","command_line":"certutil.exe -verify C:\\Company\\Certificates\\vpn.cer","entity_id":"9b340528b6574920de5a5062f6869200","pid":3014,"hash":{"sha256":"f80f6bd62952af830c556db654f4a29b55de878e7dddb4070d68bf683ee97751"},"parent":{"name":"mmc.exe","executable":"C:\\Windows\\System32\\mmc.exe","command_line":"mmc.exe certlm.msc","entity_id":"d816d38570890178f5c12ff704df12b5","pid":1214}}}
{"@timestamp":"2026-07-10T12:03:37Z","host":{"name":"WS-ENG-042","id":"cbff7ebfb3b5d53d54b01fe4eed9a117","os":{"type":"windows"}},"user":{"name":"svc_backup","domain":"NEXUS","id":"34f8d28bdfa993c614df456a860fc6a2"},"winlog":{"event_id":1,"channel":"Microsoft-Windows-Sysmon/Operational","provider_name":"Microsoft-Windows-Sysmon"},"labels":{"environment":"training-production-sim","sensor":"sysmon","dataset_version":"1.0"},"lab":{"expected":false,"malicious":false,"scenario":"enterprise_baseline","event_uid":"benign-process-0017"},"event":{"category":"process","type":"start","code":"1","action":"process-created"},"process":{"name":"wevtutil.exe","executable":"C:\\Windows\\System32\\wevtutil.exe","command_line":"wevtutil.exe qe System /c:20 /f:text","entity_id":"9748685aa76dacb5e99fd3d5af64efe9","pid":3017,"hash":{"sha256":"c2c799f58ce579389e83ac5a607797542310a212d2ecac4b66d0a54a9fb9a97c"},"parent":{"name":"cmd.exe","executable":"C:\\Windows\\System32\\cmd.exe","command_line":"cmd.exe /c healthcheck.cmd","entity_id":"4553fe798486e56c0fd546413fea1fb5","pid":1217}}}
{"@timestamp":"2026-07-10T12:03:41Z","host":{"name":"SRV-APP-07","id":"143e4582f963bab8386e582a5f16a894","os":{"type":"windows"}},"user":{"name":"m.iyer","domain":"NEXUS","id":"81af19ed413300b2bd1731334525adc5"},"winlog":{"event_id":1,"channel":"Microsoft-Windows-Sysmon/Operational","provider_name":"Microsoft-Windows-Sysmon"},"labels":{"environment":"training-production-sim","sensor":"sysmon","dataset_version":"1.0"},"lab":{"expected":false,"malicious":false,"scenario":"enterprise_baseline","event_uid":"benign-process-0025"},"event":{"category":"process","type":"start","code":"1","action":"process-created"},"process":{"name":"powershell.exe","executable":"C:\\Windows\\System32\\WindowsPowerShell\\v1.0\\powershell.exe","command_line":"powershell.exe -ExecutionPolicy RemoteSigned -File C:\\Company\\Scripts\\PatchStatus.ps1","entity_id":"06f851bcc76021a1afc0eb4fd94fb7d9","pid":3025,"hash":{"sha256":"4326b12d5dc205cddc6d30350e8cc4cf4f4e5ab212cd3908beea2f10fa4715b7"},"parent":{"name":"CcmExec.exe","executable":"C:\\Program Files\\Microsoft Configuration Manager\\CcmExec.exe","command_line":"CcmExec.exe","entity_id":"bfe9787104e7b2cd44d3690254126b6b","pid":1225}}}
{"@timestamp":"2026-07-10T12:04:56Z","host":{"name":"WS-HR-014","id":"ad83321fde080277539f52036ef6b302","os":{"type":"windows"}},"user":{"name":"j.singh","domain":"NEXUS","id":"23db57ce76ce9f4e0e4c0c6830a536e2"},"winlog":{"event_id":1,"channel":"Microsoft-Windows-Sysmon/Operational","provider_name":"Microsoft-Windows-Sysmon"},"labels":{"environment":"training-production-sim","sensor":"sysmon","dataset_version":"1.0"},"lab":{"expected":false,"malicious":false,"scenario":"enterprise_baseline","event_uid":"benign-process-0015"},"event":{"category":"process","type":"start","code":"1","action":"process-created"},"process":{"name":"powershell.exe","executable":"C:\\Windows\\System32\\WindowsPowerShell\\v1.0\\powershell.exe","command_line":"powershell.exe -NoProfile Get-Service WinDefend","entity_id":"0b21c1798a11c79a7707c60e7c110b58","pid":3015,"hash":{"sha256":"06cb8dc4ff9cc7e1588a71503d15d38da541abaec3b295c58a565d7a849bdbce"},"parent":{"name":"explorer.exe","executable":"C:\\Windows\\explorer.exe","command_line":"explorer.exe","entity_id":"a14498862f4a4f4abcd59965d3c686bd","pid":1215}}}
{"@timestamp":"2026-07-10T12:04:56Z","host":{"name":"WS-HR-014","id":"ad83321fde080277539f52036ef6b302","os":{"type":"windows"}},"user":{"name":"r.shah","domain":"NEXUS","id":"c8f64615f746341bfa5f1d2909439da7"},"winlog":{"event_id":1,"channel":"Microsoft-Windows-Sysmon/Operational","provider_name":"Microsoft-Windows-Sysmon"},"labels":{"environment":"training-production-sim","sensor":"sysmon","dataset_version":"1.0"},"lab":{"expected":false,"malicious":false,"scenario":"enterprise_baseline","event_uid":"benign-process-0020"},"event":{"category":"process","type":"start","code":"1","action":"process-created"},"process":{"name":"certutil.exe","executable":"C:\\Windows\\System32\\certutil.exe","command_line":"certutil.exe -verify C:\\Company\\Certificates\\vpn.cer","entity_id":"0ca06afe3aff994bfe1a915b686e2f94","pid":3020,"hash":{"sha256":"f80f6bd62952af830c556db654f4a29b55de878e7dddb4070d68bf683ee97751"},"parent":{"name":"mmc.exe","executable":"C:\\Windows\\System32\\mmc.exe","command_line":"mmc.exe certlm.msc","entity_id":"2ffd2a94561599fee9f2791d022d3a75","pid":1220}}}
{"@timestamp":"2026-07-10T12:05:00Z","host":{"name":"WS-ENG-042","id":"cbff7ebfb3b5d53d54b01fe4eed9a117","os":{"type":"windows"}},"user":{"name":"a.kapoor","domain":"NEXUS","id":"c032740b73152d6b8c9bbe46d0abcda0"},"winlog":{"event_id":1,"channel":"Microsoft-Windows-Sysmon/Operational","provider_name":"Microsoft-Windows-Sysmon"},"labels":{"environment":"training-production-sim","sensor":"sysmon","dataset_version":"1.0"},"lab":{"expected":false,"malicious":false,"scenario":"enterprise_baseline","event_uid":"benign-process-0016"},"event":{"category":"process","type":"start","code":"1","action":"process-created"},"process":{"name":"cmd.exe","executable":"C:\\Windows\\System32\\cmd.exe","command_line":"cmd.exe /c ipconfig /all","entity_id":"d2c4f5497e50077fb0fa74fc697bd7de","pid":3016,"hash":{"sha256":"f6892cfdcf96ea9cf30d89e4a515f57de20c491674cbf68fb46588294cbe0337"},"parent":{"name":"explorer.exe","executable":"C:\\Windows\\explorer.exe","command_line":"explorer.exe","entity_id":"17a9ada965a14759704f5e57747a8e1d","pid":1216}}}
{"@timestamp":"2026-07-10T12:05:18Z","host":{"name":"WS-FIN-023","id":"bbf9a520210632f02f6c807c1b796c30","os":{"type":"windows"}},"user":{"name":"m.iyer","domain":"NEXUS","id":"81af19ed413300b2bd1731334525adc5"},"winlog":{"event_id":1,"channel":"Microsoft-Windows-Sysmon/Operational","provider_name":"Microsoft-Windows-Sysmon"},"labels":{"environment":"training-production-sim","sensor":"sysmon","dataset_version":"1.0"},"lab":{"expected":false,"malicious":false,"scenario":"enterprise_baseline","event_uid":"benign-process-0023"},"event":{"category":"process","type":"start","code":"1","action":"process-created"},"process":{"name":"powershell.exe","executable":"C:\\Windows\\System32\\WindowsPowerShell\\v1.0\\powershell.exe","command_line":"powershell.exe -File C:\\Company\\Scripts\\Inventory.ps1","entity_id":"565906733c7e6839b2f08826f9d48b33","pid":3023,"hash":{"sha256":"f5ed1dec4216f1b4af318118775c8e00e25676cf4ded2a99bb1afe40d14c8b01"},"parent":{"name":"taskeng.exe","executable":"C:\\Windows\\System32\\taskeng.exe","command_line":"taskeng.exe {A1B2-C3D4}","entity_id":"974d65ee49fc68838e1ea26b46c5d662","pid":1223}}}
{"@timestamp":"2026-07-10T12:05:32Z","host":{"name":"SRV-FILE-02","id":"c4601bfdf0fa7b0e622e4278214e3dcf","os":{"type":"windows"}},"user":{"name":"j.singh","domain":"NEXUS","id":"23db57ce76ce9f4e0e4c0c6830a536e2"},"winlog":{"event_id":1,"channel":"Microsoft-Windows-Sysmon/Operational","provider_name":"Microsoft-Windows-Sysmon"},"labels":{"environment":"training-production-sim","sensor":"sysmon","dataset_version":"1.0"},"lab":{"expected":false,"malicious":false,"scenario":"enterprise_baseline","event_uid":"benign-process-0024"},"event":{"category":"process","type":"start","code":"1","action":"process-created"},"process":{"name":"cmd.exe","executable":"C:\\Windows\\System32\\cmd.exe","command_line":"cmd.exe /c ipconfig /all","entity_id":"c4edc3bffc1e8573288173c94d20e3aa","pid":3024,"hash":{"sha256":"f6892cfdcf96ea9cf30d89e4a515f57de20c491674cbf68fb46588294cbe0337"},"parent":{"name":"explorer.exe","executable":"C:\\Windows\\explorer.exe","command_line":"explorer.exe","entity_id":"5490a4857d53894639d5993f6518ee45","pid":1224}}}
{"@timestamp":"2026-07-10T12:05:32Z","host":{"name":"SRV-APP-07","id":"143e4582f963bab8386e582a5f16a894","os":{"type":"windows"}},"user":{"name":"svc_backup","domain":"NEXUS","id":"34f8d28bdfa993c614df456a860fc6a2"},"winlog":{"event_id":1,"channel":"Microsoft-Windows-Sysmon/Operational","provider_name":"Microsoft-Windows-Sysmon"},"labels":{"environment":"training-production-sim","sensor":"sysmon","dataset_version":"1.0"},"lab":{"expected":false,"malicious":false,"scenario":"enterprise_baseline","event_uid":"benign-process-0042"},"event":{"category":"process","type":"start","code":"1","action":"process-created"},"process":{"name":"wevtutil.exe","executable":"C:\\Windows\\System32\\wevtutil.exe","command_line":"wevtutil.exe qe System /c:20 /f:text","entity_id":"bb0a5dad62250cdb767d770c47e3b7ad","pid":3042,"hash":{"sha256":"c2c799f58ce579389e83ac5a607797542310a212d2ecac4b66d0a54a9fb9a97c"},"parent":{"name":"cmd.exe","executable":"C:\\Windows\\System32\\cmd.exe","command_line":"cmd.exe /c healthcheck.cmd","entity_id":"98d15c533963e66c00ea992c003aa9fd","pid":1242}}}
{"@timestamp":"2026-07-10T12:05:38Z","host":{"name":"WS-HR-014","id":"ad83321fde080277539f52036ef6b302","os":{"type":"windows"}},"user":{"name":"svc_backup","domain":"NEXUS","id":"34f8d28bdfa993c614df456a860fc6a2"},"winlog":{"event_id":1,"channel":"Microsoft-Windows-Sysmon/Operational","provider_name":"Microsoft-Windows-Sysmon"},"labels":{"environment":"training-production-sim","sensor":"sysmon","dataset_version":"1.0"},"lab":{"expected":false,"malicious":false,"scenario":"enterprise_baseline","event_uid":"benign-process-0019"},"event":{"category":"process","type":"start","code":"1","action":"process-created"},"process":{"name":"cmd.exe","executable":"C:\\Windows\\System32\\cmd.exe","command_line":"cmd.exe /c ipconfig /all","entity_id":"a4fbd6f7a29071fbb9d5ddc682e54886","pid":3019,"hash":{"sha256":"f6892cfdcf96ea9cf30d89e4a515f57de20c491674cbf68fb46588294cbe0337"},"parent":{"name":"explorer.exe","executable":"C:\\Windows\\explorer.exe","command_line":"explorer.exe","entity_id":"8d2c949534bf993c2a3e99e613404842","pid":1219}}}
{"@timestamp":"2026-07-10T12:06:32Z","host":{"name":"SRV-FILE-02","id":"c4601bfdf0fa7b0e622e4278214e3dcf","os":{"type":"windows"}},"user":{"name":"a.kapoor","domain":"NEXUS","id":"c032740b73152d6b8c9bbe46d0abcda0"},"winlog":{"event_id":1,"channel":"Microsoft-Windows-Sysmon/Operational","provider_name":"Microsoft-Windows-Sysmon"},"labels":{"environment":"training-production-sim","sensor":"sysmon","dataset_version":"1.0"},"lab":{"expected":false,"malicious":false,"scenario":"enterprise_baseline","event_uid":"benign-process-0022"},"event":{"category":"process","type":"start","code":"1","action":"process-created"},"process":{"name":"powershell.exe","executable":"C:\\Windows\\System32\\WindowsPowerShell\\v1.0\\powershell.exe","command_line":"powershell.exe -ExecutionPolicy RemoteSigned -File C:\\Company\\Scripts\\PatchStatus.ps1","entity_id":"065774d326b35196adcf64d8823a6cf7","pid":3022,"hash":{"sha256":"4326b12d5dc205cddc6d30350e8cc4cf4f4e5ab212cd3908beea2f10fa4715b7"},"parent":{"name":"CcmExec.exe","executable":"C:\\Program Files\\Microsoft Configuration Manager\\CcmExec.exe","command_line":"CcmExec.exe","entity_id":"b40458c6bbf8aa4b7ef00b4950be7f7b","pid":1222}}}
{"@timestamp":"2026-07-10T12:06:33Z","host":{"name":"SRV-FILE-02","id":"c4601bfdf0fa7b0e622e4278214e3dcf","os":{"type":"windows"}},"user":{"name":"a.kapoor","domain":"NEXUS","id":"c032740b73152d6b8c9bbe46d0abcda0"},"winlog":{"event_id":3,"channel":"Microsoft-Windows-Sysmon/Operational","provider_name":"Microsoft-Windows-Sysmon"},"labels":{"environment":"training-production-sim","sensor":"sysmon","dataset_version":"1.0"},"lab":{"expected":false,"malicious":false,"scenario":"enterprise_baseline","event_uid":"4778a30ad7eeae6d64fc437665ffd4b3"},"event":{"category":"network","type":"connection","code":"3","action":"network-connection"},"process":{"name":"powershell.exe","executable":"C:\\Windows\\System32\\WindowsPowerShell\\v1.0\\powershell.exe","entity_id":"b047d4882e93feb37ab54ffa8253e063","pid":3022},"source":{"ip":"10.20.4.23","port":51542},"destination":{"ip":"192.0.2.25","port":443,"domain":"management.nexus.example"},"network":{"transport":"tcp","direction":"egress"}}
{"@timestamp":"2026-07-10T12:06:41Z","host":{"name":"SRV-APP-07","id":"143e4582f963bab8386e582a5f16a894","os":{"type":"windows"}},"user":{"name":"r.shah","domain":"NEXUS","id":"c8f64615f746341bfa5f1d2909439da7"},"winlog":{"event_id":1,"channel":"Microsoft-Windows-Sysmon/Operational","provider_name":"Microsoft-Windows-Sysmon"},"labels":{"environment":"training-production-sim","sensor":"sysmon","dataset_version":"1.0"},"lab":{"expected":false,"malicious":false,"scenario":"enterprise_baseline","event_uid":"benign-process-0027"},"event":{"category":"process","type":"start","code":"1","action":"process-created"},"process":{"name":"powershell.exe","executable":"C:\\Windows\\System32\\WindowsPowerShell\\v1.0\\powershell.exe","command_line":"powershell.exe -File C:\\Company\\Scripts\\Inventory.ps1","entity_id":"b915e1ee37be4a72fef7befd441717e7","pid":3027,"hash":{"sha256":"f5ed1dec4216f1b4af318118775c8e00e25676cf4ded2a99bb1afe40d14c8b01"},"parent":{"name":"taskeng.exe","executable":"C:\\Windows\\System32\\taskeng.exe","command_line":"taskeng.exe {A1B2-C3D4}","entity_id":"16cb1e9cbfe57cf7cb363cd05ad983fc","pid":1227}}}
{"@timestamp":"2026-07-10T12:06:50Z","host":{"name":"WS-FIN-023","id":"bbf9a520210632f02f6c807c1b796c30","os":{"type":"windows"}},"user":{"name":"svc_sccm","domain":"NEXUS","id":"2550706d2550ba5a4d6699e77d98f6df"},"winlog":{"event_id":1,"channel":"Microsoft-Windows-Sysmon/Operational","provider_name":"Microsoft-Windows-Sysmon"},"labels":{"environment":"training-production-sim","sensor":"sysmon","dataset_version":"1.0"},"lab":{"expected":false,"malicious":false,"scenario":"enterprise_baseline","event_uid":"benign-process-0018"},"event":{"category":"process","type":"start","code":"1","action":"process-created"},"process":{"name":"wevtutil.exe","executable":"C:\\Windows\\System32\\wevtutil.exe","command_line":"wevtutil.exe qe System /c:20 /f:text","entity_id":"57afa159d977226a40e48cecb9f262c2","pid":3018,"hash":{"sha256":"c2c799f58ce579389e83ac5a607797542310a212d2ecac4b66d0a54a9fb9a97c"},"parent":{"name":"cmd.exe","executable":"C:\\Windows\\System32\\cmd.exe","command_line":"cmd.exe /c healthcheck.cmd","entity_id":"1791c2e5988f6cd3a4e7482b0b76515a","pid":1218}}}
{"@timestamp":"2026-07-10T12:07:17Z","host":{"name":"WS-ENG-042","id":"cbff7ebfb3b5d53d54b01fe4eed9a117","os":{"type":"windows"}},"user":{"name":"a.kapoor","domain":"NEXUS","id":"c032740b73152d6b8c9bbe46d0abcda0"},"winlog":{"event_id":1,"channel":"Microsoft-Windows-Sysmon/Operational","provider_name":"Microsoft-Windows-Sysmon"},"labels":{"environment":"training-production-sim","sensor":"sysmon","dataset_version":"1.0"},"lab":{"expected":false,"malicious":false,"scenario":"enterprise_baseline","event_uid":"benign-process-0021"},"event":{"category":"process","type":"start","code":"1","action":"process-created"},"process":{"name":"certutil.exe","executable":"C:\\Windows\\System32\\certutil.exe","command_line":"certutil.exe -verify C:\\Company\\Certificates\\vpn.cer","entity_id":"0ccb4e30a7b340e0b8c7614df4665b04","pid":3021,"hash":{"sha256":"f80f6bd62952af830c556db654f4a29b55de878e7dddb4070d68bf683ee97751"},"parent":{"name":"mmc.exe","executable":"C:\\Windows\\System32\\mmc.exe","command_line":"mmc.exe certlm.msc","entity_id":"9d6a530dde1adb6f1332e5134edf30fc","pid":1221}}}
{"@timestamp":"2026-07-10T12:07:17Z","host":{"name":"SRV-FILE-02","id":"c4601bfdf0fa7b0e622e4278214e3dcf","os":{"type":"windows"}},"user":{"name":"j.singh","domain":"NEXUS","id":"23db57ce76ce9f4e0e4c0c6830a536e2"},"winlog":{"event_id":1,"channel":"Microsoft-Windows-Sysmon/Operational","provider_name":"Microsoft-Windows-Sysmon"},"labels":{"environment":"training-production-sim","sensor":"sysmon","dataset_version":"1.0"},"lab":{"expected":false,"malicious":false,"scenario":"enterprise_baseline","event_uid":"benign-process-0049"},"event":{"category":"process","type":"start","code":"1","action":"process-created"},"process":{"name":"wevtutil.exe","executable":"C:\\Windows\\System32\\wevtutil.exe","command_line":"wevtutil.exe qe System /c:20 /f:text","entity_id":"4f101bcd6866f4eaa826130958b8d35b","pid":3049,"hash":{"sha256":"c2c799f58ce579389e83ac5a607797542310a212d2ecac4b66d0a54a9fb9a97c"},"parent":{"name":"cmd.exe","executable":"C:\\Windows\\System32\\cmd.exe","command_line":"cmd.exe /c healthcheck.cmd","entity_id":"c7fc4dda9e1a6c429ba7b831d1df7233","pid":1249}}}
{"@timestamp":"2026-07-10T12:07:26Z","host":{"name":"WS-FIN-023","id":"bbf9a520210632f02f6c807c1b796c30","os":{"type":"windows"}},"user":{"name":"svc_sccm","domain":"NEXUS","id":"2550706d2550ba5a4d6699e77d98f6df"},"winlog":{"event_id":1,"channel":"Microsoft-Windows-Sysmon/Operational","provider_name":"Microsoft-Windows-Sysmon"},"labels":{"environment":"training-production-sim","sensor":"sysmon","dataset_version":"1.0"},"lab":{"expected":false,"malicious":false,"scenario":"enterprise_baseline","event_uid":"benign-process-0030"},"event":{"category":"process","type":"start","code":"1","action":"process-created"},"process":{"name":"powershell.exe","executable":"C:\\Windows\\System32\\WindowsPowerShell\\v1.0\\powershell.exe","command_line":"powershell.exe -ExecutionPolicy RemoteSigned -File C:\\Company\\Scripts\\PatchStatus.ps1","entity_id":"20d143f901f369d3b37cc54e298b95c5","pid":3030,"hash":{"sha256":"4326b12d5dc205cddc6d30350e8cc4cf4f4e5ab212cd3908beea2f10fa4715b7"},"parent":{"name":"CcmExec.exe","executable":"C:\\Program Files\\Microsoft Configuration Manager\\CcmExec.exe","command_line":"CcmExec.exe","entity_id":"31b482a7138080cdd645b521d9622d6a","pid":1230}}}
{"@timestamp":"2026-07-10T12:08:10Z","host":{"name":"WS-ENG-042","id":"cbff7ebfb3b5d53d54b01fe4eed9a117","os":{"type":"windows"}},"user":{"name":"m.iyer","domain":"NEXUS","id":"81af19ed413300b2bd1731334525adc5"},"winlog":{"event_id":1,"channel":"Microsoft-Windows-Sysmon/Operational","provider_name":"Microsoft-Windows-Sysmon"},"labels":{"environment":"training-production-sim","sensor":"sysmon","dataset_version":"1.0"},"lab":{"expected":false,"malicious":false,"scenario":"enterprise_baseline","event_uid":"benign-process-0026"},"event":{"category":"process","type":"start","code":"1","action":"process-created"},"process":{"name":"powershell.exe","executable":"C:\\Windows\\System32\\WindowsPowerShell\\v1.0\\powershell.exe","command_line":"powershell.exe -File C:\\Company\\Scripts\\Inventory.ps1","entity_id":"9058f36bc8528997e82951cdc27e0d72","pid":3026,"hash":{"sha256":"f5ed1dec4216f1b4af318118775c8e00e25676cf4ded2a99bb1afe40d14c8b01"},"parent":{"name":"taskeng.exe","executable":"C:\\Windows\\System32\\taskeng.exe","command_line":"taskeng.exe {A1B2-C3D4}","entity_id":"a77a91b25bf254c6f5f0ca531104cd2e","pid":1226}}}
{"@timestamp":"2026-07-10T12:08:48Z","host":{"name":"WS-FIN-023","id":"bbf9a520210632f02f6c807c1b796c30","os":{"type":"windows"}},"user":{"name":"r.shah","domain":"NEXUS","id":"c8f64615f746341bfa5f1d2909439da7"},"winlog":{"event_id":1,"channel":"Microsoft-Windows-Sysmon/Operational","provider_name":"Microsoft-Windows-Sysmon"},"labels":{"environment":"training-production-sim","sensor":"sysmon","dataset_version":"1.0"},"lab":{"expected":false,"malicious":false,"scenario":"enterprise_baseline","event_uid":"benign-process-0028"},"event":{"category":"process","type":"start","code":"1","action":"process-created"},"process":{"name":"powershell.exe","executable":"C:\\Windows\\System32\\WindowsPowerShell\\v1.0\\powershell.exe","command_line":"powershell.exe -File C:\\Company\\Scripts\\Inventory.ps1","entity_id":"516fe9cae39dee99267cd342028a4e13","pid":3028,"hash":{"sha256":"f5ed1dec4216f1b4af318118775c8e00e25676cf4ded2a99bb1afe40d14c8b01"},"parent":{"name":"taskeng.exe","executable":"C:\\Windows\\System32\\taskeng.exe","command_line":"taskeng.exe {A1B2-C3D4}","entity_id":"1c4bb0b6c9371360075872c47287846f","pid":1228}}}
{"@timestamp":"2026-07-10T12:09:08Z","host":{"name":"SRV-FILE-02","id":"c4601bfdf0fa7b0e622e4278214e3dcf","os":{"type":"windows"}},"user":{"name":"r.shah","domain":"NEXUS","id":"c8f64615f746341bfa5f1d2909439da7"},"winlog":{"event_id":1,"channel":"Microsoft-Windows-Sysmon/Operational","provider_name":"Microsoft-Windows-Sysmon"},"labels":{"environment":"training-production-sim","sensor":"sysmon","dataset_version":"1.0"},"lab":{"expected":false,"malicious":false,"scenario":"enterprise_baseline","event_uid":"benign-process-0069"},"event":{"category":"process","type":"start","code":"1","action":"process-created"},"process":{"name":"wevtutil.exe","executable":"C:\\Windows\\System32\\wevtutil.exe","command_line":"wevtutil.exe qe System /c:20 /f:text","entity_id":"0767b2bab957d9e44a99cd9dcfa05572","pid":3069,"hash":{"sha256":"c2c799f58ce579389e83ac5a607797542310a212d2ecac4b66d0a54a9fb9a97c"},"parent":{"name":"cmd.exe","executable":"C:\\Windows\\System32\\cmd.exe","command_line":"cmd.exe /c healthcheck.cmd","entity_id":"35d1857f322e85b1f954ffdf74fdda16","pid":1269}}}
{"@timestamp":"2026-07-10T12:10:05Z","host":{"name":"SRV-APP-07","id":"143e4582f963bab8386e582a5f16a894","os":{"type":"windows"}},"user":{"name":"svc_sccm","domain":"NEXUS","id":"2550706d2550ba5a4d6699e77d98f6df"},"winlog":{"event_id":1,"channel":"Microsoft-Windows-Sysmon/Operational","provider_name":"Microsoft-Windows-Sysmon"},"labels":{"environment":"training-production-sim","sensor":"sysmon","dataset_version":"1.0"},"lab":{"expected":false,"malicious":false,"scenario":"enterprise_baseline","event_uid":"benign-process-0029"},"event":{"category":"process","type":"start","code":"1","action":"process-created"},"process":{"name":"wevtutil.exe","executable":"C:\\Windows\\System32\\wevtutil.exe","command_line":"wevtutil.exe qe System /c:20 /f:text","entity_id":"fb6a7a16e17c7a5a77c7f81902e5eae1","pid":3029,"hash":{"sha256":"c2c799f58ce579389e83ac5a607797542310a212d2ecac4b66d0a54a9fb9a97c"},"parent":{"name":"cmd.exe","executable":"C:\\Windows\\System32\\cmd.exe","command_line":"cmd.exe /c healthcheck.cmd","entity_id":"39319a5f5f125dfdc9f137752dae5aba","pid":1229}}}
{"@timestamp":"2026-07-10T12:10:20Z","host":{"name":"WS-FIN-023","id":"bbf9a520210632f02f6c807c1b796c30","os":{"type":"windows"}},"user":{"name":"a.kapoor","domain":"NEXUS","id":"c032740b73152d6b8c9bbe46d0abcda0"},"winlog":{"event_id":1,"channel":"Microsoft-Windows-Sysmon/Operational","provider_name":"Microsoft-Windows-Sysmon"},"labels":{"environment":"training-production-sim","sensor":"sysmon","dataset_version":"1.0"},"lab":{"expected":false,"malicious":false,"scenario":"enterprise_baseline","event_uid":"benign-process-0048"},"event":{"category":"process","type":"start","code":"1","action":"process-created"},"process":{"name":"powershell.exe","executable":"C:\\Windows\\System32\\WindowsPowerShell\\v1.0\\powershell.exe","command_line":"powershell.exe -NoProfile Get-Service WinDefend","entity_id":"7873d07d798882c16b873315a3e6ff58","pid":3048,"hash":{"sha256":"06cb8dc4ff9cc7e1588a71503d15d38da541abaec3b295c58a565d7a849bdbce"},"parent":{"name":"explorer.exe","executable":"C:\\Windows\\explorer.exe","command_line":"explorer.exe","entity_id":"7859fd6d79903e56d3b63f47e69e3de7","pid":1248}}}
{"@timestamp":"2026-07-10T12:10:26Z","host":{"name":"WS-HR-014","id":"ad83321fde080277539f52036ef6b302","os":{"type":"windows"}},"user":{"name":"svc_backup","domain":"NEXUS","id":"34f8d28bdfa993c614df456a860fc6a2"},"winlog":{"event_id":1,"channel":"Microsoft-Windows-Sysmon/Operational","provider_name":"Microsoft-Windows-Sysmon"},"labels":{"environment":"training-production-sim","sensor":"sysmon","dataset_version":"1.0"},"lab":{"expected":false,"malicious":false,"scenario":"enterprise_baseline","event_uid":"benign-process-0045"},"event":{"category":"process","type":"start","code":"1","action":"process-created"},"process":{"name":"wevtutil.exe","executable":"C:\\Windows\\System32\\wevtutil.exe","command_line":"wevtutil.exe qe System /c:20 /f:text","entity_id":"aa951801a25eac325e843f07010052a4","pid":3045,"hash":{"sha256":"c2c799f58ce579389e83ac5a607797542310a212d2ecac4b66d0a54a9fb9a97c"},"parent":{"name":"cmd.exe","executable":"C:\\Windows\\System32\\cmd.exe","command_line":"cmd.exe /c healthcheck.cmd","entity_id":"0f28741c43c12751d9735c3f0da5d66c","pid":1245}}}
{"@timestamp":"2026-07-10T12:10:56Z","host":{"name":"SRV-FILE-02","id":"c4601bfdf0fa7b0e622e4278214e3dcf","os":{"type":"windows"}},"user":{"name":"m.iyer","domain":"NEXUS","id":"81af19ed413300b2bd1731334525adc5"},"winlog":{"event_id":1,"channel":"Microsoft-Windows-Sysmon/Operational","provider_name":"Microsoft-Windows-Sysmon"},"labels":{"environment":"training-production-sim","sensor":"sysmon","dataset_version":"1.0"},"lab":{"expected":false,"malicious":false,"scenario":"enterprise_baseline","event_uid":"benign-process-0033"},"event":{"category":"process","type":"start","code":"1","action":"process-created"},"process":{"name":"powershell.exe","executable":"C:\\Windows\\System32\\WindowsPowerShell\\v1.0\\powershell.exe","command_line":"powershell.exe -NoProfile Get-Service WinDefend","entity_id":"945bb83c955ba1ae92c362e05ef68b8a","pid":3033,"hash":{"sha256":"06cb8dc4ff9cc7e1588a71503d15d38da541abaec3b295c58a565d7a849bdbce"},"parent":{"name":"explorer.exe","executable":"C:\\Windows\\explorer.exe","command_line":"explorer.exe","entity_id":"5a36064ea700c4918bb0a0d4b3f64423","pid":1233}}}
{"@timestamp":"2026-07-10T12:10:56Z","host":{"name":"WS-HR-014","id":"ad83321fde080277539f52036ef6b302","os":{"type":"windows"}},"user":{"name":"a.kapoor","domain":"NEXUS","id":"c032740b73152d6b8c9bbe46d0abcda0"},"winlog":{"event_id":1,"channel":"Microsoft-Windows-Sysmon/Operational","provider_name":"Microsoft-Windows-Sysmon"},"labels":{"environment":"training-production-sim","sensor":"sysmon","dataset_version":"1.0"},"lab":{"expected":false,"malicious":false,"scenario":"enterprise_baseline","event_uid":"benign-process-0060"},"event":{"category":"process","type":"start","code":"1","action":"process-created"},"process":{"name":"certutil.exe","executable":"C:\\Windows\\System32\\certutil.exe","command_line":"certutil.exe -verify C:\\Company\\Certificates\\vpn.cer","entity_id":"dff38d25b6e0269c37abd58757bcd703","pid":3060,"hash":{"sha256":"f80f6bd62952af830c556db654f4a29b55de878e7dddb4070d68bf683ee97751"},"parent":{"name":"mmc.exe","executable":"C:\\Windows\\System32\\mmc.exe","command_line":"mmc.exe certlm.msc","entity_id":"c35ba93f44dfbd61fa7fcbf4e2762b8e","pid":1260}}}
{"@timestamp":"2026-07-10T12:10:57Z","host":{"name":"SRV-FILE-02","id":"c4601bfdf0fa7b0e622e4278214e3dcf","os":{"type":"windows"}},"user":{"name":"m.iyer","domain":"NEXUS","id":"81af19ed413300b2bd1731334525adc5"},"winlog":{"event_id":3,"channel":"Microsoft-Windows-Sysmon/Operational","provider_name":"Microsoft-Windows-Sysmon"},"labels":{"environment":"training-production-sim","sensor":"sysmon","dataset_version":"1.0"},"lab":{"expected":false,"malicious":false,"scenario":"enterprise_baseline","event_uid":"04329741365eea14bb6a4245be723053"},"event":{"category":"network","type":"connection","code":"3","action":"network-connection"},"process":{"name":"powershell.exe","executable":"C:\\Windows\\System32\\WindowsPowerShell\\v1.0\\powershell.exe","entity_id":"b46c742c03e36517ec24633f0ad9d991","pid":3033},"source":{"ip":"10.20.4.23","port":51542},"destination":{"ip":"192.0.2.25","port":443,"domain":"management.nexus.example"},"network":{"transport":"tcp","direction":"egress"}}
{"@timestamp":"2026-07-10T12:11:08Z","host":{"name":"WS-ENG-042","id":"cbff7ebfb3b5d53d54b01fe4eed9a117","os":{"type":"windows"}},"user":{"name":"r.shah","domain":"NEXUS","id":"c8f64615f746341bfa5f1d2909439da7"},"winlog":{"event_id":1,"channel":"Microsoft-Windows-Sysmon/Operational","provider_name":"Microsoft-Windows-Sysmon"},"labels":{"environment":"training-production-sim","sensor":"sysmon","dataset_version":"1.0"},"lab":{"expected":false,"malicious":false,"scenario":"enterprise_baseline","event_uid":"benign-process-0032"},"event":{"category":"process","type":"start","code":"1","action":"process-created"},"process":{"name":"wevtutil.exe","executable":"C:\\Windows\\System32\\wevtutil.exe","command_line":"wevtutil.exe qe System /c:20 /f:text","entity_id":"64d8166923d7e43d82d0309ba563ca76","pid":3032,"hash":{"sha256":"c2c799f58ce579389e83ac5a607797542310a212d2ecac4b66d0a54a9fb9a97c"},"parent":{"name":"cmd.exe","executable":"C:\\Windows\\System32\\cmd.exe","command_line":"cmd.exe /c healthcheck.cmd","entity_id":"fa1e3b6e14d32008b4caf57e51793c14","pid":1232}}}
{"@timestamp":"2026-07-10T12:11:16Z","host":{"name":"WS-ENG-042","id":"cbff7ebfb3b5d53d54b01fe4eed9a117","os":{"type":"windows"}},"user":{"name":"svc_sccm","domain":"NEXUS","id":"2550706d2550ba5a4d6699e77d98f6df"},"winlog":{"event_id":1,"channel":"Microsoft-Windows-Sysmon/Operational","provider_name":"Microsoft-Windows-Sysmon"},"labels":{"environment":"training-production-sim","sensor":"sysmon","dataset_version":"1.0"},"lab":{"expected":false,"malicious":false,"scenario":"enterprise_baseline","event_uid":"benign-process-0034"},"event":{"category":"process","type":"start","code":"1","action":"process-created"},"process":{"name":"wevtutil.exe","executable":"C:\\Windows\\System32\\wevtutil.exe","command_line":"wevtutil.exe qe System /c:20 /f:text","entity_id":"a2a67f13103587817a2e060e387da429","pid":3034,"hash":{"sha256":"c2c799f58ce579389e83ac5a607797542310a212d2ecac4b66d0a54a9fb9a97c"},"parent":{"name":"cmd.exe","executable":"C:\\Windows\\System32\\cmd.exe","command_line":"cmd.exe /c healthcheck.cmd","entity_id":"1f589e5ad859b63bf1a3cda14ac3692b","pid":1234}}}
{"@timestamp":"2026-07-10T12:11:18Z","host":{"name":"WS-FIN-023","id":"bbf9a520210632f02f6c807c1b796c30","os":{"type":"windows"}},"user":{"name":"svc_backup","domain":"NEXUS","id":"34f8d28bdfa993c614df456a860fc6a2"},"winlog":{"event_id":1,"channel":"Microsoft-Windows-Sysmon/Operational","provider_name":"Microsoft-Windows-Sysmon"},"labels":{"environment":"training-production-sim","sensor":"sysmon","dataset_version":"1.0"},"lab":{"expected":false,"malicious":false,"scenario":"enterprise_baseline","event_uid":"benign-process-0031"},"event":{"category":"process","type":"start","code":"1","action":"process-created"},"process":{"name":"powershell.exe","executable":"C:\\Windows\\System32\\WindowsPowerShell\\v1.0\\powershell.exe","command_line":"powershell.exe -ExecutionPolicy RemoteSigned -File C:\\Company\\Scripts\\PatchStatus.ps1","entity_id":"7e3872b42c53176a400e8140bf5dab54","pid":3031,"hash":{"sha256":"4326b12d5dc205cddc6d30350e8cc4cf4f4e5ab212cd3908beea2f10fa4715b7"},"parent":{"name":"CcmExec.exe","executable":"C:\\Program Files\\Microsoft Configuration Manager\\CcmExec.exe","command_line":"CcmExec.exe","entity_id":"223da29cf3d2ec7abec06124c9e835f0","pid":1231}}}
