{"@timestamp":"2026-07-10T12:21:32Z","host":{"name":"SRV-FILE-02","id":"c4601bfdf0fa7b0e622e4278214e3dcf","os":{"type":"windows"}},"user":{"name":"svc_sccm","domain":"NEXUS","id":"2550706d2550ba5a4d6699e77d98f6df"},"winlog":{"event_id":1,"channel":"Microsoft-Windows-Sysmon/Operational","provider_name":"Microsoft-Windows-Sysmon"},"labels":{"environment":"training-production-sim","sensor":"sysmon","dataset_version":"1.0"},"lab":{"expected":false,"malicious":false,"scenario":"enterprise_baseline","event_uid":"benign-process-0081"},"event":{"category":"process","type":"start","code":"1","action":"process-created"},"process":{"name":"powershell.exe","executable":"C:\\Windows\\System32\\WindowsPowerShell\\v1.0\\powershell.exe","command_line":"powershell.exe -NoProfile Get-Service WinDefend","entity_id":"fed1dfa86ed9ced4769480a130ae9d05","pid":3081,"hash":{"sha256":"06cb8dc4ff9cc7e1588a71503d15d38da541abaec3b295c58a565d7a849bdbce"},"parent":{"name":"explorer.exe","executable":"C:\\Windows\\explorer.exe","command_line":"explorer.exe","entity_id":"50e716ddbe65dbdf8dd840a80e5f6b50","pid":1281}}}
{"@timestamp":"2026-07-10T12:22:01Z","host":{"name":"WS-ENG-042","id":"cbff7ebfb3b5d53d54b01fe4eed9a117","os":{"type":"windows"}},"user":{"name":"r.shah","domain":"NEXUS","id":"c8f64615f746341bfa5f1d2909439da7"},"winlog":{"event_id":1,"channel":"Microsoft-Windows-Sysmon/Operational","provider_name":"Microsoft-Windows-Sysmon"},"labels":{"environment":"training-production-sim","sensor":"sysmon","dataset_version":"1.0"},"lab":{"expected":false,"malicious":false,"scenario":"enterprise_baseline","event_uid":"benign-process-0053"},"event":{"category":"process","type":"start","code":"1","action":"process-created"},"process":{"name":"powershell.exe","executable":"C:\\Windows\\System32\\WindowsPowerShell\\v1.0\\powershell.exe","command_line":"powershell.exe -ExecutionPolicy RemoteSigned -File C:\\Company\\Scripts\\PatchStatus.ps1","entity_id":"e5af73c05fa754eb2e05cb485961cad8","pid":3053,"hash":{"sha256":"4326b12d5dc205cddc6d30350e8cc4cf4f4e5ab212cd3908beea2f10fa4715b7"},"parent":{"name":"CcmExec.exe","executable":"C:\\Program Files\\Microsoft Configuration Manager\\CcmExec.exe","command_line":"CcmExec.exe","entity_id":"b36f7b53dde9622870582efa60497f4b","pid":1253}}}
{"@timestamp":"2026-07-10T12:22:02Z","host":{"name":"SRV-APP-07","id":"143e4582f963bab8386e582a5f16a894","os":{"type":"windows"}},"user":{"name":"j.singh","domain":"NEXUS","id":"23db57ce76ce9f4e0e4c0c6830a536e2"},"winlog":{"event_id":1,"channel":"Microsoft-Windows-Sysmon/Operational","provider_name":"Microsoft-Windows-Sysmon"},"labels":{"environment":"training-production-sim","sensor":"sysmon","dataset_version":"1.0"},"lab":{"expected":false,"malicious":false,"scenario":"enterprise_baseline","event_uid":"benign-process-0078"},"event":{"category":"process","type":"start","code":"1","action":"process-created"},"process":{"name":"powershell.exe","executable":"C:\\Windows\\System32\\WindowsPowerShell\\v1.0\\powershell.exe","command_line":"powershell.exe -NoProfile Get-Service WinDefend","entity_id":"b77e82e2a2f29dbab40516601bfffa2a","pid":3078,"hash":{"sha256":"06cb8dc4ff9cc7e1588a71503d15d38da541abaec3b295c58a565d7a849bdbce"},"parent":{"name":"explorer.exe","executable":"C:\\Windows\\explorer.exe","command_line":"explorer.exe","entity_id":"abbfe0087556dd57e17d58ce1a32da8e","pid":1278}}}
{"@timestamp":"2026-07-10T12:22:04Z","host":{"name":"WS-FIN-023","id":"bbf9a520210632f02f6c807c1b796c30","os":{"type":"windows"}},"user":{"name":"j.singh","domain":"NEXUS","id":"23db57ce76ce9f4e0e4c0c6830a536e2"},"winlog":{"event_id":1,"channel":"Microsoft-Windows-Sysmon/Operational","provider_name":"Microsoft-Windows-Sysmon"},"labels":{"environment":"training-production-sim","sensor":"sysmon","dataset_version":"1.0"},"lab":{"expected":false,"malicious":false,"scenario":"enterprise_baseline","event_uid":"benign-process-0166"},"event":{"category":"process","type":"start","code":"1","action":"process-created"},"process":{"name":"powershell.exe","executable":"C:\\Windows\\System32\\WindowsPowerShell\\v1.0\\powershell.exe","command_line":"powershell.exe -ExecutionPolicy RemoteSigned -File C:\\Company\\Scripts\\PatchStatus.ps1","entity_id":"d82bad26c9ca0328cddce0d33a34f078","pid":3166,"hash":{"sha256":"4326b12d5dc205cddc6d30350e8cc4cf4f4e5ab212cd3908beea2f10fa4715b7"},"parent":{"name":"CcmExec.exe","executable":"C:\\Program Files\\Microsoft Configuration Manager\\CcmExec.exe","command_line":"CcmExec.exe","entity_id":"997a84881478b46f3842ce24cefff62c","pid":1366}}}
{"@timestamp":"2026-07-10T12:22:06Z","host":{"name":"WS-FIN-023","id":"bbf9a520210632f02f6c807c1b796c30","os":{"type":"windows"}},"user":{"name":"svc_sccm","domain":"NEXUS","id":"2550706d2550ba5a4d6699e77d98f6df"},"winlog":{"event_id":1,"channel":"Microsoft-Windows-Sysmon/Operational","provider_name":"Microsoft-Windows-Sysmon"},"labels":{"environment":"training-production-sim","sensor":"sysmon","dataset_version":"1.0"},"lab":{"expected":false,"malicious":false,"scenario":"enterprise_baseline","event_uid":"benign-process-0070"},"event":{"category":"process","type":"start","code":"1","action":"process-created"},"process":{"name":"certutil.exe","executable":"C:\\Windows\\System32\\certutil.exe","command_line":"certutil.exe -verify C:\\Company\\Certificates\\vpn.cer","entity_id":"d49dc01e81b1611706086c4ea108b12e","pid":3070,"hash":{"sha256":"f80f6bd62952af830c556db654f4a29b55de878e7dddb4070d68bf683ee97751"},"parent":{"name":"mmc.exe","executable":"C:\\Windows\\System32\\mmc.exe","command_line":"mmc.exe certlm.msc","entity_id":"725b4adad0ea97e3b7662e0d414e0785","pid":1270}}}
{"@timestamp":"2026-07-10T12:23:08Z","host":{"name":"WS-HR-014","id":"ad83321fde080277539f52036ef6b302","os":{"type":"windows"}},"user":{"name":"r.shah","domain":"NEXUS","id":"c8f64615f746341bfa5f1d2909439da7"},"winlog":{"event_id":1,"channel":"Microsoft-Windows-Sysmon/Operational","provider_name":"Microsoft-Windows-Sysmon"},"labels":{"environment":"training-production-sim","sensor":"sysmon","dataset_version":"1.0"},"lab":{"expected":false,"malicious":false,"scenario":"enterprise_baseline","event_uid":"benign-process-0087"},"event":{"category":"process","type":"start","code":"1","action":"process-created"},"process":{"name":"certutil.exe","executable":"C:\\Windows\\System32\\certutil.exe","command_line":"certutil.exe -verify C:\\Company\\Certificates\\vpn.cer","entity_id":"b6b32385106825fe357f37f586061384","pid":3087,"hash":{"sha256":"f80f6bd62952af830c556db654f4a29b55de878e7dddb4070d68bf683ee97751"},"parent":{"name":"mmc.exe","executable":"C:\\Windows\\System32\\mmc.exe","command_line":"mmc.exe certlm.msc","entity_id":"7030cb7a19613452ea5f6b5dde2c5f02","pid":1287}}}
{"@timestamp":"2026-07-10T12:23:19Z","host":{"name":"WS-FIN-023","id":"bbf9a520210632f02f6c807c1b796c30","os":{"type":"windows"}},"user":{"name":"a.kapoor","domain":"NEXUS","id":"c032740b73152d6b8c9bbe46d0abcda0"},"winlog":{"event_id":1,"channel":"Microsoft-Windows-Sysmon/Operational","provider_name":"Microsoft-Windows-Sysmon"},"labels":{"environment":"training-production-sim","sensor":"sysmon","dataset_version":"1.0"},"lab":{"expected":false,"malicious":false,"scenario":"enterprise_baseline","event_uid":"benign-process-0061"},"event":{"category":"process","type":"start","code":"1","action":"process-created"},"process":{"name":"powershell.exe","executable":"C:\\Windows\\System32\\WindowsPowerShell\\v1.0\\powershell.exe","command_line":"powershell.exe -File C:\\Company\\Scripts\\Inventory.ps1","entity_id":"45da35d53da05ca1874ed4644bde7c4b","pid":3061,"hash":{"sha256":"f5ed1dec4216f1b4af318118775c8e00e25676cf4ded2a99bb1afe40d14c8b01"},"parent":{"name":"taskeng.exe","executable":"C:\\Windows\\System32\\taskeng.exe","command_line":"taskeng.exe {A1B2-C3D4}","entity_id":"4685971242d299f2d2a13db62a31b350","pid":1261}}}
{"@timestamp":"2026-07-10T12:23:56Z","host":{"name":"SRV-APP-07","id":"143e4582f963bab8386e582a5f16a894","os":{"type":"windows"}},"user":{"name":"svc_backup","domain":"NEXUS","id":"34f8d28bdfa993c614df456a860fc6a2"},"winlog":{"event_id":1,"channel":"Microsoft-Windows-Sysmon/Operational","provider_name":"Microsoft-Windows-Sysmon"},"labels":{"environment":"training-production-sim","sensor":"sysmon","dataset_version":"1.0"},"lab":{"expected":false,"malicious":false,"scenario":"enterprise_baseline","event_uid":"benign-process-0180"},"event":{"category":"process","type":"start","code":"1","action":"process-created"},"process":{"name":"wevtutil.exe","executable":"C:\\Windows\\System32\\wevtutil.exe","command_line":"wevtutil.exe qe System /c:20 /f:text","entity_id":"97227b211470e09ec420f217964b6d89","pid":3180,"hash":{"sha256":"c2c799f58ce579389e83ac5a607797542310a212d2ecac4b66d0a54a9fb9a97c"},"parent":{"name":"cmd.exe","executable":"C:\\Windows\\System32\\cmd.exe","command_line":"cmd.exe /c healthcheck.cmd","entity_id":"5295a4ea3d7630eaaaf34862a8b4e3d4","pid":1380}}}
{"@timestamp":"2026-07-10T12:24:16Z","host":{"name":"WS-HR-014","id":"ad83321fde080277539f52036ef6b302","os":{"type":"windows"}},"user":{"name":"svc_sccm","domain":"NEXUS","id":"2550706d2550ba5a4d6699e77d98f6df"},"winlog":{"event_id":1,"channel":"Microsoft-Windows-Sysmon/Operational","provider_name":"Microsoft-Windows-Sysmon"},"labels":{"environment":"training-production-sim","sensor":"sysmon","dataset_version":"1.0"},"lab":{"expected":false,"malicious":false,"scenario":"enterprise_baseline","event_uid":"benign-process-0073"},"event":{"category":"process","type":"start","code":"1","action":"process-created"},"process":{"name":"powershell.exe","executable":"C:\\Windows\\System32\\WindowsPowerShell\\v1.0\\powershell.exe","command_line":"powershell.exe -File C:\\Company\\Scripts\\Inventory.ps1","entity_id":"3f30f611b8c57310f1bd7d58cec5f9ea","pid":3073,"hash":{"sha256":"f5ed1dec4216f1b4af318118775c8e00e25676cf4ded2a99bb1afe40d14c8b01"},"parent":{"name":"taskeng.exe","executable":"C:\\Windows\\System32\\taskeng.exe","command_line":"taskeng.exe {A1B2-C3D4}","entity_id":"960c2efc8a95a0e1f9a713f0085566af","pid":1273}}}
{"@timestamp":"2026-07-10T12:24:44Z","host":{"name":"WS-ENG-042","id":"cbff7ebfb3b5d53d54b01fe4eed9a117","os":{"type":"windows"}},"user":{"name":"m.iyer","domain":"NEXUS","id":"81af19ed413300b2bd1731334525adc5"},"winlog":{"event_id":1,"channel":"Microsoft-Windows-Sysmon/Operational","provider_name":"Microsoft-Windows-Sysmon"},"labels":{"environment":"training-production-sim","sensor":"sysmon","dataset_version":"1.0"},"lab":{"expected":false,"malicious":false,"scenario":"enterprise_baseline","event_uid":"benign-process-0062"},"event":{"category":"process","type":"start","code":"1","action":"process-created"},"process":{"name":"certutil.exe","executable":"C:\\Windows\\System32\\certutil.exe","command_line":"certutil.exe -verify C:\\Company\\Certificates\\vpn.cer","entity_id":"4ddc1347d60b0a2c6aa0c646a35c38f8","pid":3062,"hash":{"sha256":"f80f6bd62952af830c556db654f4a29b55de878e7dddb4070d68bf683ee97751"},"parent":{"name":"mmc.exe","executable":"C:\\Windows\\System32\\mmc.exe","command_line":"mmc.exe certlm.msc","entity_id":"c997024ed8c6e2f6093af1d6a7621cc5","pid":1262}}}
{"@timestamp":"2026-07-10T12:24:54Z","host":{"name":"WS-ENG-042","id":"cbff7ebfb3b5d53d54b01fe4eed9a117","os":{"type":"windows"}},"user":{"name":"m.iyer","domain":"NEXUS","id":"81af19ed413300b2bd1731334525adc5"},"winlog":{"event_id":1,"channel":"Microsoft-Windows-Sysmon/Operational","provider_name":"Microsoft-Windows-Sysmon"},"labels":{"environment":"training-production-sim","sensor":"sysmon","dataset_version":"1.0"},"lab":{"expected":false,"malicious":false,"scenario":"enterprise_baseline","event_uid":"benign-process-0107"},"event":{"category":"process","type":"start","code":"1","action":"process-created"},"process":{"name":"powershell.exe","executable":"C:\\Windows\\System32\\WindowsPowerShell\\v1.0\\powershell.exe","command_line":"powershell.exe -ExecutionPolicy RemoteSigned -File C:\\Company\\Scripts\\PatchStatus.ps1","entity_id":"ddc82795e0cb6bd9c21e5a8093577751","pid":3107,"hash":{"sha256":"4326b12d5dc205cddc6d30350e8cc4cf4f4e5ab212cd3908beea2f10fa4715b7"},"parent":{"name":"CcmExec.exe","executable":"C:\\Program Files\\Microsoft Configuration Manager\\CcmExec.exe","command_line":"CcmExec.exe","entity_id":"7d95798f6b6364c62d4ef6a0270394ea","pid":1307}}}
{"@timestamp":"2026-07-10T12:24:56Z","host":{"name":"WS-HR-014","id":"ad83321fde080277539f52036ef6b302","os":{"type":"windows"}},"user":{"name":"j.singh","domain":"NEXUS","id":"23db57ce76ce9f4e0e4c0c6830a536e2"},"winlog":{"event_id":1,"channel":"Microsoft-Windows-Sysmon/Operational","provider_name":"Microsoft-Windows-Sysmon"},"labels":{"environment":"training-production-sim","sensor":"sysmon","dataset_version":"1.0"},"lab":{"expected":false,"malicious":false,"scenario":"enterprise_baseline","event_uid":"benign-process-0100"},"event":{"category":"process","type":"start","code":"1","action":"process-created"},"process":{"name":"wevtutil.exe","executable":"C:\\Windows\\System32\\wevtutil.exe","command_line":"wevtutil.exe qe System /c:20 /f:text","entity_id":"8d5efc9148e46cd4f62f986bff328ab2","pid":3100,"hash":{"sha256":"c2c799f58ce579389e83ac5a607797542310a212d2ecac4b66d0a54a9fb9a97c"},"parent":{"name":"cmd.exe","executable":"C:\\Windows\\System32\\cmd.exe","command_line":"cmd.exe /c healthcheck.cmd","entity_id":"092c8cfe058c89fec311269f37f2e9ed","pid":1300}}}
{"@timestamp":"2026-07-10T12:25:08Z","host":{"name":"WS-FIN-023","id":"bbf9a520210632f02f6c807c1b796c30","os":{"type":"windows"}},"user":{"name":"a.kapoor","domain":"NEXUS","id":"c032740b73152d6b8c9bbe46d0abcda0"},"winlog":{"event_id":1,"channel":"Microsoft-Windows-Sysmon/Operational","provider_name":"Microsoft-Windows-Sysmon"},"labels":{"environment":"training-production-sim","sensor":"sysmon","dataset_version":"1.0"},"lab":{"expected":false,"malicious":false,"scenario":"enterprise_baseline","event_uid":"benign-process-0189"},"event":{"category":"process","type":"start","code":"1","action":"process-created"},"process":{"name":"certutil.exe","executable":"C:\\Windows\\System32\\certutil.exe","command_line":"certutil.exe -verify C:\\Company\\Certificates\\vpn.cer","entity_id":"a9ec9ac07d9b8f59c3aa23e5c7dd0912","pid":3189,"hash":{"sha256":"f80f6bd62952af830c556db654f4a29b55de878e7dddb4070d68bf683ee97751"},"parent":{"name":"mmc.exe","executable":"C:\\Windows\\System32\\mmc.exe","command_line":"mmc.exe certlm.msc","entity_id":"b6a96676e302d984c1c2f1b7a90348dd","pid":1389}}}
{"@timestamp":"2026-07-10T12:25:36Z","host":{"name":"WS-HR-014","id":"ad83321fde080277539f52036ef6b302","os":{"type":"windows"}},"user":{"name":"svc_sccm","domain":"NEXUS","id":"2550706d2550ba5a4d6699e77d98f6df"},"winlog":{"event_id":1,"channel":"Microsoft-Windows-Sysmon/Operational","provider_name":"Microsoft-Windows-Sysmon"},"labels":{"environment":"training-production-sim","sensor":"sysmon","dataset_version":"1.0"},"lab":{"expected":false,"malicious":false,"scenario":"enterprise_baseline","event_uid":"benign-process-0077"},"event":{"category":"process","type":"start","code":"1","action":"process-created"},"process":{"name":"cmd.exe","executable":"C:\\Windows\\System32\\cmd.exe","command_line":"cmd.exe /c ipconfig /all","entity_id":"45520d5de096083465b348122d1efac0","pid":3077,"hash":{"sha256":"f6892cfdcf96ea9cf30d89e4a515f57de20c491674cbf68fb46588294cbe0337"},"parent":{"name":"explorer.exe","executable":"C:\\Windows\\explorer.exe","command_line":"explorer.exe","entity_id":"f32e69a0c28500406f0fe2a063b856de","pid":1277}}}
{"@timestamp":"2026-07-10T12:25:37Z","host":{"name":"SRV-APP-07","id":"143e4582f963bab8386e582a5f16a894","os":{"type":"windows"}},"user":{"name":"svc_sccm","domain":"NEXUS","id":"2550706d2550ba5a4d6699e77d98f6df"},"winlog":{"event_id":1,"channel":"Microsoft-Windows-Sysmon/Operational","provider_name":"Microsoft-Windows-Sysmon"},"labels":{"environment":"training-production-sim","sensor":"sysmon","dataset_version":"1.0"},"lab":{"expected":false,"malicious":false,"scenario":"enterprise_baseline","event_uid":"benign-process-0067"},"event":{"category":"process","type":"start","code":"1","action":"process-created"},"process":{"name":"wevtutil.exe","executable":"C:\\Windows\\System32\\wevtutil.exe","command_line":"wevtutil.exe qe System /c:20 /f:text","entity_id":"817f3a4e18b8d26a34f828f329a069fe","pid":3067,"hash":{"sha256":"c2c799f58ce579389e83ac5a607797542310a212d2ecac4b66d0a54a9fb9a97c"},"parent":{"name":"cmd.exe","executable":"C:\\Windows\\System32\\cmd.exe","command_line":"cmd.exe /c healthcheck.cmd","entity_id":"4f75ee9fe948204d221ba1a493c39ff0","pid":1267}}}
{"@timestamp":"2026-07-10T12:25:37Z","host":{"name":"WS-HR-014","id":"ad83321fde080277539f52036ef6b302","os":{"type":"windows"}},"user":{"name":"svc_sccm","domain":"NEXUS","id":"2550706d2550ba5a4d6699e77d98f6df"},"winlog":{"event_id":3,"channel":"Microsoft-Windows-Sysmon/Operational","provider_name":"Microsoft-Windows-Sysmon"},"labels":{"environment":"training-production-sim","sensor":"sysmon","dataset_version":"1.0"},"lab":{"expected":false,"malicious":false,"scenario":"enterprise_baseline","event_uid":"c5ad74395af37385187b0f89b5eb9aaa"},"event":{"category":"network","type":"connection","code":"3","action":"network-connection"},"process":{"name":"cmd.exe","executable":"C:\\Windows\\System32\\cmd.exe","entity_id":"3a74d703fe07487d5aeadbcc0338d53e","pid":3077},"source":{"ip":"10.20.4.23","port":51542},"destination":{"ip":"192.0.2.25","port":443,"domain":"management.nexus.example"},"network":{"transport":"tcp","direction":"egress"}}
{"@timestamp":"2026-07-10T12:25:43Z","host":{"name":"SRV-APP-07","id":"143e4582f963bab8386e582a5f16a894","os":{"type":"windows"}},"user":{"name":"a.kapoor","domain":"NEXUS","id":"c032740b73152d6b8c9bbe46d0abcda0"},"winlog":{"event_id":1,"channel":"Microsoft-Windows-Sysmon/Operational","provider_name":"Microsoft-Windows-Sysmon"},"labels":{"environment":"training-production-sim","sensor":"sysmon","dataset_version":"1.0"},"lab":{"expected":false,"malicious":false,"scenario":"enterprise_baseline","event_uid":"benign-process-0091"},"event":{"category":"process","type":"start","code":"1","action":"process-created"},"process":{"name":"wevtutil.exe","executable":"C:\\Windows\\System32\\wevtutil.exe","command_line":"wevtutil.exe qe System /c:20 /f:text","entity_id":"814a257e53a5be81f08c0c3b8f642dc8","pid":3091,"hash":{"sha256":"c2c799f58ce579389e83ac5a607797542310a212d2ecac4b66d0a54a9fb9a97c"},"parent":{"name":"cmd.exe","executable":"C:\\Windows\\System32\\cmd.exe","command_line":"cmd.exe /c healthcheck.cmd","entity_id":"3b2a405fc2005d0143497dd7248676c9","pid":1291}}}
{"@timestamp":"2026-07-10T12:25:50Z","host":{"name":"WS-HR-014","id":"ad83321fde080277539f52036ef6b302","os":{"type":"windows"}},"user":{"name":"svc_sccm","domain":"NEXUS","id":"2550706d2550ba5a4d6699e77d98f6df"},"winlog":{"event_id":1,"channel":"Microsoft-Windows-Sysmon/Operational","provider_name":"Microsoft-Windows-Sysmon"},"labels":{"environment":"training-production-sim","sensor":"sysmon","dataset_version":"1.0"},"lab":{"expected":false,"malicious":false,"scenario":"enterprise_baseline","event_uid":"benign-process-0074"},"event":{"category":"process","type":"start","code":"1","action":"process-created"},"process":{"name":"cmd.exe","executable":"C:\\Windows\\System32\\cmd.exe","command_line":"cmd.exe /c ipconfig /all","entity_id":"2af695f9b02bb1484df60c7d080d8de2","pid":3074,"hash":{"sha256":"f6892cfdcf96ea9cf30d89e4a515f57de20c491674cbf68fb46588294cbe0337"},"parent":{"name":"explorer.exe","executable":"C:\\Windows\\explorer.exe","command_line":"explorer.exe","entity_id":"a8315e39dfca88844ea64ed3dd632e14","pid":1274}}}
{"@timestamp":"2026-07-10T12:26:02Z","host":{"name":"SRV-FILE-02","id":"c4601bfdf0fa7b0e622e4278214e3dcf","os":{"type":"windows"}},"user":{"name":"svc_sccm","domain":"NEXUS","id":"2550706d2550ba5a4d6699e77d98f6df"},"winlog":{"event_id":1,"channel":"Microsoft-Windows-Sysmon/Operational","provider_name":"Microsoft-Windows-Sysmon"},"labels":{"environment":"training-production-sim","sensor":"sysmon","dataset_version":"1.0"},"lab":{"expected":false,"malicious":false,"scenario":"enterprise_baseline","event_uid":"benign-process-0174"},"event":{"category":"process","type":"start","code":"1","action":"process-created"},"process":{"name":"certutil.exe","executable":"C:\\Windows\\System32\\certutil.exe","command_line":"certutil.exe -verify C:\\Company\\Certificates\\vpn.cer","entity_id":"d156bd870993d4e402ec322dcc4ab8c1","pid":3174,"hash":{"sha256":"f80f6bd62952af830c556db654f4a29b55de878e7dddb4070d68bf683ee97751"},"parent":{"name":"mmc.exe","executable":"C:\\Windows\\System32\\mmc.exe","command_line":"mmc.exe certlm.msc","entity_id":"92b036f3b84728cc81835701acd5b49b","pid":1374}}}
{"@timestamp":"2026-07-10T12:26:11Z","host":{"name":"WS-FIN-023","id":"bbf9a520210632f02f6c807c1b796c30","os":{"type":"windows"}},"user":{"name":"a.kapoor","domain":"NEXUS","id":"c032740b73152d6b8c9bbe46d0abcda0"},"winlog":{"event_id":1,"channel":"Microsoft-Windows-Sysmon/Operational","provider_name":"Microsoft-Windows-Sysmon"},"labels":{"environment":"training-production-sim","sensor":"sysmon","dataset_version":"1.0"},"lab":{"expected":false,"malicious":false,"scenario":"enterprise_baseline","event_uid":"benign-process-0063"},"event":{"category":"process","type":"start","code":"1","action":"process-created"},"process":{"name":"powershell.exe","executable":"C:\\Windows\\System32\\WindowsPowerShell\\v1.0\\powershell.exe","command_line":"powershell.exe -ExecutionPolicy RemoteSigned -File C:\\Company\\Scripts\\PatchStatus.ps1","entity_id":"4d10ca532c6a24cfac5c4b6607522bd4","pid":3063,"hash":{"sha256":"4326b12d5dc205cddc6d30350e8cc4cf4f4e5ab212cd3908beea2f10fa4715b7"},"parent":{"name":"CcmExec.exe","executable":"C:\\Program Files\\Microsoft Configuration Manager\\CcmExec.exe","command_line":"CcmExec.exe","entity_id":"0e4c0e399559edd7f796c3128c902d71","pid":1263}}}
{"@timestamp":"2026-07-10T12:26:11Z","host":{"name":"WS-FIN-023","id":"bbf9a520210632f02f6c807c1b796c30","os":{"type":"windows"}},"user":{"name":"m.iyer","domain":"NEXUS","id":"81af19ed413300b2bd1731334525adc5"},"winlog":{"event_id":1,"channel":"Microsoft-Windows-Sysmon/Operational","provider_name":"Microsoft-Windows-Sysmon"},"labels":{"environment":"training-production-sim","sensor":"sysmon","dataset_version":"1.0"},"lab":{"expected":false,"malicious":false,"scenario":"enterprise_baseline","event_uid":"benign-process-0175"},"event":{"category":"process","type":"start","code":"1","action":"process-created"},"process":{"name":"powershell.exe","executable":"C:\\Windows\\System32\\WindowsPowerShell\\v1.0\\powershell.exe","command_line":"powershell.exe -ExecutionPolicy RemoteSigned -File C:\\Company\\Scripts\\PatchStatus.ps1","entity_id":"1684ffa068e14270803468929a16428e","pid":3175,"hash":{"sha256":"4326b12d5dc205cddc6d30350e8cc4cf4f4e5ab212cd3908beea2f10fa4715b7"},"parent":{"name":"CcmExec.exe","executable":"C:\\Program Files\\Microsoft Configuration Manager\\CcmExec.exe","command_line":"CcmExec.exe","entity_id":"5cf1cd7c784452b2c71c8819dfa57f99","pid":1375}}}
{"@timestamp":"2026-07-10T12:26:17Z","host":{"name":"SRV-FILE-02","id":"c4601bfdf0fa7b0e622e4278214e3dcf","os":{"type":"windows"}},"user":{"name":"svc_sccm","domain":"NEXUS","id":"2550706d2550ba5a4d6699e77d98f6df"},"winlog":{"event_id":1,"channel":"Microsoft-Windows-Sysmon/Operational","provider_name":"Microsoft-Windows-Sysmon"},"labels":{"environment":"training-production-sim","sensor":"sysmon","dataset_version":"1.0"},"lab":{"expected":false,"malicious":false,"scenario":"enterprise_baseline","event_uid":"benign-process-0093"},"event":{"category":"process","type":"start","code":"1","action":"process-created"},"process":{"name":"certutil.exe","executable":"C:\\Windows\\System32\\certutil.exe","command_line":"certutil.exe -verify C:\\Company\\Certificates\\vpn.cer","entity_id":"bf7d53a1ee4d14f3ab6d6126cf050626","pid":3093,"hash":{"sha256":"f80f6bd62952af830c556db654f4a29b55de878e7dddb4070d68bf683ee97751"},"parent":{"name":"mmc.exe","executable":"C:\\Windows\\System32\\mmc.exe","command_line":"mmc.exe certlm.msc","entity_id":"22968f82389c043dd70981bc29ac77f2","pid":1293}}}
{"@timestamp":"2026-07-10T12:26:20Z","host":{"name":"WS-FIN-023","id":"bbf9a520210632f02f6c807c1b796c30","os":{"type":"windows"}},"user":{"name":"j.singh","domain":"NEXUS","id":"23db57ce76ce9f4e0e4c0c6830a536e2"},"winlog":{"event_id":1,"channel":"Microsoft-Windows-Sysmon/Operational","provider_name":"Microsoft-Windows-Sysmon"},"labels":{"environment":"training-production-sim","sensor":"sysmon","dataset_version":"1.0"},"lab":{"expected":false,"malicious":false,"scenario":"enterprise_baseline","event_uid":"benign-process-0088"},"event":{"category":"process","type":"start","code":"1","action":"process-created"},"process":{"name":"cmd.exe","executable":"C:\\Windows\\System32\\cmd.exe","command_line":"cmd.exe /c ipconfig /all","entity_id":"3f01b828179fcb843de07d20a607af48","pid":3088,"hash":{"sha256":"f6892cfdcf96ea9cf30d89e4a515f57de20c491674cbf68fb46588294cbe0337"},"parent":{"name":"explorer.exe","executable":"C:\\Windows\\explorer.exe","command_line":"explorer.exe","entity_id":"d8dbb465332c5501c02054948299212c","pid":1288}}}
{"@timestamp":"2026-07-10T12:26:21Z","host":{"name":"WS-FIN-023","id":"bbf9a520210632f02f6c807c1b796c30","os":{"type":"windows"}},"user":{"name":"j.singh","domain":"NEXUS","id":"23db57ce76ce9f4e0e4c0c6830a536e2"},"winlog":{"event_id":3,"channel":"Microsoft-Windows-Sysmon/Operational","provider_name":"Microsoft-Windows-Sysmon"},"labels":{"environment":"training-production-sim","sensor":"sysmon","dataset_version":"1.0"},"lab":{"expected":false,"malicious":false,"scenario":"enterprise_baseline","event_uid":"1b0fcd9ad5bba049f9130146dbdc0a77"},"event":{"category":"network","type":"connection","code":"3","action":"network-connection"},"process":{"name":"cmd.exe","executable":"C:\\Windows\\System32\\cmd.exe","entity_id":"7503866893bb85ef4f1943ba38f3a9cf","pid":3088},"source":{"ip":"10.20.4.23","port":51542},"destination":{"ip":"192.0.2.25","port":443,"domain":"management.nexus.example"},"network":{"transport":"tcp","direction":"egress"}}
{"@timestamp":"2026-07-10T12:26:32Z","host":{"name":"WS-HR-014","id":"ad83321fde080277539f52036ef6b302","os":{"type":"windows"}},"user":{"name":"j.singh","domain":"NEXUS","id":"23db57ce76ce9f4e0e4c0c6830a536e2"},"winlog":{"event_id":1,"channel":"Microsoft-Windows-Sysmon/Operational","provider_name":"Microsoft-Windows-Sysmon"},"labels":{"environment":"training-production-sim","sensor":"sysmon","dataset_version":"1.0"},"lab":{"expected":false,"malicious":false,"scenario":"enterprise_baseline","event_uid":"benign-process-0133"},"event":{"category":"process","type":"start","code":"1","action":"process-created"},"process":{"name":"powershell.exe","executable":"C:\\Windows\\System32\\WindowsPowerShell\\v1.0\\powershell.exe","command_line":"powershell.exe -File C:\\Company\\Scripts\\Inventory.ps1","entity_id":"de6542a8e95b09fa6a991455d178ffad","pid":3133,"hash":{"sha256":"f5ed1dec4216f1b4af318118775c8e00e25676cf4ded2a99bb1afe40d14c8b01"},"parent":{"name":"taskeng.exe","executable":"C:\\Windows\\System32\\taskeng.exe","command_line":"taskeng.exe {A1B2-C3D4}","entity_id":"983121ac7ee08be4073ec7fe86b647bf","pid":1333}}}
{"@timestamp":"2026-07-10T12:26:47Z","host":{"name":"WS-HR-014","id":"ad83321fde080277539f52036ef6b302","os":{"type":"windows"}},"user":{"name":"svc_sccm","domain":"NEXUS","id":"2550706d2550ba5a4d6699e77d98f6df"},"winlog":{"event_id":1,"channel":"Microsoft-Windows-Sysmon/Operational","provider_name":"Microsoft-Windows-Sysmon"},"labels":{"environment":"training-production-sim","sensor":"sysmon","dataset_version":"1.0"},"lab":{"expected":false,"malicious":false,"scenario":"enterprise_baseline","event_uid":"benign-process-0179"},"event":{"category":"process","type":"start","code":"1","action":"process-created"},"process":{"name":"powershell.exe","executable":"C:\\Windows\\System32\\WindowsPowerShell\\v1.0\\powershell.exe","command_line":"powershell.exe -File C:\\Company\\Scripts\\Inventory.ps1","entity_id":"e3fa655373bd245d2ba601329af878b8","pid":3179,"hash":{"sha256":"f5ed1dec4216f1b4af318118775c8e00e25676cf4ded2a99bb1afe40d14c8b01"},"parent":{"name":"taskeng.exe","executable":"C:\\Windows\\System32\\taskeng.exe","command_line":"taskeng.exe {A1B2-C3D4}","entity_id":"d0dade544c559218ba4f09f43b76062e","pid":1379}}}
{"@timestamp":"2026-07-10T12:26:53Z","host":{"name":"WS-ENG-042","id":"cbff7ebfb3b5d53d54b01fe4eed9a117","os":{"type":"windows"}},"user":{"name":"j.singh","domain":"NEXUS","id":"23db57ce76ce9f4e0e4c0c6830a536e2"},"winlog":{"event_id":1,"channel":"Microsoft-Windows-Sysmon/Operational","provider_name":"Microsoft-Windows-Sysmon"},"labels":{"environment":"training-production-sim","sensor":"sysmon","dataset_version":"1.0"},"lab":{"expected":false,"malicious":false,"scenario":"enterprise_baseline","event_uid":"benign-process-0147"},"event":{"category":"process","type":"start","code":"1","action":"process-created"},"process":{"name":"powershell.exe","executable":"C:\\Windows\\System32\\WindowsPowerShell\\v1.0\\powershell.exe","command_line":"powershell.exe -ExecutionPolicy RemoteSigned -File C:\\Company\\Scripts\\PatchStatus.ps1","entity_id":"62cb7d6a1d655557e572e94823610683","pid":3147,"hash":{"sha256":"4326b12d5dc205cddc6d30350e8cc4cf4f4e5ab212cd3908beea2f10fa4715b7"},"parent":{"name":"CcmExec.exe","executable":"C:\\Program Files\\Microsoft Configuration Manager\\CcmExec.exe","command_line":"CcmExec.exe","entity_id":"067d78eb055ff788561c88a4b4a93c84","pid":1347}}}
{"@timestamp":"2026-07-10T12:27:00Z","host":{"name":"SRV-FILE-02","id":"c4601bfdf0fa7b0e622e4278214e3dcf","os":{"type":"windows"}},"user":{"name":"a.kapoor","domain":"NEXUS","id":"c032740b73152d6b8c9bbe46d0abcda0"},"winlog":{"event_id":1,"channel":"Microsoft-Windows-Sysmon/Operational","provider_name":"Microsoft-Windows-Sysmon"},"labels":{"environment":"training-production-sim","sensor":"sysmon","dataset_version":"1.0"},"lab":{"expected":false,"malicious":false,"scenario":"enterprise_baseline","event_uid":"benign-process-0203"},"event":{"category":"process","type":"start","code":"1","action":"process-created"},"process":{"name":"wevtutil.exe","executable":"C:\\Windows\\System32\\wevtutil.exe","command_line":"wevtutil.exe qe System /c:20 /f:text","entity_id":"8ca2cabff2aea235c19392addb07e867","pid":3203,"hash":{"sha256":"c2c799f58ce579389e83ac5a607797542310a212d2ecac4b66d0a54a9fb9a97c"},"parent":{"name":"cmd.exe","executable":"C:\\Windows\\System32\\cmd.exe","command_line":"cmd.exe /c healthcheck.cmd","entity_id":"d0f6131263327dca0b02cddcbbe5018a","pid":1403}}}
{"@timestamp":"2026-07-10T12:27:06Z","host":{"name":"SRV-APP-07","id":"143e4582f963bab8386e582a5f16a894","os":{"type":"windows"}},"user":{"name":"r.shah","domain":"NEXUS","id":"c8f64615f746341bfa5f1d2909439da7"},"winlog":{"event_id":1,"channel":"Microsoft-Windows-Sysmon/Operational","provider_name":"Microsoft-Windows-Sysmon"},"labels":{"environment":"training-production-sim","sensor":"sysmon","dataset_version":"1.0"},"lab":{"expected":false,"malicious":false,"scenario":"enterprise_baseline","event_uid":"benign-process-0163"},"event":{"category":"process","type":"start","code":"1","action":"process-created"},"process":{"name":"powershell.exe","executable":"C:\\Windows\\System32\\WindowsPowerShell\\v1.0\\powershell.exe","command_line":"powershell.exe -NoProfile Get-Service WinDefend","entity_id":"d0d44b9bd5036bd416138fe565098107","pid":3163,"hash":{"sha256":"06cb8dc4ff9cc7e1588a71503d15d38da541abaec3b295c58a565d7a849bdbce"},"parent":{"name":"explorer.exe","executable":"C:\\Windows\\explorer.exe","command_line":"explorer.exe","entity_id":"c5be2c66c4c4cf7cdd291d9165b0015b","pid":1363}}}
{"@timestamp":"2026-07-10T12:27:08Z","host":{"name":"WS-FIN-023","id":"bbf9a520210632f02f6c807c1b796c30","os":{"type":"windows"}},"user":{"name":"j.singh","domain":"NEXUS","id":"23db57ce76ce9f4e0e4c0c6830a536e2"},"winlog":{"event_id":1,"channel":"Microsoft-Windows-Sysmon/Operational","provider_name":"Microsoft-Windows-Sysmon"},"labels":{"environment":"training-production-sim","sensor":"sysmon","dataset_version":"1.0"},"lab":{"expected":false,"malicious":false,"scenario":"enterprise_baseline","event_uid":"benign-process-0102"},"event":{"category":"process","type":"start","code":"1","action":"process-created"},"process":{"name":"powershell.exe","executable":"C:\\Windows\\System32\\WindowsPowerShell\\v1.0\\powershell.exe","command_line":"powershell.exe -NoProfile Get-Service WinDefend","entity_id":"e952f16a1cfa69b66c399cf6fd2bca8d","pid":3102,"hash":{"sha256":"06cb8dc4ff9cc7e1588a71503d15d38da541abaec3b295c58a565d7a849bdbce"},"parent":{"name":"explorer.exe","executable":"C:\\Windows\\explorer.exe","command_line":"explorer.exe","entity_id":"62efc797ee66875e3f0bcdadaddf6a07","pid":1302}}}
{"@timestamp":"2026-07-10T12:27:16Z","host":{"name":"SRV-APP-07","id":"143e4582f963bab8386e582a5f16a894","os":{"type":"windows"}},"user":{"name":"m.iyer","domain":"NEXUS","id":"81af19ed413300b2bd1731334525adc5"},"winlog":{"event_id":1,"channel":"Microsoft-Windows-Sysmon/Operational","provider_name":"Microsoft-Windows-Sysmon"},"labels":{"environment":"training-production-sim","sensor":"sysmon","dataset_version":"1.0"},"lab":{"expected":false,"malicious":false,"scenario":"enterprise_baseline","event_uid":"benign-process-0205"},"event":{"category":"process","type":"start","code":"1","action":"process-created"},"process":{"name":"powershell.exe","executable":"C:\\Windows\\System32\\WindowsPowerShell\\v1.0\\powershell.exe","command_line":"powershell.exe -NoProfile Get-Service WinDefend","entity_id":"978f09151c9e196e98d76f993770200c","pid":3205,"hash":{"sha256":"06cb8dc4ff9cc7e1588a71503d15d38da541abaec3b295c58a565d7a849bdbce"},"parent":{"name":"explorer.exe","executable":"C:\\Windows\\explorer.exe","command_line":"explorer.exe","entity_id":"5d3298f81530cb631c83933a2a995a3a","pid":1405}}}
{"@timestamp":"2026-07-10T12:27:24Z","host":{"name":"SRV-FILE-02","id":"c4601bfdf0fa7b0e622e4278214e3dcf","os":{"type":"windows"}},"user":{"name":"a.kapoor","domain":"NEXUS","id":"c032740b73152d6b8c9bbe46d0abcda0"},"winlog":{"event_id":1,"channel":"Microsoft-Windows-Sysmon/Operational","provider_name":"Microsoft-Windows-Sysmon"},"labels":{"environment":"training-production-sim","sensor":"sysmon","dataset_version":"1.0"},"lab":{"expected":false,"malicious":false,"scenario":"enterprise_baseline","event_uid":"benign-process-0206"},"event":{"category":"process","type":"start","code":"1","action":"process-created"},"process":{"name":"wevtutil.exe","executable":"C:\\Windows\\System32\\wevtutil.exe","command_line":"wevtutil.exe qe System /c:20 /f:text","entity_id":"1568491c236e338a602939dafec18817","pid":3206,"hash":{"sha256":"c2c799f58ce579389e83ac5a607797542310a212d2ecac4b66d0a54a9fb9a97c"},"parent":{"name":"cmd.exe","executable":"C:\\Windows\\System32\\cmd.exe","command_line":"cmd.exe /c healthcheck.cmd","entity_id":"db01ee708b694874e4d6313bf70a4587","pid":1406}}}
{"@timestamp":"2026-07-10T12:27:32Z","host":{"name":"WS-FIN-023","id":"bbf9a520210632f02f6c807c1b796c30","os":{"type":"windows"}},"user":{"name":"a.kapoor","domain":"NEXUS","id":"c032740b73152d6b8c9bbe46d0abcda0"},"winlog":{"event_id":1,"channel":"Microsoft-Windows-Sysmon/Operational","provider_name":"Microsoft-Windows-Sysmon"},"labels":{"environment":"training-production-sim","sensor":"sysmon","dataset_version":"1.0"},"lab":{"expected":false,"malicious":false,"scenario":"enterprise_baseline","event_uid":"benign-process-0207"},"event":{"category":"process","type":"start","code":"1","action":"process-created"},"process":{"name":"powershell.exe","executable":"C:\\Windows\\System32\\WindowsPowerShell\\v1.0\\powershell.exe","command_line":"powershell.exe -ExecutionPolicy RemoteSigned -File C:\\Company\\Scripts\\PatchStatus.ps1","entity_id":"23611201d39546cbc8faad6a310b1019","pid":3207,"hash":{"sha256":"4326b12d5dc205cddc6d30350e8cc4cf4f4e5ab212cd3908beea2f10fa4715b7"},"parent":{"name":"CcmExec.exe","executable":"C:\\Program Files\\Microsoft Configuration Manager\\CcmExec.exe","command_line":"CcmExec.exe","entity_id":"8f457a56d9eec04e86f5e607b5e9203b","pid":1407}}}
{"@timestamp":"2026-07-10T12:28:11Z","host":{"name":"WS-ENG-042","id":"cbff7ebfb3b5d53d54b01fe4eed9a117","os":{"type":"windows"}},"user":{"name":"a.kapoor","domain":"NEXUS","id":"c032740b73152d6b8c9bbe46d0abcda0"},"winlog":{"event_id":1,"channel":"Microsoft-Windows-Sysmon/Operational","provider_name":"Microsoft-Windows-Sysmon"},"labels":{"environment":"training-production-sim","sensor":"sysmon","dataset_version":"1.0"},"lab":{"expected":false,"malicious":false,"scenario":"enterprise_baseline","event_uid":"benign-process-0113"},"event":{"category":"process","type":"start","code":"1","action":"process-created"},"process":{"name":"certutil.exe","executable":"C:\\Windows\\System32\\certutil.exe","command_line":"certutil.exe -verify C:\\Company\\Certificates\\vpn.cer","entity_id":"7580812fa0ca72c1ea4184842abd54d1","pid":3113,"hash":{"sha256":"f80f6bd62952af830c556db654f4a29b55de878e7dddb4070d68bf683ee97751"},"parent":{"name":"mmc.exe","executable":"C:\\Windows\\System32\\mmc.exe","command_line":"mmc.exe certlm.msc","entity_id":"b2dd25979c5bd959ce0566339ca3d4de","pid":1313}}}
{"@timestamp":"2026-07-10T12:28:52Z","host":{"name":"WS-HR-014","id":"ad83321fde080277539f52036ef6b302","os":{"type":"windows"}},"user":{"name":"a.kapoor","domain":"NEXUS","id":"c032740b73152d6b8c9bbe46d0abcda0"},"winlog":{"event_id":1,"channel":"Microsoft-Windows-Sysmon/Operational","provider_name":"Microsoft-Windows-Sysmon"},"labels":{"environment":"training-production-sim","sensor":"sysmon","dataset_version":"1.0"},"lab":{"expected":false,"malicious":false,"scenario":"enterprise_baseline","event_uid":"benign-process-0217"},"event":{"category":"process","type":"start","code":"1","action":"process-created"},"process":{"name":"wevtutil.exe","executable":"C:\\Windows\\System32\\wevtutil.exe","command_line":"wevtutil.exe qe System /c:20 /f:text","entity_id":"d1d4ad9df7e98a5641ebdcc9f4b9a72b","pid":3217,"hash":{"sha256":"c2c799f58ce579389e83ac5a607797542310a212d2ecac4b66d0a54a9fb9a97c"},"parent":{"name":"cmd.exe","executable":"C:\\Windows\\System32\\cmd.exe","command_line":"cmd.exe /c healthcheck.cmd","entity_id":"3ecbc41cbd114d1af60f92129a3e583a","pid":1417}}}
{"@timestamp":"2026-07-10T12:29:16Z","host":{"name":"WS-FIN-023","id":"bbf9a520210632f02f6c807c1b796c30","os":{"type":"windows"}},"user":{"name":"m.iyer","domain":"NEXUS","id":"81af19ed413300b2bd1731334525adc5"},"winlog":{"event_id":1,"channel":"Microsoft-Windows-Sysmon/Operational","provider_name":"Microsoft-Windows-Sysmon"},"labels":{"environment":"training-production-sim","sensor":"sysmon","dataset_version":"1.0"},"lab":{"expected":false,"malicious":false,"scenario":"enterprise_baseline","event_uid":"benign-process-0176"},"event":{"category":"process","type":"start","code":"1","action":"process-created"},"process":{"name":"cmd.exe","executable":"C:\\Windows\\System32\\cmd.exe","command_line":"cmd.exe /c ipconfig /all","entity_id":"11f14e98610151a5f78bf741d776667a","pid":3176,"hash":{"sha256":"f6892cfdcf96ea9cf30d89e4a515f57de20c491674cbf68fb46588294cbe0337"},"parent":{"name":"explorer.exe","executable":"C:\\Windows\\explorer.exe","command_line":"explorer.exe","entity_id":"d329050b37ff1e112e455504506b338a","pid":1376}}}
{"@timestamp":"2026-07-10T12:29:17Z","host":{"name":"WS-FIN-023","id":"bbf9a520210632f02f6c807c1b796c30","os":{"type":"windows"}},"user":{"name":"m.iyer","domain":"NEXUS","id":"81af19ed413300b2bd1731334525adc5"},"winlog":{"event_id":3,"channel":"Microsoft-Windows-Sysmon/Operational","provider_name":"Microsoft-Windows-Sysmon"},"labels":{"environment":"training-production-sim","sensor":"sysmon","dataset_version":"1.0"},"lab":{"expected":false,"malicious":false,"scenario":"enterprise_baseline","event_uid":"2aeffd766211ceceae4929441db09208"},"event":{"category":"network","type":"connection","code":"3","action":"network-connection"},"process":{"name":"cmd.exe","executable":"C:\\Windows\\System32\\cmd.exe","entity_id":"8658c4c1dce7a53c7ca95bb53d447d8c","pid":3176},"source":{"ip":"10.20.4.23","port":51542},"destination":{"ip":"192.0.2.25","port":443,"domain":"management.nexus.example"},"network":{"transport":"tcp","direction":"egress"}}
{"@timestamp":"2026-07-10T12:29:31Z","host":{"name":"WS-ENG-042","id":"cbff7ebfb3b5d53d54b01fe4eed9a117","os":{"type":"windows"}},"user":{"name":"svc_sccm","domain":"NEXUS","id":"2550706d2550ba5a4d6699e77d98f6df"},"winlog":{"event_id":1,"channel":"Microsoft-Windows-Sysmon/Operational","provider_name":"Microsoft-Windows-Sysmon"},"labels":{"environment":"training-production-sim","sensor":"sysmon","dataset_version":"1.0"},"lab":{"expected":false,"malicious":false,"scenario":"enterprise_baseline","event_uid":"benign-process-0071"},"event":{"category":"process","type":"start","code":"1","action":"process-created"},"process":{"name":"powershell.exe","executable":"C:\\Windows\\System32\\WindowsPowerShell\\v1.0\\powershell.exe","command_line":"powershell.exe -NoProfile Get-Service WinDefend","entity_id":"332911351e3f9b395b184fdbef663147","pid":3071,"hash":{"sha256":"06cb8dc4ff9cc7e1588a71503d15d38da541abaec3b295c58a565d7a849bdbce"},"parent":{"name":"explorer.exe","executable":"C:\\Windows\\explorer.exe","command_line":"explorer.exe","entity_id":"b7093b344d9b734342928add82f3f98b","pid":1271}}}
{"@timestamp":"2026-07-10T12:29:32Z","host":{"name":"WS-ENG-042","id":"cbff7ebfb3b5d53d54b01fe4eed9a117","os":{"type":"windows"}},"user":{"name":"svc_sccm","domain":"NEXUS","id":"2550706d2550ba5a4d6699e77d98f6df"},"winlog":{"event_id":1,"channel":"Microsoft-Windows-Sysmon/Operational","provider_name":"Microsoft-Windows-Sysmon"},"labels":{"environment":"training-production-sim","sensor":"sysmon","dataset_version":"1.0"},"lab":{"expected":false,"malicious":false,"scenario":"enterprise_baseline","event_uid":"benign-process-0148"},"event":{"category":"process","type":"start","code":"1","action":"process-created"},"process":{"name":"cmd.exe","executable":"C:\\Windows\\System32\\cmd.exe","command_line":"cmd.exe /c ipconfig /all","entity_id":"ed7d1096e0bfa41191143b09e8468156","pid":3148,"hash":{"sha256":"f6892cfdcf96ea9cf30d89e4a515f57de20c491674cbf68fb46588294cbe0337"},"parent":{"name":"explorer.exe","executable":"C:\\Windows\\explorer.exe","command_line":"explorer.exe","entity_id":"4b09c35ee9d6c9f70afac6de383fe030","pid":1348}}}
{"@timestamp":"2026-07-10T12:29:36Z","host":{"name":"WS-HR-014","id":"ad83321fde080277539f52036ef6b302","os":{"type":"windows"}},"user":{"name":"j.singh","domain":"NEXUS","id":"23db57ce76ce9f4e0e4c0c6830a536e2"},"winlog":{"event_id":1,"channel":"Microsoft-Windows-Sysmon/Operational","provider_name":"Microsoft-Windows-Sysmon"},"labels":{"environment":"training-production-sim","sensor":"sysmon","dataset_version":"1.0"},"lab":{"expected":false,"malicious":false,"scenario":"enterprise_baseline","event_uid":"benign-process-0089"},"event":{"category":"process","type":"start","code":"1","action":"process-created"},"process":{"name":"powershell.exe","executable":"C:\\Windows\\System32\\WindowsPowerShell\\v1.0\\powershell.exe","command_line":"powershell.exe -NoProfile Get-Service WinDefend","entity_id":"524ac92b72ae30a63453e168b49dd0b6","pid":3089,"hash":{"sha256":"06cb8dc4ff9cc7e1588a71503d15d38da541abaec3b295c58a565d7a849bdbce"},"parent":{"name":"explorer.exe","executable":"C:\\Windows\\explorer.exe","command_line":"explorer.exe","entity_id":"4f664db6a03159c88b0f775f5ff77ad9","pid":1289}}}
{"@timestamp":"2026-07-10T12:29:38Z","host":{"name":"WS-FIN-023","id":"bbf9a520210632f02f6c807c1b796c30","os":{"type":"windows"}},"user":{"name":"j.singh","domain":"NEXUS","id":"23db57ce76ce9f4e0e4c0c6830a536e2"},"winlog":{"event_id":1,"channel":"Microsoft-Windows-Sysmon/Operational","provider_name":"Microsoft-Windows-Sysmon"},"labels":{"environment":"training-production-sim","sensor":"sysmon","dataset_version":"1.0"},"lab":{"expected":false,"malicious":false,"scenario":"enterprise_baseline","event_uid":"benign-process-0099"},"event":{"category":"process","type":"start","code":"1","action":"process-created"},"process":{"name":"powershell.exe","executable":"C:\\Windows\\System32\\WindowsPowerShell\\v1.0\\powershell.exe","command_line":"powershell.exe -NoProfile Get-Service WinDefend","entity_id":"bebf43cd799bac64b12f0e5bd50ddfdb","pid":3099,"hash":{"sha256":"06cb8dc4ff9cc7e1588a71503d15d38da541abaec3b295c58a565d7a849bdbce"},"parent":{"name":"explorer.exe","executable":"C:\\Windows\\explorer.exe","command_line":"explorer.exe","entity_id":"b7d47fc4bb0cfdbcc6c03092d35f719c","pid":1299}}}
{"@timestamp":"2026-07-10T12:29:39Z","host":{"name":"WS-FIN-023","id":"bbf9a520210632f02f6c807c1b796c30","os":{"type":"windows"}},"user":{"name":"j.singh","domain":"NEXUS","id":"23db57ce76ce9f4e0e4c0c6830a536e2"},"winlog":{"event_id":3,"channel":"Microsoft-Windows-Sysmon/Operational","provider_name":"Microsoft-Windows-Sysmon"},"labels":{"environment":"training-production-sim","sensor":"sysmon","dataset_version":"1.0"},"lab":{"expected":false,"malicious":false,"scenario":"enterprise_baseline","event_uid":"647611ab9bb467cd9a06f3c9e73a16f7"},"event":{"category":"network","type":"connection","code":"3","action":"network-connection"},"process":{"name":"powershell.exe","executable":"C:\\Windows\\System32\\WindowsPowerShell\\v1.0\\powershell.exe","entity_id":"a0dca7116267b7c8b8c82bf7a3fc9cbe","pid":3099},"source":{"ip":"10.20.4.23","port":51542},"destination":{"ip":"192.0.2.25","port":443,"domain":"management.nexus.example"},"network":{"transport":"tcp","direction":"egress"}}
{"@timestamp":"2026-07-10T12:30:08Z","host":{"name":"SRV-FILE-02","id":"c4601bfdf0fa7b0e622e4278214e3dcf","os":{"type":"windows"}},"user":{"name":"j.singh","domain":"NEXUS","id":"23db57ce76ce9f4e0e4c0c6830a536e2"},"winlog":{"event_id":1,"channel":"Microsoft-Windows-Sysmon/Operational","provider_name":"Microsoft-Windows-Sysmon"},"labels":{"environment":"training-production-sim","sensor":"sysmon","dataset_version":"1.0"},"lab":{"expected":false,"malicious":false,"scenario":"enterprise_baseline","event_uid":"benign-process-0151"},"event":{"category":"process","type":"start","code":"1","action":"process-created"},"process":{"name":"powershell.exe","executable":"C:\\Windows\\System32\\WindowsPowerShell\\v1.0\\powershell.exe","command_line":"powershell.exe -NoProfile Get-Service WinDefend","entity_id":"647885ed75cedf23a78f9a7005d190d5","pid":3151,"hash":{"sha256":"06cb8dc4ff9cc7e1588a71503d15d38da541abaec3b295c58a565d7a849bdbce"},"parent":{"name":"explorer.exe","executable":"C:\\Windows\\explorer.exe","command_line":"explorer.exe","entity_id":"38e3e75e8158c93bd76de5e034b6d75a","pid":1351}}}
{"@timestamp":"2026-07-10T12:30:20Z","host":{"name":"SRV-FILE-02","id":"c4601bfdf0fa7b0e622e4278214e3dcf","os":{"type":"windows"}},"user":{"name":"a.kapoor","domain":"NEXUS","id":"c032740b73152d6b8c9bbe46d0abcda0"},"winlog":{"event_id":1,"channel":"Microsoft-Windows-Sysmon/Operational","provider_name":"Microsoft-Windows-Sysmon"},"labels":{"environment":"training-production-sim","sensor":"sysmon","dataset_version":"1.0"},"lab":{"expected":false,"malicious":false,"scenario":"enterprise_baseline","event_uid":"benign-process-0114"},"event":{"category":"process","type":"start","code":"1","action":"process-created"},"process":{"name":"certutil.exe","executable":"C:\\Windows\\System32\\certutil.exe","command_line":"certutil.exe -verify C:\\Company\\Certificates\\vpn.cer","entity_id":"5a8865ddb370e62014cdb945edb62d63","pid":3114,"hash":{"sha256":"f80f6bd62952af830c556db654f4a29b55de878e7dddb4070d68bf683ee97751"},"parent":{"name":"mmc.exe","executable":"C:\\Windows\\System32\\mmc.exe","command_line":"mmc.exe certlm.msc","entity_id":"a7beede8c2f6d40922419f60d4a19629","pid":1314}}}
{"@timestamp":"2026-07-10T12:30:36Z","host":{"name":"SRV-APP-07","id":"143e4582f963bab8386e582a5f16a894","os":{"type":"windows"}},"user":{"name":"svc_sccm","domain":"NEXUS","id":"2550706d2550ba5a4d6699e77d98f6df"},"winlog":{"event_id":1,"channel":"Microsoft-Windows-Sysmon/Operational","provider_name":"Microsoft-Windows-Sysmon"},"labels":{"environment":"training-production-sim","sensor":"sysmon","dataset_version":"1.0"},"lab":{"expected":false,"malicious":false,"scenario":"enterprise_baseline","event_uid":"benign-process-0184"},"event":{"category":"process","type":"start","code":"1","action":"process-created"},"process":{"name":"powershell.exe","executable":"C:\\Windows\\System32\\WindowsPowerShell\\v1.0\\powershell.exe","command_line":"powershell.exe -ExecutionPolicy RemoteSigned -File C:\\Company\\Scripts\\PatchStatus.ps1","entity_id":"3e9d6a1229795e727a40f5431df6c716","pid":3184,"hash":{"sha256":"4326b12d5dc205cddc6d30350e8cc4cf4f4e5ab212cd3908beea2f10fa4715b7"},"parent":{"name":"CcmExec.exe","executable":"C:\\Program Files\\Microsoft Configuration Manager\\CcmExec.exe","command_line":"CcmExec.exe","entity_id":"198fa759ad1d46b527fa0e36ab9ff6dd","pid":1384}}}
