{"@timestamp":"2026-07-10T12:40:16Z","host":{"name":"SRV-APP-07","id":"143e4582f963bab8386e582a5f16a894","os":{"type":"windows"}},"user":{"name":"svc_sccm","domain":"NEXUS","id":"2550706d2550ba5a4d6699e77d98f6df"},"winlog":{"event_id":1,"channel":"Microsoft-Windows-Sysmon/Operational","provider_name":"Microsoft-Windows-Sysmon"},"labels":{"environment":"training-production-sim","sensor":"sysmon","dataset_version":"1.0"},"lab":{"expected":false,"malicious":false,"scenario":"enterprise_baseline","event_uid":"benign-process-0121"},"event":{"category":"process","type":"start","code":"1","action":"process-created"},"process":{"name":"powershell.exe","executable":"C:\\Windows\\System32\\WindowsPowerShell\\v1.0\\powershell.exe","command_line":"powershell.exe -NoProfile Get-Service WinDefend","entity_id":"6140781d723e8e4e676c243b52e89931","pid":3121,"hash":{"sha256":"06cb8dc4ff9cc7e1588a71503d15d38da541abaec3b295c58a565d7a849bdbce"},"parent":{"name":"explorer.exe","executable":"C:\\Windows\\explorer.exe","command_line":"explorer.exe","entity_id":"5badff57237fe3b0f48c7dcb859bc908","pid":1321}}}
{"@timestamp":"2026-07-10T12:40:17Z","host":{"name":"SRV-APP-07","id":"143e4582f963bab8386e582a5f16a894","os":{"type":"windows"}},"user":{"name":"svc_sccm","domain":"NEXUS","id":"2550706d2550ba5a4d6699e77d98f6df"},"winlog":{"event_id":3,"channel":"Microsoft-Windows-Sysmon/Operational","provider_name":"Microsoft-Windows-Sysmon"},"labels":{"environment":"training-production-sim","sensor":"sysmon","dataset_version":"1.0"},"lab":{"expected":false,"malicious":false,"scenario":"enterprise_baseline","event_uid":"e64dc2b53466fe1ef8bcba55dfa71588"},"event":{"category":"network","type":"connection","code":"3","action":"network-connection"},"process":{"name":"powershell.exe","executable":"C:\\Windows\\System32\\WindowsPowerShell\\v1.0\\powershell.exe","entity_id":"fc9d57a65c3c6b86c425a37a3f400b2d","pid":3121},"source":{"ip":"10.20.4.23","port":51542},"destination":{"ip":"192.0.2.25","port":443,"domain":"management.nexus.example"},"network":{"transport":"tcp","direction":"egress"}}
{"@timestamp":"2026-07-10T12:40:36Z","host":{"name":"SRV-APP-07","id":"143e4582f963bab8386e582a5f16a894","os":{"type":"windows"}},"user":{"name":"a.kapoor","domain":"NEXUS","id":"c032740b73152d6b8c9bbe46d0abcda0"},"winlog":{"event_id":1,"channel":"Microsoft-Windows-Sysmon/Operational","provider_name":"Microsoft-Windows-Sysmon"},"labels":{"environment":"training-production-sim","sensor":"sysmon","dataset_version":"1.0"},"lab":{"expected":false,"malicious":false,"scenario":"enterprise_baseline","event_uid":"benign-process-0122"},"event":{"category":"process","type":"start","code":"1","action":"process-created"},"process":{"name":"wevtutil.exe","executable":"C:\\Windows\\System32\\wevtutil.exe","command_line":"wevtutil.exe qe System /c:20 /f:text","entity_id":"7d3059b6a4d29909277998cd5f561b69","pid":3122,"hash":{"sha256":"c2c799f58ce579389e83ac5a607797542310a212d2ecac4b66d0a54a9fb9a97c"},"parent":{"name":"cmd.exe","executable":"C:\\Windows\\System32\\cmd.exe","command_line":"cmd.exe /c healthcheck.cmd","entity_id":"70409169ef88d587de118cc439c2e697","pid":1322}}}
{"@timestamp":"2026-07-10T12:41:20Z","host":{"name":"WS-FIN-023","id":"bbf9a520210632f02f6c807c1b796c30","os":{"type":"windows"}},"user":{"name":"svc_sccm","domain":"NEXUS","id":"2550706d2550ba5a4d6699e77d98f6df"},"winlog":{"event_id":1,"channel":"Microsoft-Windows-Sysmon/Operational","provider_name":"Microsoft-Windows-Sysmon"},"labels":{"environment":"training-production-sim","sensor":"sysmon","dataset_version":"1.0"},"lab":{"expected":false,"malicious":false,"scenario":"enterprise_baseline","event_uid":"benign-process-0138"},"event":{"category":"process","type":"start","code":"1","action":"process-created"},"process":{"name":"powershell.exe","executable":"C:\\Windows\\System32\\WindowsPowerShell\\v1.0\\powershell.exe","command_line":"powershell.exe -NoProfile Get-Service WinDefend","entity_id":"c59450c10aa19a2e59511767caea2fe8","pid":3138,"hash":{"sha256":"06cb8dc4ff9cc7e1588a71503d15d38da541abaec3b295c58a565d7a849bdbce"},"parent":{"name":"explorer.exe","executable":"C:\\Windows\\explorer.exe","command_line":"explorer.exe","entity_id":"9f1be09d75c1ed90a947c0ab4b6ac770","pid":1338}}}
{"@timestamp":"2026-07-10T12:41:25Z","host":{"name":"WS-FIN-023","id":"bbf9a520210632f02f6c807c1b796c30","os":{"type":"windows"}},"user":{"name":"j.singh","domain":"NEXUS","id":"23db57ce76ce9f4e0e4c0c6830a536e2"},"winlog":{"event_id":1,"channel":"Microsoft-Windows-Sysmon/Operational","provider_name":"Microsoft-Windows-Sysmon"},"labels":{"environment":"training-production-sim","sensor":"sysmon","dataset_version":"1.0"},"lab":{"expected":false,"malicious":false,"scenario":"enterprise_baseline","event_uid":"benign-process-0131"},"event":{"category":"process","type":"start","code":"1","action":"process-created"},"process":{"name":"cmd.exe","executable":"C:\\Windows\\System32\\cmd.exe","command_line":"cmd.exe /c ipconfig /all","entity_id":"6eafd4503b87304cec145aa4b535f26c","pid":3131,"hash":{"sha256":"f6892cfdcf96ea9cf30d89e4a515f57de20c491674cbf68fb46588294cbe0337"},"parent":{"name":"explorer.exe","executable":"C:\\Windows\\explorer.exe","command_line":"explorer.exe","entity_id":"e9fcaa126b4d4a504224692aaec77f51","pid":1331}}}
{"@timestamp":"2026-07-10T12:41:32Z","host":{"name":"WS-HR-014","id":"ad83321fde080277539f52036ef6b302","os":{"type":"windows"}},"user":{"name":"j.singh","domain":"NEXUS","id":"23db57ce76ce9f4e0e4c0c6830a536e2"},"winlog":{"event_id":1,"channel":"Microsoft-Windows-Sysmon/Operational","provider_name":"Microsoft-Windows-Sysmon"},"labels":{"environment":"training-production-sim","sensor":"sysmon","dataset_version":"1.0"},"lab":{"expected":false,"malicious":false,"scenario":"enterprise_baseline","event_uid":"benign-process-0208"},"event":{"category":"process","type":"start","code":"1","action":"process-created"},"process":{"name":"cmd.exe","executable":"C:\\Windows\\System32\\cmd.exe","command_line":"cmd.exe /c ipconfig /all","entity_id":"bab382bdeaab8173192f74696d8206d8","pid":3208,"hash":{"sha256":"f6892cfdcf96ea9cf30d89e4a515f57de20c491674cbf68fb46588294cbe0337"},"parent":{"name":"explorer.exe","executable":"C:\\Windows\\explorer.exe","command_line":"explorer.exe","entity_id":"af1961ad2e9fcea5997c971f2cc680a1","pid":1408}}}
{"@timestamp":"2026-07-10T12:42:24Z","host":{"name":"WS-ENG-042","id":"cbff7ebfb3b5d53d54b01fe4eed9a117","os":{"type":"windows"}},"user":{"name":"r.shah","domain":"NEXUS","id":"c8f64615f746341bfa5f1d2909439da7"},"winlog":{"event_id":1,"channel":"Microsoft-Windows-Sysmon/Operational","provider_name":"Microsoft-Windows-Sysmon"},"labels":{"environment":"training-production-sim","sensor":"sysmon","dataset_version":"1.0"},"lab":{"expected":false,"malicious":false,"scenario":"enterprise_baseline","event_uid":"benign-process-0196"},"event":{"category":"process","type":"start","code":"1","action":"process-created"},"process":{"name":"powershell.exe","executable":"C:\\Windows\\System32\\WindowsPowerShell\\v1.0\\powershell.exe","command_line":"powershell.exe -File C:\\Company\\Scripts\\Inventory.ps1","entity_id":"7c8133efe2df89ed99cb1531d41a3ea0","pid":3196,"hash":{"sha256":"f5ed1dec4216f1b4af318118775c8e00e25676cf4ded2a99bb1afe40d14c8b01"},"parent":{"name":"taskeng.exe","executable":"C:\\Windows\\System32\\taskeng.exe","command_line":"taskeng.exe {A1B2-C3D4}","entity_id":"d90a6f72ac0cef2e1e718a898555b616","pid":1396}}}
{"@timestamp":"2026-07-10T12:42:52Z","host":{"name":"WS-FIN-023","id":"bbf9a520210632f02f6c807c1b796c30","os":{"type":"windows"}},"user":{"name":"m.iyer","domain":"NEXUS","id":"81af19ed413300b2bd1731334525adc5"},"winlog":{"event_id":1,"channel":"Microsoft-Windows-Sysmon/Operational","provider_name":"Microsoft-Windows-Sysmon"},"labels":{"environment":"training-production-sim","sensor":"sysmon","dataset_version":"1.0"},"lab":{"expected":false,"malicious":false,"scenario":"enterprise_baseline","event_uid":"benign-process-0112"},"event":{"category":"process","type":"start","code":"1","action":"process-created"},"process":{"name":"certutil.exe","executable":"C:\\Windows\\System32\\certutil.exe","command_line":"certutil.exe -verify C:\\Company\\Certificates\\vpn.cer","entity_id":"261fbb01c513535d5340cb29bd26a971","pid":3112,"hash":{"sha256":"f80f6bd62952af830c556db654f4a29b55de878e7dddb4070d68bf683ee97751"},"parent":{"name":"mmc.exe","executable":"C:\\Windows\\System32\\mmc.exe","command_line":"mmc.exe certlm.msc","entity_id":"af71fd75716343cc7f6d622d9f70638f","pid":1312}}}
{"@timestamp":"2026-07-10T12:43:08Z","host":{"name":"WS-FIN-023","id":"bbf9a520210632f02f6c807c1b796c30","os":{"type":"windows"}},"user":{"name":"svc_backup","domain":"NEXUS","id":"34f8d28bdfa993c614df456a860fc6a2"},"winlog":{"event_id":1,"channel":"Microsoft-Windows-Sysmon/Operational","provider_name":"Microsoft-Windows-Sysmon"},"labels":{"environment":"training-production-sim","sensor":"sysmon","dataset_version":"1.0"},"lab":{"expected":false,"malicious":false,"scenario":"enterprise_baseline","event_uid":"benign-process-0108"},"event":{"category":"process","type":"start","code":"1","action":"process-created"},"process":{"name":"powershell.exe","executable":"C:\\Windows\\System32\\WindowsPowerShell\\v1.0\\powershell.exe","command_line":"powershell.exe -ExecutionPolicy RemoteSigned -File C:\\Company\\Scripts\\PatchStatus.ps1","entity_id":"64d492474643cc2ed731ebff134b5c66","pid":3108,"hash":{"sha256":"4326b12d5dc205cddc6d30350e8cc4cf4f4e5ab212cd3908beea2f10fa4715b7"},"parent":{"name":"CcmExec.exe","executable":"C:\\Program Files\\Microsoft Configuration Manager\\CcmExec.exe","command_line":"CcmExec.exe","entity_id":"107a53d532380be18b411dc7adb449bb","pid":1308}}}
{"@timestamp":"2026-07-10T12:43:16Z","host":{"name":"SRV-APP-07","id":"143e4582f963bab8386e582a5f16a894","os":{"type":"windows"}},"user":{"name":"r.shah","domain":"NEXUS","id":"c8f64615f746341bfa5f1d2909439da7"},"winlog":{"event_id":1,"channel":"Microsoft-Windows-Sysmon/Operational","provider_name":"Microsoft-Windows-Sysmon"},"labels":{"environment":"training-production-sim","sensor":"sysmon","dataset_version":"1.0"},"lab":{"expected":false,"malicious":false,"scenario":"enterprise_baseline","event_uid":"benign-process-0200"},"event":{"category":"process","type":"start","code":"1","action":"process-created"},"process":{"name":"powershell.exe","executable":"C:\\Windows\\System32\\WindowsPowerShell\\v1.0\\powershell.exe","command_line":"powershell.exe -File C:\\Company\\Scripts\\Inventory.ps1","entity_id":"f3e785c903a12aa7f11afa0a437263d7","pid":3200,"hash":{"sha256":"f5ed1dec4216f1b4af318118775c8e00e25676cf4ded2a99bb1afe40d14c8b01"},"parent":{"name":"taskeng.exe","executable":"C:\\Windows\\System32\\taskeng.exe","command_line":"taskeng.exe {A1B2-C3D4}","entity_id":"bab6d240f811bbdce73eaa47473dd4c0","pid":1400}}}
{"@timestamp":"2026-07-10T12:43:29Z","host":{"name":"SRV-FILE-02","id":"c4601bfdf0fa7b0e622e4278214e3dcf","os":{"type":"windows"}},"user":{"name":"a.kapoor","domain":"NEXUS","id":"c032740b73152d6b8c9bbe46d0abcda0"},"winlog":{"event_id":1,"channel":"Microsoft-Windows-Sysmon/Operational","provider_name":"Microsoft-Windows-Sysmon"},"labels":{"environment":"training-production-sim","sensor":"sysmon","dataset_version":"1.0"},"lab":{"expected":false,"malicious":false,"scenario":"enterprise_baseline","event_uid":"benign-process-0201"},"event":{"category":"process","type":"start","code":"1","action":"process-created"},"process":{"name":"powershell.exe","executable":"C:\\Windows\\System32\\WindowsPowerShell\\v1.0\\powershell.exe","command_line":"powershell.exe -NoProfile Get-Service WinDefend","entity_id":"f865d0ca9e9df7569c0b4ed30ae2ed12","pid":3201,"hash":{"sha256":"06cb8dc4ff9cc7e1588a71503d15d38da541abaec3b295c58a565d7a849bdbce"},"parent":{"name":"explorer.exe","executable":"C:\\Windows\\explorer.exe","command_line":"explorer.exe","entity_id":"c579f61501058b8625d9b655b3673fe3","pid":1401}}}
{"@timestamp":"2026-07-10T12:43:41Z","host":{"name":"WS-FIN-023","id":"bbf9a520210632f02f6c807c1b796c30","os":{"type":"windows"}},"user":{"name":"m.iyer","domain":"NEXUS","id":"81af19ed413300b2bd1731334525adc5"},"winlog":{"event_id":1,"channel":"Microsoft-Windows-Sysmon/Operational","provider_name":"Microsoft-Windows-Sysmon"},"labels":{"environment":"training-production-sim","sensor":"sysmon","dataset_version":"1.0"},"lab":{"expected":false,"malicious":false,"scenario":"enterprise_baseline","event_uid":"benign-process-0105"},"event":{"category":"process","type":"start","code":"1","action":"process-created"},"process":{"name":"powershell.exe","executable":"C:\\Windows\\System32\\WindowsPowerShell\\v1.0\\powershell.exe","command_line":"powershell.exe -NoProfile Get-Service WinDefend","entity_id":"597b265252087ae4867573c7f5539646","pid":3105,"hash":{"sha256":"06cb8dc4ff9cc7e1588a71503d15d38da541abaec3b295c58a565d7a849bdbce"},"parent":{"name":"explorer.exe","executable":"C:\\Windows\\explorer.exe","command_line":"explorer.exe","entity_id":"2abfcf842e6c90bd44d6a9dbf2a0b936","pid":1305}}}
{"@timestamp":"2026-07-10T12:43:44Z","host":{"name":"WS-ENG-042","id":"cbff7ebfb3b5d53d54b01fe4eed9a117","os":{"type":"windows"}},"user":{"name":"r.shah","domain":"NEXUS","id":"c8f64615f746341bfa5f1d2909439da7"},"winlog":{"event_id":1,"channel":"Microsoft-Windows-Sysmon/Operational","provider_name":"Microsoft-Windows-Sysmon"},"labels":{"environment":"training-production-sim","sensor":"sysmon","dataset_version":"1.0"},"lab":{"expected":false,"malicious":false,"scenario":"enterprise_baseline","event_uid":"benign-process-0219"},"event":{"category":"process","type":"start","code":"1","action":"process-created"},"process":{"name":"certutil.exe","executable":"C:\\Windows\\System32\\certutil.exe","command_line":"certutil.exe -verify C:\\Company\\Certificates\\vpn.cer","entity_id":"3e5d62c242fdc9f1c1daf63516bd1c6b","pid":3219,"hash":{"sha256":"f80f6bd62952af830c556db654f4a29b55de878e7dddb4070d68bf683ee97751"},"parent":{"name":"mmc.exe","executable":"C:\\Windows\\System32\\mmc.exe","command_line":"mmc.exe certlm.msc","entity_id":"c65bdc1fd60ee2a3ae871407f9c29c60","pid":1419}}}
{"@timestamp":"2026-07-10T12:43:56Z","host":{"name":"WS-ENG-042","id":"cbff7ebfb3b5d53d54b01fe4eed9a117","os":{"type":"windows"}},"user":{"name":"svc_sccm","domain":"NEXUS","id":"2550706d2550ba5a4d6699e77d98f6df"},"winlog":{"event_id":1,"channel":"Microsoft-Windows-Sysmon/Operational","provider_name":"Microsoft-Windows-Sysmon"},"labels":{"environment":"training-production-sim","sensor":"sysmon","dataset_version":"1.0"},"lab":{"expected":false,"malicious":false,"scenario":"enterprise_baseline","event_uid":"benign-process-0165"},"event":{"category":"process","type":"start","code":"1","action":"process-created"},"process":{"name":"cmd.exe","executable":"C:\\Windows\\System32\\cmd.exe","command_line":"cmd.exe /c ipconfig /all","entity_id":"8b197e4343e48622c16d79f634d7e7c3","pid":3165,"hash":{"sha256":"f6892cfdcf96ea9cf30d89e4a515f57de20c491674cbf68fb46588294cbe0337"},"parent":{"name":"explorer.exe","executable":"C:\\Windows\\explorer.exe","command_line":"explorer.exe","entity_id":"d832a52d7ab072bd5ffe6ab8ceab64a9","pid":1365}}}
{"@timestamp":"2026-07-10T12:43:57Z","host":{"name":"WS-ENG-042","id":"cbff7ebfb3b5d53d54b01fe4eed9a117","os":{"type":"windows"}},"user":{"name":"svc_sccm","domain":"NEXUS","id":"2550706d2550ba5a4d6699e77d98f6df"},"winlog":{"event_id":3,"channel":"Microsoft-Windows-Sysmon/Operational","provider_name":"Microsoft-Windows-Sysmon"},"labels":{"environment":"training-production-sim","sensor":"sysmon","dataset_version":"1.0"},"lab":{"expected":false,"malicious":false,"scenario":"enterprise_baseline","event_uid":"a75fdf7472b5d897c58d353cd6c866f7"},"event":{"category":"network","type":"connection","code":"3","action":"network-connection"},"process":{"name":"cmd.exe","executable":"C:\\Windows\\System32\\cmd.exe","entity_id":"629c21017a9e47db7d6f437c9c11d5bf","pid":3165},"source":{"ip":"10.20.4.23","port":51542},"destination":{"ip":"192.0.2.25","port":443,"domain":"management.nexus.example"},"network":{"transport":"tcp","direction":"egress"}}
{"@timestamp":"2026-07-10T12:45:26Z","host":{"name":"WS-FIN-023","id":"bbf9a520210632f02f6c807c1b796c30","os":{"type":"windows"}},"user":{"name":"j.singh","domain":"NEXUS","id":"23db57ce76ce9f4e0e4c0c6830a536e2"},"winlog":{"event_id":1,"channel":"Microsoft-Windows-Sysmon/Operational","provider_name":"Microsoft-Windows-Sysmon"},"labels":{"environment":"training-production-sim","sensor":"sysmon","dataset_version":"1.0"},"lab":{"expected":false,"malicious":false,"scenario":"enterprise_baseline","event_uid":"benign-process-0130"},"event":{"category":"process","type":"start","code":"1","action":"process-created"},"process":{"name":"certutil.exe","executable":"C:\\Windows\\System32\\certutil.exe","command_line":"certutil.exe -verify C:\\Company\\Certificates\\vpn.cer","entity_id":"e1eb867b8a09badec495b74f9c41b5d4","pid":3130,"hash":{"sha256":"f80f6bd62952af830c556db654f4a29b55de878e7dddb4070d68bf683ee97751"},"parent":{"name":"mmc.exe","executable":"C:\\Windows\\System32\\mmc.exe","command_line":"mmc.exe certlm.msc","entity_id":"7df0200cfc33e0dc7eec9a1c6897e8be","pid":1330}}}
{"@timestamp":"2026-07-10T12:45:32Z","host":{"name":"WS-ENG-042","id":"cbff7ebfb3b5d53d54b01fe4eed9a117","os":{"type":"windows"}},"user":{"name":"m.iyer","domain":"NEXUS","id":"81af19ed413300b2bd1731334525adc5"},"winlog":{"event_id":1,"channel":"Microsoft-Windows-Sysmon/Operational","provider_name":"Microsoft-Windows-Sysmon"},"labels":{"environment":"training-production-sim","sensor":"sysmon","dataset_version":"1.0"},"lab":{"expected":false,"malicious":false,"scenario":"enterprise_baseline","event_uid":"benign-process-0152"},"event":{"category":"process","type":"start","code":"1","action":"process-created"},"process":{"name":"powershell.exe","executable":"C:\\Windows\\System32\\WindowsPowerShell\\v1.0\\powershell.exe","command_line":"powershell.exe -NoProfile Get-Service WinDefend","entity_id":"fa76d8bcf26c301f63f504dd498a0ad8","pid":3152,"hash":{"sha256":"06cb8dc4ff9cc7e1588a71503d15d38da541abaec3b295c58a565d7a849bdbce"},"parent":{"name":"explorer.exe","executable":"C:\\Windows\\explorer.exe","command_line":"explorer.exe","entity_id":"4dab248a8423c438d13de4fdf52f2728","pid":1352}}}
{"@timestamp":"2026-07-10T12:45:32Z","host":{"name":"WS-FIN-023","id":"bbf9a520210632f02f6c807c1b796c30","os":{"type":"windows"}},"user":{"name":"r.shah","domain":"NEXUS","id":"c8f64615f746341bfa5f1d2909439da7"},"winlog":{"event_id":1,"channel":"Microsoft-Windows-Sysmon/Operational","provider_name":"Microsoft-Windows-Sysmon"},"labels":{"environment":"training-production-sim","sensor":"sysmon","dataset_version":"1.0"},"lab":{"expected":false,"malicious":false,"scenario":"enterprise_baseline","event_uid":"benign-process-0171"},"event":{"category":"process","type":"start","code":"1","action":"process-created"},"process":{"name":"powershell.exe","executable":"C:\\Windows\\System32\\WindowsPowerShell\\v1.0\\powershell.exe","command_line":"powershell.exe -ExecutionPolicy RemoteSigned -File C:\\Company\\Scripts\\PatchStatus.ps1","entity_id":"f3c11f2e12ae8035411c33fb84192273","pid":3171,"hash":{"sha256":"4326b12d5dc205cddc6d30350e8cc4cf4f4e5ab212cd3908beea2f10fa4715b7"},"parent":{"name":"CcmExec.exe","executable":"C:\\Program Files\\Microsoft Configuration Manager\\CcmExec.exe","command_line":"CcmExec.exe","entity_id":"9515a3907be099ccd4a625b45ce65aa4","pid":1371}}}
{"@timestamp":"2026-07-10T12:45:39Z","host":{"name":"SRV-FILE-02","id":"c4601bfdf0fa7b0e622e4278214e3dcf","os":{"type":"windows"}},"user":{"name":"j.singh","domain":"NEXUS","id":"23db57ce76ce9f4e0e4c0c6830a536e2"},"winlog":{"event_id":1,"channel":"Microsoft-Windows-Sysmon/Operational","provider_name":"Microsoft-Windows-Sysmon"},"labels":{"environment":"training-production-sim","sensor":"sysmon","dataset_version":"1.0"},"lab":{"expected":false,"malicious":false,"scenario":"enterprise_baseline","event_uid":"benign-process-0211"},"event":{"category":"process","type":"start","code":"1","action":"process-created"},"process":{"name":"wevtutil.exe","executable":"C:\\Windows\\System32\\wevtutil.exe","command_line":"wevtutil.exe qe System /c:20 /f:text","entity_id":"255fb3b8bcee42eecfb74f96d6e0c92d","pid":3211,"hash":{"sha256":"c2c799f58ce579389e83ac5a607797542310a212d2ecac4b66d0a54a9fb9a97c"},"parent":{"name":"cmd.exe","executable":"C:\\Windows\\System32\\cmd.exe","command_line":"cmd.exe /c healthcheck.cmd","entity_id":"36beaa807a90bcafa6105e6536e584d4","pid":1411}}}
{"@timestamp":"2026-07-10T12:45:51Z","host":{"name":"SRV-FILE-02","id":"c4601bfdf0fa7b0e622e4278214e3dcf","os":{"type":"windows"}},"user":{"name":"j.singh","domain":"NEXUS","id":"23db57ce76ce9f4e0e4c0c6830a536e2"},"winlog":{"event_id":1,"channel":"Microsoft-Windows-Sysmon/Operational","provider_name":"Microsoft-Windows-Sysmon"},"labels":{"environment":"training-production-sim","sensor":"sysmon","dataset_version":"1.0"},"lab":{"expected":false,"malicious":false,"scenario":"enterprise_baseline","event_uid":"benign-process-0145"},"event":{"category":"process","type":"start","code":"1","action":"process-created"},"process":{"name":"certutil.exe","executable":"C:\\Windows\\System32\\certutil.exe","command_line":"certutil.exe -verify C:\\Company\\Certificates\\vpn.cer","entity_id":"836c5461cf7653e596aab73418053618","pid":3145,"hash":{"sha256":"f80f6bd62952af830c556db654f4a29b55de878e7dddb4070d68bf683ee97751"},"parent":{"name":"mmc.exe","executable":"C:\\Windows\\System32\\mmc.exe","command_line":"mmc.exe certlm.msc","entity_id":"9c2f89c820c79c1efbb57ddd107c643b","pid":1345}}}
{"@timestamp":"2026-07-10T12:46:44Z","host":{"name":"WS-HR-014","id":"ad83321fde080277539f52036ef6b302","os":{"type":"windows"}},"user":{"name":"a.kapoor","domain":"NEXUS","id":"c032740b73152d6b8c9bbe46d0abcda0"},"winlog":{"event_id":1,"channel":"Microsoft-Windows-Sysmon/Operational","provider_name":"Microsoft-Windows-Sysmon"},"labels":{"environment":"training-production-sim","sensor":"sysmon","dataset_version":"1.0"},"lab":{"expected":false,"malicious":false,"scenario":"enterprise_baseline","event_uid":"benign-process-0156"},"event":{"category":"process","type":"start","code":"1","action":"process-created"},"process":{"name":"powershell.exe","executable":"C:\\Windows\\System32\\WindowsPowerShell\\v1.0\\powershell.exe","command_line":"powershell.exe -File C:\\Company\\Scripts\\Inventory.ps1","entity_id":"7f6ae30174add5df9515e7d94779d2da","pid":3156,"hash":{"sha256":"f5ed1dec4216f1b4af318118775c8e00e25676cf4ded2a99bb1afe40d14c8b01"},"parent":{"name":"taskeng.exe","executable":"C:\\Windows\\System32\\taskeng.exe","command_line":"taskeng.exe {A1B2-C3D4}","entity_id":"d3e2fe814801555ebdce3761285f2aa6","pid":1356}}}
{"@timestamp":"2026-07-10T12:46:50Z","host":{"name":"WS-FIN-023","id":"bbf9a520210632f02f6c807c1b796c30","os":{"type":"windows"}},"user":{"name":"svc_backup","domain":"NEXUS","id":"34f8d28bdfa993c614df456a860fc6a2"},"winlog":{"event_id":1,"channel":"Microsoft-Windows-Sysmon/Operational","provider_name":"Microsoft-Windows-Sysmon"},"labels":{"environment":"training-production-sim","sensor":"sysmon","dataset_version":"1.0"},"lab":{"expected":false,"malicious":false,"scenario":"enterprise_baseline","event_uid":"benign-process-0134"},"event":{"category":"process","type":"start","code":"1","action":"process-created"},"process":{"name":"certutil.exe","executable":"C:\\Windows\\System32\\certutil.exe","command_line":"certutil.exe -verify C:\\Company\\Certificates\\vpn.cer","entity_id":"a0d82b692ef1e17807cde1d913030660","pid":3134,"hash":{"sha256":"f80f6bd62952af830c556db654f4a29b55de878e7dddb4070d68bf683ee97751"},"parent":{"name":"mmc.exe","executable":"C:\\Windows\\System32\\mmc.exe","command_line":"mmc.exe certlm.msc","entity_id":"49e9a8e0a303d39f979fe1a1d7f0c511","pid":1334}}}
{"@timestamp":"2026-07-10T12:47:04Z","host":{"name":"WS-FIN-023","id":"bbf9a520210632f02f6c807c1b796c30","os":{"type":"windows"}},"user":{"name":"m.iyer","domain":"NEXUS","id":"81af19ed413300b2bd1731334525adc5"},"winlog":{"event_id":1,"channel":"Microsoft-Windows-Sysmon/Operational","provider_name":"Microsoft-Windows-Sysmon"},"labels":{"environment":"training-production-sim","sensor":"sysmon","dataset_version":"1.0"},"lab":{"expected":false,"malicious":false,"scenario":"enterprise_baseline","event_uid":"benign-process-0202"},"event":{"category":"process","type":"start","code":"1","action":"process-created"},"process":{"name":"powershell.exe","executable":"C:\\Windows\\System32\\WindowsPowerShell\\v1.0\\powershell.exe","command_line":"powershell.exe -ExecutionPolicy RemoteSigned -File C:\\Company\\Scripts\\PatchStatus.ps1","entity_id":"931abb08c24cfbfe40b85bd4e6c24cb7","pid":3202,"hash":{"sha256":"4326b12d5dc205cddc6d30350e8cc4cf4f4e5ab212cd3908beea2f10fa4715b7"},"parent":{"name":"CcmExec.exe","executable":"C:\\Program Files\\Microsoft Configuration Manager\\CcmExec.exe","command_line":"CcmExec.exe","entity_id":"4cfa1d697c586f4c649bd79ca51757e1","pid":1402}}}
{"@timestamp":"2026-07-10T12:47:05Z","host":{"name":"WS-ENG-042","id":"cbff7ebfb3b5d53d54b01fe4eed9a117","os":{"type":"windows"}},"user":{"name":"svc_sccm","domain":"NEXUS","id":"2550706d2550ba5a4d6699e77d98f6df"},"winlog":{"event_id":1,"channel":"Microsoft-Windows-Sysmon/Operational","provider_name":"Microsoft-Windows-Sysmon"},"labels":{"environment":"training-production-sim","sensor":"sysmon","dataset_version":"1.0"},"lab":{"expected":false,"malicious":false,"scenario":"enterprise_baseline","event_uid":"benign-process-0123"},"event":{"category":"process","type":"start","code":"1","action":"process-created"},"process":{"name":"wevtutil.exe","executable":"C:\\Windows\\System32\\wevtutil.exe","command_line":"wevtutil.exe qe System /c:20 /f:text","entity_id":"51a25b7787715ef235266305ac2fa350","pid":3123,"hash":{"sha256":"c2c799f58ce579389e83ac5a607797542310a212d2ecac4b66d0a54a9fb9a97c"},"parent":{"name":"cmd.exe","executable":"C:\\Windows\\System32\\cmd.exe","command_line":"cmd.exe /c healthcheck.cmd","entity_id":"9ef08cd0c05de52145ae6c6fe3f73161","pid":1323}}}
{"@timestamp":"2026-07-10T12:47:07Z","host":{"name":"WS-ENG-042","id":"cbff7ebfb3b5d53d54b01fe4eed9a117","os":{"type":"windows"}},"user":{"name":"j.singh","domain":"NEXUS","id":"23db57ce76ce9f4e0e4c0c6830a536e2"},"winlog":{"event_id":1,"channel":"Microsoft-Windows-Sysmon/Operational","provider_name":"Microsoft-Windows-Sysmon"},"labels":{"environment":"training-production-sim","sensor":"sysmon","dataset_version":"1.0"},"lab":{"expected":false,"malicious":false,"scenario":"enterprise_baseline","event_uid":"benign-process-0149"},"event":{"category":"process","type":"start","code":"1","action":"process-created"},"process":{"name":"powershell.exe","executable":"C:\\Windows\\System32\\WindowsPowerShell\\v1.0\\powershell.exe","command_line":"powershell.exe -File C:\\Company\\Scripts\\Inventory.ps1","entity_id":"9028f4bf54e6ed4f7fdbc0bcdeedb1ce","pid":3149,"hash":{"sha256":"f5ed1dec4216f1b4af318118775c8e00e25676cf4ded2a99bb1afe40d14c8b01"},"parent":{"name":"taskeng.exe","executable":"C:\\Windows\\System32\\taskeng.exe","command_line":"taskeng.exe {A1B2-C3D4}","entity_id":"e8af10d26a62d00d47ef2207f4811b3d","pid":1349}}}
{"@timestamp":"2026-07-10T12:47:28Z","host":{"name":"WS-HR-014","id":"ad83321fde080277539f52036ef6b302","os":{"type":"windows"}},"user":{"name":"m.iyer","domain":"NEXUS","id":"81af19ed413300b2bd1731334525adc5"},"winlog":{"event_id":1,"channel":"Microsoft-Windows-Sysmon/Operational","provider_name":"Microsoft-Windows-Sysmon"},"labels":{"environment":"training-production-sim","sensor":"sysmon","dataset_version":"1.0"},"lab":{"expected":false,"malicious":false,"scenario":"enterprise_baseline","event_uid":"benign-process-0124"},"event":{"category":"process","type":"start","code":"1","action":"process-created"},"process":{"name":"powershell.exe","executable":"C:\\Windows\\System32\\WindowsPowerShell\\v1.0\\powershell.exe","command_line":"powershell.exe -NoProfile Get-Service WinDefend","entity_id":"df61a3b3109fb6867a7542cf317df23a","pid":3124,"hash":{"sha256":"06cb8dc4ff9cc7e1588a71503d15d38da541abaec3b295c58a565d7a849bdbce"},"parent":{"name":"explorer.exe","executable":"C:\\Windows\\explorer.exe","command_line":"explorer.exe","entity_id":"476bf3d95838290dfa879c14553fbfc4","pid":1324}}}
{"@timestamp":"2026-07-10T12:48:40Z","host":{"name":"SRV-APP-07","id":"143e4582f963bab8386e582a5f16a894","os":{"type":"windows"}},"user":{"name":"svc_backup","domain":"NEXUS","id":"34f8d28bdfa993c614df456a860fc6a2"},"winlog":{"event_id":1,"channel":"Microsoft-Windows-Sysmon/Operational","provider_name":"Microsoft-Windows-Sysmon"},"labels":{"environment":"training-production-sim","sensor":"sysmon","dataset_version":"1.0"},"lab":{"expected":false,"malicious":false,"scenario":"enterprise_baseline","event_uid":"benign-process-0172"},"event":{"category":"process","type":"start","code":"1","action":"process-created"},"process":{"name":"powershell.exe","executable":"C:\\Windows\\System32\\WindowsPowerShell\\v1.0\\powershell.exe","command_line":"powershell.exe -ExecutionPolicy RemoteSigned -File C:\\Company\\Scripts\\PatchStatus.ps1","entity_id":"67d352db7bd40fbcad60aa36a7d5da90","pid":3172,"hash":{"sha256":"4326b12d5dc205cddc6d30350e8cc4cf4f4e5ab212cd3908beea2f10fa4715b7"},"parent":{"name":"CcmExec.exe","executable":"C:\\Program Files\\Microsoft Configuration Manager\\CcmExec.exe","command_line":"CcmExec.exe","entity_id":"4e78b4150ecf6d72750d4d22ce42f976","pid":1372}}}
{"@timestamp":"2026-07-10T12:48:41Z","host":{"name":"WS-ENG-042","id":"cbff7ebfb3b5d53d54b01fe4eed9a117","os":{"type":"windows"}},"user":{"name":"m.iyer","domain":"NEXUS","id":"81af19ed413300b2bd1731334525adc5"},"winlog":{"event_id":1,"channel":"Microsoft-Windows-Sysmon/Operational","provider_name":"Microsoft-Windows-Sysmon"},"labels":{"environment":"training-production-sim","sensor":"sysmon","dataset_version":"1.0"},"lab":{"expected":false,"malicious":false,"scenario":"enterprise_baseline","event_uid":"benign-process-0117"},"event":{"category":"process","type":"start","code":"1","action":"process-created"},"process":{"name":"powershell.exe","executable":"C:\\Windows\\System32\\WindowsPowerShell\\v1.0\\powershell.exe","command_line":"powershell.exe -NoProfile Get-Service WinDefend","entity_id":"34a9a1a29b71ff2202eb013bf7191f1d","pid":3117,"hash":{"sha256":"06cb8dc4ff9cc7e1588a71503d15d38da541abaec3b295c58a565d7a849bdbce"},"parent":{"name":"explorer.exe","executable":"C:\\Windows\\explorer.exe","command_line":"explorer.exe","entity_id":"dba06f022b5b466fafc056825773ec84","pid":1317}}}
{"@timestamp":"2026-07-10T12:49:08Z","host":{"name":"SRV-FILE-02","id":"c4601bfdf0fa7b0e622e4278214e3dcf","os":{"type":"windows"}},"user":{"name":"svc_sccm","domain":"NEXUS","id":"2550706d2550ba5a4d6699e77d98f6df"},"winlog":{"event_id":1,"channel":"Microsoft-Windows-Sysmon/Operational","provider_name":"Microsoft-Windows-Sysmon"},"labels":{"environment":"training-production-sim","sensor":"sysmon","dataset_version":"1.0"},"lab":{"expected":false,"malicious":false,"scenario":"enterprise_baseline","event_uid":"benign-process-0164"},"event":{"category":"process","type":"start","code":"1","action":"process-created"},"process":{"name":"powershell.exe","executable":"C:\\Windows\\System32\\WindowsPowerShell\\v1.0\\powershell.exe","command_line":"powershell.exe -NoProfile Get-Service WinDefend","entity_id":"521c805b5f0c8c4b950ccbf40d4244cd","pid":3164,"hash":{"sha256":"06cb8dc4ff9cc7e1588a71503d15d38da541abaec3b295c58a565d7a849bdbce"},"parent":{"name":"explorer.exe","executable":"C:\\Windows\\explorer.exe","command_line":"explorer.exe","entity_id":"0b5df611d35078eb7e453ca8f86f5f32","pid":1364}}}
{"@timestamp":"2026-07-10T12:49:16Z","host":{"name":"WS-FIN-023","id":"bbf9a520210632f02f6c807c1b796c30","os":{"type":"windows"}},"user":{"name":"m.iyer","domain":"NEXUS","id":"81af19ed413300b2bd1731334525adc5"},"winlog":{"event_id":1,"channel":"Microsoft-Windows-Sysmon/Operational","provider_name":"Microsoft-Windows-Sysmon"},"labels":{"environment":"training-production-sim","sensor":"sysmon","dataset_version":"1.0"},"lab":{"expected":false,"malicious":false,"scenario":"enterprise_baseline","event_uid":"benign-process-0185"},"event":{"category":"process","type":"start","code":"1","action":"process-created"},"process":{"name":"powershell.exe","executable":"C:\\Windows\\System32\\WindowsPowerShell\\v1.0\\powershell.exe","command_line":"powershell.exe -File C:\\Company\\Scripts\\Inventory.ps1","entity_id":"9b3e4fb7cc7ac3883e3c8a2ece9b7feb","pid":3185,"hash":{"sha256":"f5ed1dec4216f1b4af318118775c8e00e25676cf4ded2a99bb1afe40d14c8b01"},"parent":{"name":"taskeng.exe","executable":"C:\\Windows\\System32\\taskeng.exe","command_line":"taskeng.exe {A1B2-C3D4}","entity_id":"fc9f3b624a2797bf7d086f6979cc6044","pid":1385}}}
{"@timestamp":"2026-07-10T12:49:17Z","host":{"name":"WS-HR-014","id":"ad83321fde080277539f52036ef6b302","os":{"type":"windows"}},"user":{"name":"svc_sccm","domain":"NEXUS","id":"2550706d2550ba5a4d6699e77d98f6df"},"winlog":{"event_id":1,"channel":"Microsoft-Windows-Sysmon/Operational","provider_name":"Microsoft-Windows-Sysmon"},"labels":{"environment":"training-production-sim","sensor":"sysmon","dataset_version":"1.0"},"lab":{"expected":false,"malicious":false,"scenario":"enterprise_baseline","event_uid":"benign-process-0141"},"event":{"category":"process","type":"start","code":"1","action":"process-created"},"process":{"name":"cmd.exe","executable":"C:\\Windows\\System32\\cmd.exe","command_line":"cmd.exe /c ipconfig /all","entity_id":"de4481140a3ff247081fa16175a19e49","pid":3141,"hash":{"sha256":"f6892cfdcf96ea9cf30d89e4a515f57de20c491674cbf68fb46588294cbe0337"},"parent":{"name":"explorer.exe","executable":"C:\\Windows\\explorer.exe","command_line":"explorer.exe","entity_id":"78e12e5b7db7b98a4cce6eb82aea6fd0","pid":1341}}}
{"@timestamp":"2026-07-10T12:49:39Z","host":{"name":"SRV-FILE-02","id":"c4601bfdf0fa7b0e622e4278214e3dcf","os":{"type":"windows"}},"user":{"name":"m.iyer","domain":"NEXUS","id":"81af19ed413300b2bd1731334525adc5"},"winlog":{"event_id":1,"channel":"Microsoft-Windows-Sysmon/Operational","provider_name":"Microsoft-Windows-Sysmon"},"labels":{"environment":"training-production-sim","sensor":"sysmon","dataset_version":"1.0"},"lab":{"expected":false,"malicious":false,"scenario":"enterprise_baseline","event_uid":"benign-process-0157"},"event":{"category":"process","type":"start","code":"1","action":"process-created"},"process":{"name":"wevtutil.exe","executable":"C:\\Windows\\System32\\wevtutil.exe","command_line":"wevtutil.exe qe System /c:20 /f:text","entity_id":"7bac94a41c1a4d8490c3af444527443b","pid":3157,"hash":{"sha256":"c2c799f58ce579389e83ac5a607797542310a212d2ecac4b66d0a54a9fb9a97c"},"parent":{"name":"cmd.exe","executable":"C:\\Windows\\System32\\cmd.exe","command_line":"cmd.exe /c healthcheck.cmd","entity_id":"049d0125091cb4af5e596f96ff141ce1","pid":1357}}}
{"@timestamp":"2026-07-10T12:49:52Z","host":{"name":"WS-ENG-042","id":"cbff7ebfb3b5d53d54b01fe4eed9a117","os":{"type":"windows"}},"user":{"name":"r.shah","domain":"NEXUS","id":"c8f64615f746341bfa5f1d2909439da7"},"winlog":{"event_id":1,"channel":"Microsoft-Windows-Sysmon/Operational","provider_name":"Microsoft-Windows-Sysmon"},"labels":{"environment":"training-production-sim","sensor":"sysmon","dataset_version":"1.0"},"lab":{"expected":false,"malicious":false,"scenario":"enterprise_baseline","event_uid":"benign-process-0214"},"event":{"category":"process","type":"start","code":"1","action":"process-created"},"process":{"name":"powershell.exe","executable":"C:\\Windows\\System32\\WindowsPowerShell\\v1.0\\powershell.exe","command_line":"powershell.exe -ExecutionPolicy RemoteSigned -File C:\\Company\\Scripts\\PatchStatus.ps1","entity_id":"8f71df9fc98e4242461b41e6eb8edccb","pid":3214,"hash":{"sha256":"4326b12d5dc205cddc6d30350e8cc4cf4f4e5ab212cd3908beea2f10fa4715b7"},"parent":{"name":"CcmExec.exe","executable":"C:\\Program Files\\Microsoft Configuration Manager\\CcmExec.exe","command_line":"CcmExec.exe","entity_id":"8b205dd4d2c7b4c46719861445073f37","pid":1414}}}
{"@timestamp":"2026-07-10T12:50:32Z","host":{"name":"SRV-APP-07","id":"143e4582f963bab8386e582a5f16a894","os":{"type":"windows"}},"user":{"name":"svc_sccm","domain":"NEXUS","id":"2550706d2550ba5a4d6699e77d98f6df"},"winlog":{"event_id":1,"channel":"Microsoft-Windows-Sysmon/Operational","provider_name":"Microsoft-Windows-Sysmon"},"labels":{"environment":"training-production-sim","sensor":"sysmon","dataset_version":"1.0"},"lab":{"expected":false,"malicious":false,"scenario":"enterprise_baseline","event_uid":"benign-process-0132"},"event":{"category":"process","type":"start","code":"1","action":"process-created"},"process":{"name":"powershell.exe","executable":"C:\\Windows\\System32\\WindowsPowerShell\\v1.0\\powershell.exe","command_line":"powershell.exe -ExecutionPolicy RemoteSigned -File C:\\Company\\Scripts\\PatchStatus.ps1","entity_id":"0995881834ee656b162481dea1e57be2","pid":3132,"hash":{"sha256":"4326b12d5dc205cddc6d30350e8cc4cf4f4e5ab212cd3908beea2f10fa4715b7"},"parent":{"name":"CcmExec.exe","executable":"C:\\Program Files\\Microsoft Configuration Manager\\CcmExec.exe","command_line":"CcmExec.exe","entity_id":"5dc6f67a3125abeb058ae5435dd35efc","pid":1332}}}
{"@timestamp":"2026-07-10T12:50:33Z","host":{"name":"SRV-APP-07","id":"143e4582f963bab8386e582a5f16a894","os":{"type":"windows"}},"user":{"name":"svc_sccm","domain":"NEXUS","id":"2550706d2550ba5a4d6699e77d98f6df"},"winlog":{"event_id":3,"channel":"Microsoft-Windows-Sysmon/Operational","provider_name":"Microsoft-Windows-Sysmon"},"labels":{"environment":"training-production-sim","sensor":"sysmon","dataset_version":"1.0"},"lab":{"expected":false,"malicious":false,"scenario":"enterprise_baseline","event_uid":"fd5d53534fd92d709ac8d06bcb0e5619"},"event":{"category":"network","type":"connection","code":"3","action":"network-connection"},"process":{"name":"powershell.exe","executable":"C:\\Windows\\System32\\WindowsPowerShell\\v1.0\\powershell.exe","entity_id":"121852a6e653e85861ea1b357afbce8f","pid":3132},"source":{"ip":"10.20.4.23","port":51542},"destination":{"ip":"192.0.2.25","port":443,"domain":"management.nexus.example"},"network":{"transport":"tcp","direction":"egress"}}
{"@timestamp":"2026-07-10T12:52:00Z","host":{"name":"SRV-FILE-02","id":"c4601bfdf0fa7b0e622e4278214e3dcf","os":{"type":"windows"}},"user":{"name":"m.iyer","domain":"NEXUS","id":"81af19ed413300b2bd1731334525adc5"},"winlog":{"event_id":1,"channel":"Microsoft-Windows-Sysmon/Operational","provider_name":"Microsoft-Windows-Sysmon"},"labels":{"environment":"training-production-sim","sensor":"sysmon","dataset_version":"1.0"},"lab":{"expected":false,"malicious":false,"scenario":"enterprise_baseline","event_uid":"benign-process-0142"},"event":{"category":"process","type":"start","code":"1","action":"process-created"},"process":{"name":"powershell.exe","executable":"C:\\Windows\\System32\\WindowsPowerShell\\v1.0\\powershell.exe","command_line":"powershell.exe -File C:\\Company\\Scripts\\Inventory.ps1","entity_id":"4225c7cf155893553c95ee9eceedb444","pid":3142,"hash":{"sha256":"f5ed1dec4216f1b4af318118775c8e00e25676cf4ded2a99bb1afe40d14c8b01"},"parent":{"name":"taskeng.exe","executable":"C:\\Windows\\System32\\taskeng.exe","command_line":"taskeng.exe {A1B2-C3D4}","entity_id":"e3c268a19ac3a9b2df21ac2114f9ddba","pid":1342}}}
{"@timestamp":"2026-07-10T12:52:38Z","host":{"name":"WS-ENG-042","id":"cbff7ebfb3b5d53d54b01fe4eed9a117","os":{"type":"windows"}},"user":{"name":"r.shah","domain":"NEXUS","id":"c8f64615f746341bfa5f1d2909439da7"},"winlog":{"event_id":1,"channel":"Microsoft-Windows-Sysmon/Operational","provider_name":"Microsoft-Windows-Sysmon"},"labels":{"environment":"training-production-sim","sensor":"sysmon","dataset_version":"1.0"},"lab":{"expected":false,"malicious":false,"scenario":"enterprise_baseline","event_uid":"benign-process-0186"},"event":{"category":"process","type":"start","code":"1","action":"process-created"},"process":{"name":"powershell.exe","executable":"C:\\Windows\\System32\\WindowsPowerShell\\v1.0\\powershell.exe","command_line":"powershell.exe -File C:\\Company\\Scripts\\Inventory.ps1","entity_id":"bb417da482ad1e7215d1e9c75b5fc0a0","pid":3186,"hash":{"sha256":"f5ed1dec4216f1b4af318118775c8e00e25676cf4ded2a99bb1afe40d14c8b01"},"parent":{"name":"taskeng.exe","executable":"C:\\Windows\\System32\\taskeng.exe","command_line":"taskeng.exe {A1B2-C3D4}","entity_id":"9bcf1af929e533b7569d98c575c0d98c","pid":1386}}}
{"@timestamp":"2026-07-10T12:52:56Z","host":{"name":"WS-HR-014","id":"ad83321fde080277539f52036ef6b302","os":{"type":"windows"}},"user":{"name":"j.singh","domain":"NEXUS","id":"23db57ce76ce9f4e0e4c0c6830a536e2"},"winlog":{"event_id":1,"channel":"Microsoft-Windows-Sysmon/Operational","provider_name":"Microsoft-Windows-Sysmon"},"labels":{"environment":"training-production-sim","sensor":"sysmon","dataset_version":"1.0"},"lab":{"expected":false,"malicious":false,"scenario":"enterprise_baseline","event_uid":"benign-process-0159"},"event":{"category":"process","type":"start","code":"1","action":"process-created"},"process":{"name":"wevtutil.exe","executable":"C:\\Windows\\System32\\wevtutil.exe","command_line":"wevtutil.exe qe System /c:20 /f:text","entity_id":"c8af86a106a30bbbe95ef47990466069","pid":3159,"hash":{"sha256":"c2c799f58ce579389e83ac5a607797542310a212d2ecac4b66d0a54a9fb9a97c"},"parent":{"name":"cmd.exe","executable":"C:\\Windows\\System32\\cmd.exe","command_line":"cmd.exe /c healthcheck.cmd","entity_id":"c247a0d9ee9936a458e1015fb2947090","pid":1359}}}
{"@timestamp":"2026-07-10T12:53:02Z","host":{"name":"SRV-FILE-02","id":"c4601bfdf0fa7b0e622e4278214e3dcf","os":{"type":"windows"}},"user":{"name":"m.iyer","domain":"NEXUS","id":"81af19ed413300b2bd1731334525adc5"},"winlog":{"event_id":1,"channel":"Microsoft-Windows-Sysmon/Operational","provider_name":"Microsoft-Windows-Sysmon"},"labels":{"environment":"training-production-sim","sensor":"sysmon","dataset_version":"1.0"},"lab":{"expected":false,"malicious":false,"scenario":"enterprise_baseline","event_uid":"benign-process-0177"},"event":{"category":"process","type":"start","code":"1","action":"process-created"},"process":{"name":"powershell.exe","executable":"C:\\Windows\\System32\\WindowsPowerShell\\v1.0\\powershell.exe","command_line":"powershell.exe -NoProfile Get-Service WinDefend","entity_id":"566aa398e52f0c8354ce7e7016614c72","pid":3177,"hash":{"sha256":"06cb8dc4ff9cc7e1588a71503d15d38da541abaec3b295c58a565d7a849bdbce"},"parent":{"name":"explorer.exe","executable":"C:\\Windows\\explorer.exe","command_line":"explorer.exe","entity_id":"fdc09c2aac8c9abfc7257d868c5ca5e3","pid":1377}}}
{"@timestamp":"2026-07-10T12:53:16Z","host":{"name":"WS-FIN-023","id":"bbf9a520210632f02f6c807c1b796c30","os":{"type":"windows"}},"user":{"name":"m.iyer","domain":"NEXUS","id":"81af19ed413300b2bd1731334525adc5"},"winlog":{"event_id":1,"channel":"Microsoft-Windows-Sysmon/Operational","provider_name":"Microsoft-Windows-Sysmon"},"labels":{"environment":"training-production-sim","sensor":"sysmon","dataset_version":"1.0"},"lab":{"expected":false,"malicious":false,"scenario":"enterprise_baseline","event_uid":"benign-process-0128"},"event":{"category":"process","type":"start","code":"1","action":"process-created"},"process":{"name":"powershell.exe","executable":"C:\\Windows\\System32\\WindowsPowerShell\\v1.0\\powershell.exe","command_line":"powershell.exe -NoProfile Get-Service WinDefend","entity_id":"5a13b590944095f6ae57dc72f326bcba","pid":3128,"hash":{"sha256":"06cb8dc4ff9cc7e1588a71503d15d38da541abaec3b295c58a565d7a849bdbce"},"parent":{"name":"explorer.exe","executable":"C:\\Windows\\explorer.exe","command_line":"explorer.exe","entity_id":"06fb3418f245036ea05573c1ea465531","pid":1328}}}
{"@timestamp":"2026-07-10T12:55:56Z","host":{"name":"WS-HR-014","id":"ad83321fde080277539f52036ef6b302","os":{"type":"windows"}},"user":{"name":"svc_sccm","domain":"NEXUS","id":"2550706d2550ba5a4d6699e77d98f6df"},"winlog":{"event_id":1,"channel":"Microsoft-Windows-Sysmon/Operational","provider_name":"Microsoft-Windows-Sysmon"},"labels":{"environment":"training-production-sim","sensor":"sysmon","dataset_version":"1.0"},"lab":{"expected":false,"malicious":false,"scenario":"enterprise_baseline","event_uid":"benign-process-0210"},"event":{"category":"process","type":"start","code":"1","action":"process-created"},"process":{"name":"wevtutil.exe","executable":"C:\\Windows\\System32\\wevtutil.exe","command_line":"wevtutil.exe qe System /c:20 /f:text","entity_id":"0da22a2e3d2bde10c6dbe60972b21e51","pid":3210,"hash":{"sha256":"c2c799f58ce579389e83ac5a607797542310a212d2ecac4b66d0a54a9fb9a97c"},"parent":{"name":"cmd.exe","executable":"C:\\Windows\\System32\\cmd.exe","command_line":"cmd.exe /c healthcheck.cmd","entity_id":"ff305d3c5bee52f18fdcdd9f6824ca0e","pid":1410}}}
{"@timestamp":"2026-07-10T12:56:36Z","host":{"name":"WS-FIN-023","id":"bbf9a520210632f02f6c807c1b796c30","os":{"type":"windows"}},"user":{"name":"r.shah","domain":"NEXUS","id":"c8f64615f746341bfa5f1d2909439da7"},"winlog":{"event_id":1,"channel":"Microsoft-Windows-Sysmon/Operational","provider_name":"Microsoft-Windows-Sysmon"},"labels":{"environment":"training-production-sim","sensor":"sysmon","dataset_version":"1.0"},"lab":{"expected":false,"malicious":false,"scenario":"enterprise_baseline","event_uid":"benign-process-0136"},"event":{"category":"process","type":"start","code":"1","action":"process-created"},"process":{"name":"powershell.exe","executable":"C:\\Windows\\System32\\WindowsPowerShell\\v1.0\\powershell.exe","command_line":"powershell.exe -ExecutionPolicy RemoteSigned -File C:\\Company\\Scripts\\PatchStatus.ps1","entity_id":"5022be6f8e503070a164be40ef1b072f","pid":3136,"hash":{"sha256":"4326b12d5dc205cddc6d30350e8cc4cf4f4e5ab212cd3908beea2f10fa4715b7"},"parent":{"name":"CcmExec.exe","executable":"C:\\Program Files\\Microsoft Configuration Manager\\CcmExec.exe","command_line":"CcmExec.exe","entity_id":"7842424f719e12914e994cfe6397ff13","pid":1336}}}
{"@timestamp":"2026-07-10T12:57:32Z","host":{"name":"WS-FIN-023","id":"bbf9a520210632f02f6c807c1b796c30","os":{"type":"windows"}},"user":{"name":"svc_sccm","domain":"NEXUS","id":"2550706d2550ba5a4d6699e77d98f6df"},"winlog":{"event_id":1,"channel":"Microsoft-Windows-Sysmon/Operational","provider_name":"Microsoft-Windows-Sysmon"},"labels":{"environment":"training-production-sim","sensor":"sysmon","dataset_version":"1.0"},"lab":{"expected":false,"malicious":false,"scenario":"enterprise_baseline","event_uid":"benign-process-0192"},"event":{"category":"process","type":"start","code":"1","action":"process-created"},"process":{"name":"powershell.exe","executable":"C:\\Windows\\System32\\WindowsPowerShell\\v1.0\\powershell.exe","command_line":"powershell.exe -NoProfile Get-Service WinDefend","entity_id":"968ce1c073b7dbb6e9999c40b25357f3","pid":3192,"hash":{"sha256":"06cb8dc4ff9cc7e1588a71503d15d38da541abaec3b295c58a565d7a849bdbce"},"parent":{"name":"explorer.exe","executable":"C:\\Windows\\explorer.exe","command_line":"explorer.exe","entity_id":"8e71193e7be63cace72fa4289f3b5d1c","pid":1392}}}
{"@timestamp":"2026-07-10T12:58:16Z","host":{"name":"SRV-FILE-02","id":"c4601bfdf0fa7b0e622e4278214e3dcf","os":{"type":"windows"}},"user":{"name":"svc_sccm","domain":"NEXUS","id":"2550706d2550ba5a4d6699e77d98f6df"},"winlog":{"event_id":1,"channel":"Microsoft-Windows-Sysmon/Operational","provider_name":"Microsoft-Windows-Sysmon"},"labels":{"environment":"training-production-sim","sensor":"sysmon","dataset_version":"1.0"},"lab":{"expected":false,"malicious":false,"scenario":"enterprise_baseline","event_uid":"benign-process-0140"},"event":{"category":"process","type":"start","code":"1","action":"process-created"},"process":{"name":"cmd.exe","executable":"C:\\Windows\\System32\\cmd.exe","command_line":"cmd.exe /c ipconfig /all","entity_id":"d543d4cc71ae1b38f33b60e606ab9274","pid":3140,"hash":{"sha256":"f6892cfdcf96ea9cf30d89e4a515f57de20c491674cbf68fb46588294cbe0337"},"parent":{"name":"explorer.exe","executable":"C:\\Windows\\explorer.exe","command_line":"explorer.exe","entity_id":"45199d82d2ec3e32d0e9b7ee73cb4471","pid":1340}}}
{"@timestamp":"2026-07-10T12:58:20Z","host":{"name":"WS-ENG-042","id":"cbff7ebfb3b5d53d54b01fe4eed9a117","os":{"type":"windows"}},"user":{"name":"svc_sccm","domain":"NEXUS","id":"2550706d2550ba5a4d6699e77d98f6df"},"winlog":{"event_id":1,"channel":"Microsoft-Windows-Sysmon/Operational","provider_name":"Microsoft-Windows-Sysmon"},"labels":{"environment":"training-production-sim","sensor":"sysmon","dataset_version":"1.0"},"lab":{"expected":false,"malicious":false,"scenario":"enterprise_baseline","event_uid":"benign-process-0146"},"event":{"category":"process","type":"start","code":"1","action":"process-created"},"process":{"name":"wevtutil.exe","executable":"C:\\Windows\\System32\\wevtutil.exe","command_line":"wevtutil.exe qe System /c:20 /f:text","entity_id":"f7a1c6c3d28067370cdbe1b248adfcc3","pid":3146,"hash":{"sha256":"c2c799f58ce579389e83ac5a607797542310a212d2ecac4b66d0a54a9fb9a97c"},"parent":{"name":"cmd.exe","executable":"C:\\Windows\\System32\\cmd.exe","command_line":"cmd.exe /c healthcheck.cmd","entity_id":"077188cbfee647d875008bbd3a34fd7e","pid":1346}}}
